/Users/rdonnelly/opencv-build/work/cmake/OpenCVUtils.cmake(131):  foreach(_var PYTHON2_7_15_EXECUTABLE )
   Called from: [4]	/Users/rdonnelly/opencv-build/work/cmake/OpenCVUtils.cmake
                [3]	/Users/rdonnelly/opencv-build/work/cmake/OpenCVDetectPython.cmake
                [2]	/Users/rdonnelly/opencv-build/work/cmake/OpenCVDetectPython.cmake
                [1]	/Users/rdonnelly/opencv-build/work/CMakeLists.txt
/Users/rdonnelly/opencv-build/work/cmake/OpenCVUtils.cmake(132):  if( ${${_var}} STREQUAL   AND DEFINED ENV{${_var}} )
   Called from: [4]	/Users/rdonnelly/opencv-build/work/cmake/OpenCVUtils.cmake
                [3]	/Users/rdonnelly/opencv-build/work/cmake/OpenCVDetectPython.cmake
                [2]	/Users/rdonnelly/opencv-build/work/cmake/OpenCVDetectPython.cmake
                [1]	/Users/rdonnelly/opencv-build/work/CMakeLists.txt
/Users/rdonnelly/opencv-build/work/cmake/OpenCVDetectPython.cmake(37):  if(${executable} )
   Called from: [3]	/Users/rdonnelly/opencv-build/work/cmake/OpenCVDetectPython.cmake
                [2]	/Users/rdonnelly/opencv-build/work/cmake/OpenCVDetectPython.cmake
                [1]	/Users/rdonnelly/opencv-build/work/CMakeLists.txt
/Users/rdonnelly/opencv-build/work/cmake/OpenCVDetectPython.cmake(38):  set(PYTHON_EXECUTABLE ${${executable}} )
   Called from: [3]	/Users/rdonnelly/opencv-build/work/cmake/OpenCVDetectPython.cmake
                [2]	/Users/rdonnelly/opencv-build/work/cmake/OpenCVDetectPython.cmake
                [1]	/Users/rdonnelly/opencv-build/work/CMakeLists.txt
/Users/rdonnelly/opencv-build/work/cmake/OpenCVDetectPython.cmake(41):  if(WIN32 AND NOT ${executable} AND OPENCV_PYTHON_PREFER_WIN32_REGISTRY )
   Called from: [3]	/Users/rdonnelly/opencv-build/work/cmake/OpenCVDetectPython.cmake
                [2]	/Users/rdonnelly/opencv-build/work/cmake/OpenCVDetectPython.cmake
                [1]	/Users/rdonnelly/opencv-build/work/CMakeLists.txt
/Users/rdonnelly/opencv-build/work/cmake/OpenCVDetectPython.cmake(56):  if(preferred_version )
   Called from: [3]	/Users/rdonnelly/opencv-build/work/cmake/OpenCVDetectPython.cmake
                [2]	/Users/rdonnelly/opencv-build/work/cmake/OpenCVDetectPython.cmake
                [1]	/Users/rdonnelly/opencv-build/work/CMakeLists.txt
/Users/rdonnelly/opencv-build/work/cmake/OpenCVDetectPython.cmake(62):  elseif(min_version )
   Called from: [3]	/Users/rdonnelly/opencv-build/work/cmake/OpenCVDetectPython.cmake
                [2]	/Users/rdonnelly/opencv-build/work/cmake/OpenCVDetectPython.cmake
                [1]	/Users/rdonnelly/opencv-build/work/CMakeLists.txt
/Users/rdonnelly/opencv-build/work/cmake/OpenCVDetectPython.cmake(65):  else()
   Called from: [3]	/Users/rdonnelly/opencv-build/work/cmake/OpenCVDetectPython.cmake
                [2]	/Users/rdonnelly/opencv-build/work/cmake/OpenCVDetectPython.cmake
                [1]	/Users/rdonnelly/opencv-build/work/CMakeLists.txt
/Users/rdonnelly/opencv-build/work/cmake/OpenCVDetectPython.cmake(66):  set(__python_package_version  )
   Called from: [3]	/Users/rdonnelly/opencv-build/work/cmake/OpenCVDetectPython.cmake
                [2]	/Users/rdonnelly/opencv-build/work/cmake/OpenCVDetectPython.cmake
                [1]	/Users/rdonnelly/opencv-build/work/CMakeLists.txt
/Users/rdonnelly/opencv-build/work/cmake/OpenCVDetectPython.cmake(67):  find_host_package(PythonInterp )
   Called from: [3]	/Users/rdonnelly/opencv-build/work/cmake/OpenCVDetectPython.cmake
                [2]	/Users/rdonnelly/opencv-build/work/cmake/OpenCVDetectPython.cmake
                [1]	/Users/rdonnelly/opencv-build/work/CMakeLists.txt
/Users/rdonnelly/opencv-build/work/cmake/OpenCVUtils.cmake(102):  find_package(PythonInterp )
   Called from: [4]	/Users/rdonnelly/opencv-build/work/cmake/OpenCVUtils.cmake
                [3]	/Users/rdonnelly/opencv-build/work/cmake/OpenCVDetectPython.cmake
                [2]	/Users/rdonnelly/opencv-build/work/cmake/OpenCVDetectPython.cmake
                [1]	/Users/rdonnelly/opencv-build/work/CMakeLists.txt
/Users/rdonnelly/opencv-build/_build_env/share/cmake-3.12/Modules/FindPythonInterp.cmake(43):  unset(_Python_NAMES )
   Called from: [5]	/Users/rdonnelly/opencv-build/_build_env/share/cmake-3.12/Modules/FindPythonInterp.cmake
                [4]	/Users/rdonnelly/opencv-build/work/cmake/OpenCVUtils.cmake
                [3]	/Users/rdonnelly/opencv-build/work/cmake/OpenCVDetectPython.cmake
                [2]	/Users/rdonnelly/opencv-build/work/cmake/OpenCVDetectPython.cmake
                [1]	/Users/rdonnelly/opencv-build/work/CMakeLists.txt
/Users/rdonnelly/opencv-build/_build_env/share/cmake-3.12/Modules/FindPythonInterp.cmake(45):  set(_PYTHON1_VERSIONS 1.6 1.5 )
   Called from: [5]	/Users/rdonnelly/opencv-build/_build_env/share/cmake-3.12/Modules/FindPythonInterp.cmake
                [4]	/Users/rdonnelly/opencv-build/work/cmake/OpenCVUtils.cmake
                [3]	/Users/rdonnelly/opencv-build/work/cmake/OpenCVDetectPython.cmake
                [2]	/Users/rdonnelly/opencv-build/work/cmake/OpenCVDetectPython.cmake
                [1]	/Users/rdonnelly/opencv-build/work/CMakeLists.txt
/Users/rdonnelly/opencv-build/_build_env/share/cmake-3.12/Modules/FindPythonInterp.cmake(46):  set(_PYTHON2_VERSIONS 2.7 2.6 2.5 2.4 2.3 2.2 2.1 2.0 )
   Called from: [5]	/Users/rdonnelly/opencv-build/_build_env/share/cmake-3.12/Modules/FindPythonInterp.cmake
                [4]	/Users/rdonnelly/opencv-build/work/cmake/OpenCVUtils.cmake
                [3]	/Users/rdonnelly/opencv-build/work/cmake/OpenCVDetectPython.cmake
                [2]	/Users/rdonnelly/opencv-build/work/cmake/OpenCVDetectPython.cmake
                [1]	/Users/rdonnelly/opencv-build/work/CMakeLists.txt
/Users/rdonnelly/opencv-build/_build_env/share/cmake-3.12/Modules/FindPythonInterp.cmake(47):  set(_PYTHON3_VERSIONS 3.8 3.7 3.6 3.5 3.4 3.3 3.2 3.1 3.0 )
   Called from: [5]	/Users/rdonnelly/opencv-build/_build_env/share/cmake-3.12/Modules/FindPythonInterp.cmake
                [4]	/Users/rdonnelly/opencv-build/work/cmake/OpenCVUtils.cmake
                [3]	/Users/rdonnelly/opencv-build/work/cmake/OpenCVDetectPython.cmake
                [2]	/Users/rdonnelly/opencv-build/work/cmake/OpenCVDetectPython.cmake
                [1]	/Users/rdonnelly/opencv-build/work/CMakeLists.txt
/Users/rdonnelly/opencv-build/_build_env/share/cmake-3.12/Modules/FindPythonInterp.cmake(49):  if(PythonInterp_FIND_VERSION )
   Called from: [5]	/Users/rdonnelly/opencv-build/_build_env/share/cmake-3.12/Modules/FindPythonInterp.cmake
                [4]	/Users/rdonnelly/opencv-build/work/cmake/OpenCVUtils.cmake
                [3]	/Users/rdonnelly/opencv-build/work/cmake/OpenCVDetectPython.cmake
                [2]	/Users/rdonnelly/opencv-build/work/cmake/OpenCVDetectPython.cmake
                [1]	/Users/rdonnelly/opencv-build/work/CMakeLists.txt
/Users/rdonnelly/opencv-build/_build_env/share/cmake-3.12/Modules/FindPythonInterp.cmake(68):  else()
   Called from: [5]	/Users/rdonnelly/opencv-build/_build_env/share/cmake-3.12/Modules/FindPythonInterp.cmake
                [4]	/Users/rdonnelly/opencv-build/work/cmake/OpenCVUtils.cmake
                [3]	/Users/rdonnelly/opencv-build/work/cmake/OpenCVDetectPython.cmake
                [2]	/Users/rdonnelly/opencv-build/work/cmake/OpenCVDetectPython.cmake
                [1]	/Users/rdonnelly/opencv-build/work/CMakeLists.txt
/Users/rdonnelly/opencv-build/_build_env/share/cmake-3.12/Modules/FindPythonInterp.cmake(69):  set(_PYTHON_FIND_OTHER_VERSIONS ${_PYTHON3_VERSIONS} ${_PYTHON2_VERSIONS} ${_PYTHON1_VERSIONS} )
   Called from: [5]	/Users/rdonnelly/opencv-build/_build_env/share/cmake-3.12/Modules/FindPythonInterp.cmake
                [4]	/Users/rdonnelly/opencv-build/work/cmake/OpenCVUtils.cmake
                [3]	/Users/rdonnelly/opencv-build/work/cmake/OpenCVDetectPython.cmake
                [2]	/Users/rdonnelly/opencv-build/work/cmake/OpenCVDetectPython.cmake
                [1]	/Users/rdonnelly/opencv-build/work/CMakeLists.txt
/Users/rdonnelly/opencv-build/_build_env/share/cmake-3.12/Modules/FindPythonInterp.cmake(71):  find_program(PYTHON_EXECUTABLE NAMES ${_Python_NAMES} )
   Called from: [5]	/Users/rdonnelly/opencv-build/_build_env/share/cmake-3.12/Modules/FindPythonInterp.cmake
                [4]	/Users/rdonnelly/opencv-build/work/cmake/OpenCVUtils.cmake
                [3]	/Users/rdonnelly/opencv-build/work/cmake/OpenCVDetectPython.cmake
                [2]	/Users/rdonnelly/opencv-build/work/cmake/OpenCVDetectPython.cmake
                [1]	/Users/rdonnelly/opencv-build/work/CMakeLists.txt
/Users/rdonnelly/opencv-build/_build_env/share/cmake-3.12/Modules/FindPythonInterp.cmake(75):  set(_Python_VERSIONS ${Python_ADDITIONAL_VERSIONS} )
   Called from: [5]	/Users/rdonnelly/opencv-build/_build_env/share/cmake-3.12/Modules/FindPythonInterp.cmake
                [4]	/Users/rdonnelly/opencv-build/work/cmake/OpenCVUtils.cmake
                [3]	/Users/rdonnelly/opencv-build/work/cmake/OpenCVDetectPython.cmake
                [2]	/Users/rdonnelly/opencv-build/work/cmake/OpenCVDetectPython.cmake
                [1]	/Users/rdonnelly/opencv-build/work/CMakeLists.txt
/Users/rdonnelly/opencv-build/_build_env/share/cmake-3.12/Modules/FindPythonInterp.cmake(79):  if(DEFINED PYTHONLIBS_VERSION_STRING )
   Called from: [5]	/Users/rdonnelly/opencv-build/_build_env/share/cmake-3.12/Modules/FindPythonInterp.cmake
                [4]	/Users/rdonnelly/opencv-build/work/cmake/OpenCVUtils.cmake
                [3]	/Users/rdonnelly/opencv-build/work/cmake/OpenCVDetectPython.cmake
                [2]	/Users/rdonnelly/opencv-build/work/cmake/OpenCVDetectPython.cmake
                [1]	/Users/rdonnelly/opencv-build/work/CMakeLists.txt
/Users/rdonnelly/opencv-build/_build_env/share/cmake-3.12/Modules/FindPythonInterp.cmake(86):  list(APPEND _Python_VERSIONS ; )
   Called from: [5]	/Users/rdonnelly/opencv-build/_build_env/share/cmake-3.12/Modules/FindPythonInterp.cmake
                [4]	/Users/rdonnelly/opencv-build/work/cmake/OpenCVUtils.cmake
                [3]	/Users/rdonnelly/opencv-build/work/cmake/OpenCVDetectPython.cmake
                [2]	/Users/rdonnelly/opencv-build/work/cmake/OpenCVDetectPython.cmake
                [1]	/Users/rdonnelly/opencv-build/work/CMakeLists.txt
/Users/rdonnelly/opencv-build/_build_env/share/cmake-3.12/Modules/FindPythonInterp.cmake(87):  list(APPEND _Python_VERSIONS ${_PYTHON_FIND_OTHER_VERSIONS} )
   Called from: [5]	/Users/rdonnelly/opencv-build/_build_env/share/cmake-3.12/Modules/FindPythonInterp.cmake
                [4]	/Users/rdonnelly/opencv-build/work/cmake/OpenCVUtils.cmake
                [3]	/Users/rdonnelly/opencv-build/work/cmake/OpenCVDetectPython.cmake
                [2]	/Users/rdonnelly/opencv-build/work/cmake/OpenCVDetectPython.cmake
                [1]	/Users/rdonnelly/opencv-build/work/CMakeLists.txt
/Users/rdonnelly/opencv-build/_build_env/share/cmake-3.12/Modules/FindPythonInterp.cmake(89):  unset(_PYTHON_FIND_OTHER_VERSIONS )
   Called from: [5]	/Users/rdonnelly/opencv-build/_build_env/share/cmake-3.12/Modules/FindPythonInterp.cmake
                [4]	/Users/rdonnelly/opencv-build/work/cmake/OpenCVUtils.cmake
                [3]	/Users/rdonnelly/opencv-build/work/cmake/OpenCVDetectPython.cmake
                [2]	/Users/rdonnelly/opencv-build/work/cmake/OpenCVDetectPython.cmake
                [1]	/Users/rdonnelly/opencv-build/work/CMakeLists.txt
/Users/rdonnelly/opencv-build/_build_env/share/cmake-3.12/Modules/FindPythonInterp.cmake(90):  unset(_PYTHON1_VERSIONS )
   Called from: [5]	/Users/rdonnelly/opencv-build/_build_env/share/cmake-3.12/Modules/FindPythonInterp.cmake
                [4]	/Users/rdonnelly/opencv-build/work/cmake/OpenCVUtils.cmake
                [3]	/Users/rdonnelly/opencv-build/work/cmake/OpenCVDetectPython.cmake
                [2]	/Users/rdonnelly/opencv-build/work/cmake/OpenCVDetectPython.cmake
                [1]	/Users/rdonnelly/opencv-build/work/CMakeLists.txt
/Users/rdonnelly/opencv-build/_build_env/share/cmake-3.12/Modules/FindPythonInterp.cmake(91):  unset(_PYTHON2_VERSIONS )
   Called from: [5]	/Users/rdonnelly/opencv-build/_build_env/share/cmake-3.12/Modules/FindPythonInterp.cmake
                [4]	/Users/rdonnelly/opencv-build/work/cmake/OpenCVUtils.cmake
                [3]	/Users/rdonnelly/opencv-build/work/cmake/OpenCVDetectPython.cmake
                [2]	/Users/rdonnelly/opencv-build/work/cmake/OpenCVDetectPython.cmake
                [1]	/Users/rdonnelly/opencv-build/work/CMakeLists.txt
/Users/rdonnelly/opencv-build/_build_env/share/cmake-3.12/Modules/FindPythonInterp.cmake(92):  unset(_PYTHON3_VERSIONS )
   Called from: [5]	/Users/rdonnelly/opencv-build/_build_env/share/cmake-3.12/Modules/FindPythonInterp.cmake
                [4]	/Users/rdonnelly/opencv-build/work/cmake/OpenCVUtils.cmake
                [3]	/Users/rdonnelly/opencv-build/work/cmake/OpenCVDetectPython.cmake
                [2]	/Users/rdonnelly/opencv-build/work/cmake/OpenCVDetectPython.cmake
                [1]	/Users/rdonnelly/opencv-build/work/CMakeLists.txt
/Users/rdonnelly/opencv-build/_build_env/share/cmake-3.12/Modules/FindPythonInterp.cmake(95):  if(NOT PYTHON_EXECUTABLE )
   Called from: [5]	/Users/rdonnelly/opencv-build/_build_env/share/cmake-3.12/Modules/FindPythonInterp.cmake
                [4]	/Users/rdonnelly/opencv-build/work/cmake/OpenCVUtils.cmake
                [3]	/Users/rdonnelly/opencv-build/work/cmake/OpenCVDetectPython.cmake
                [2]	/Users/rdonnelly/opencv-build/work/cmake/OpenCVDetectPython.cmake
                [1]	/Users/rdonnelly/opencv-build/work/CMakeLists.txt
/Users/rdonnelly/opencv-build/_build_env/share/cmake-3.12/Modules/FindPythonInterp.cmake(115):  if(PYTHON_EXECUTABLE )
   Called from: [5]	/Users/rdonnelly/opencv-build/_build_env/share/cmake-3.12/Modules/FindPythonInterp.cmake
                [4]	/Users/rdonnelly/opencv-build/work/cmake/OpenCVUtils.cmake
                [3]	/Users/rdonnelly/opencv-build/work/cmake/OpenCVDetectPython.cmake
                [2]	/Users/rdonnelly/opencv-build/work/cmake/OpenCVDetectPython.cmake
                [1]	/Users/rdonnelly/opencv-build/work/CMakeLists.txt
/Users/rdonnelly/opencv-build/_build_env/share/cmake-3.12/Modules/FindPythonInterp.cmake(116):  execute_process(COMMAND ${PYTHON_EXECUTABLE} -c import sys; sys.stdout.write(';'.join([str(x) for x in sys.version_info[:3]])) OUTPUT_VARIABLE _VERSION RESULT_VARIABLE _PYTHON_VERSION_RESULT ERROR_QUIET )
   Called from: [5]	/Users/rdonnelly/opencv-build/_build_env/share/cmake-3.12/Modules/FindPythonInterp.cmake
                [4]	/Users/rdonnelly/opencv-build/work/cmake/OpenCVUtils.cmake
                [3]	/Users/rdonnelly/opencv-build/work/cmake/OpenCVDetectPython.cmake
                [2]	/Users/rdonnelly/opencv-build/work/cmake/OpenCVDetectPython.cmake
                [1]	/Users/rdonnelly/opencv-build/work/CMakeLists.txt
/Users/rdonnelly/opencv-build/_build_env/share/cmake-3.12/Modules/FindPythonInterp.cmake(121):  if(NOT _PYTHON_VERSION_RESULT )
   Called from: [5]	/Users/rdonnelly/opencv-build/_build_env/share/cmake-3.12/Modules/FindPythonInterp.cmake
                [4]	/Users/rdonnelly/opencv-build/work/cmake/OpenCVUtils.cmake
                [3]	/Users/rdonnelly/opencv-build/work/cmake/OpenCVDetectPython.cmake
                [2]	/Users/rdonnelly/opencv-build/work/cmake/OpenCVDetectPython.cmake
                [1]	/Users/rdonnelly/opencv-build/work/CMakeLists.txt
/Users/rdonnelly/opencv-build/_build_env/share/cmake-3.12/Modules/FindPythonInterp.cmake(122):  string(REPLACE ; . PYTHON_VERSION_STRING ${_VERSION} )
   Called from: [5]	/Users/rdonnelly/opencv-build/_build_env/share/cmake-3.12/Modules/FindPythonInterp.cmake
                [4]	/Users/rdonnelly/opencv-build/work/cmake/OpenCVUtils.cmake
                [3]	/Users/rdonnelly/opencv-build/work/cmake/OpenCVDetectPython.cmake
                [2]	/Users/rdonnelly/opencv-build/work/cmake/OpenCVDetectPython.cmake
                [1]	/Users/rdonnelly/opencv-build/work/CMakeLists.txt
/Users/rdonnelly/opencv-build/_build_env/share/cmake-3.12/Modules/FindPythonInterp.cmake(123):  list(GET _VERSION 0 PYTHON_VERSION_MAJOR )
   Called from: [5]	/Users/rdonnelly/opencv-build/_build_env/share/cmake-3.12/Modules/FindPythonInterp.cmake
                [4]	/Users/rdonnelly/opencv-build/work/cmake/OpenCVUtils.cmake
                [3]	/Users/rdonnelly/opencv-build/work/cmake/OpenCVDetectPython.cmake
                [2]	/Users/rdonnelly/opencv-build/work/cmake/OpenCVDetectPython.cmake
                [1]	/Users/rdonnelly/opencv-build/work/CMakeLists.txt
/Users/rdonnelly/opencv-build/_build_env/share/cmake-3.12/Modules/FindPythonInterp.cmake(124):  list(GET _VERSION 1 PYTHON_VERSION_MINOR )
   Called from: [5]	/Users/rdonnelly/opencv-build/_build_env/share/cmake-3.12/Modules/FindPythonInterp.cmake
                [4]	/Users/rdonnelly/opencv-build/work/cmake/OpenCVUtils.cmake
                [3]	/Users/rdonnelly/opencv-build/work/cmake/OpenCVDetectPython.cmake
                [2]	/Users/rdonnelly/opencv-build/work/cmake/OpenCVDetectPython.cmake
                [1]	/Users/rdonnelly/opencv-build/work/CMakeLists.txt
/Users/rdonnelly/opencv-build/_build_env/share/cmake-3.12/Modules/FindPythonInterp.cmake(125):  list(GET _VERSION 2 PYTHON_VERSION_PATCH )
   Called from: [5]	/Users/rdonnelly/opencv-build/_build_env/share/cmake-3.12/Modules/FindPythonInterp.cmake
                [4]	/Users/rdonnelly/opencv-build/work/cmake/OpenCVUtils.cmake
                [3]	/Users/rdonnelly/opencv-build/work/cmake/OpenCVDetectPython.cmake
                [2]	/Users/rdonnelly/opencv-build/work/cmake/OpenCVDetectPython.cmake
                [1]	/Users/rdonnelly/opencv-build/work/CMakeLists.txt
/Users/rdonnelly/opencv-build/_build_env/share/cmake-3.12/Modules/FindPythonInterp.cmake(126):  if(PYTHON_VERSION_PATCH EQUAL 0 )
   Called from: [5]	/Users/rdonnelly/opencv-build/_build_env/share/cmake-3.12/Modules/FindPythonInterp.cmake
                [4]	/Users/rdonnelly/opencv-build/work/cmake/OpenCVUtils.cmake
                [3]	/Users/rdonnelly/opencv-build/work/cmake/OpenCVDetectPython.cmake
                [2]	/Users/rdonnelly/opencv-build/work/cmake/OpenCVDetectPython.cmake
                [1]	/Users/rdonnelly/opencv-build/work/CMakeLists.txt
/Users/rdonnelly/opencv-build/_build_env/share/cmake-3.12/Modules/FindPythonInterp.cmake(154):  unset(_PYTHON_VERSION_RESULT )
   Called from: [5]	/Users/rdonnelly/opencv-build/_build_env/share/cmake-3.12/Modules/FindPythonInterp.cmake
                [4]	/Users/rdonnelly/opencv-build/work/cmake/OpenCVUtils.cmake
                [3]	/Users/rdonnelly/opencv-build/work/cmake/OpenCVDetectPython.cmake
                [2]	/Users/rdonnelly/opencv-build/work/cmake/OpenCVDetectPython.cmake
                [1]	/Users/rdonnelly/opencv-build/work/CMakeLists.txt
/Users/rdonnelly/opencv-build/_build_env/share/cmake-3.12/Modules/FindPythonInterp.cmake(155):  unset(_VERSION )
   Called from: [5]	/Users/rdonnelly/opencv-build/_build_env/share/cmake-3.12/Modules/FindPythonInterp.cmake
                [4]	/Users/rdonnelly/opencv-build/work/cmake/OpenCVUtils.cmake
                [3]	/Users/rdonnelly/opencv-build/work/cmake/OpenCVDetectPython.cmake
                [2]	/Users/rdonnelly/opencv-build/work/cmake/OpenCVDetectPython.cmake
                [1]	/Users/rdonnelly/opencv-build/work/CMakeLists.txt
/Users/rdonnelly/opencv-build/_build_env/share/cmake-3.12/Modules/FindPythonInterp.cmake(158):  include(${CMAKE_CURRENT_LIST_DIR}/FindPackageHandleStandardArgs.cmake )
   Called from: [5]	/Users/rdonnelly/opencv-build/_build_env/share/cmake-3.12/Modules/FindPythonInterp.cmake
                [4]	/Users/rdonnelly/opencv-build/work/cmake/OpenCVUtils.cmake
                [3]	/Users/rdonnelly/opencv-build/work/cmake/OpenCVDetectPython.cmake
                [2]	/Users/rdonnelly/opencv-build/work/cmake/OpenCVDetectPython.cmake
                [1]	/Users/rdonnelly/opencv-build/work/CMakeLists.txt
/Users/rdonnelly/opencv-build/_build_env/share/cmake-3.12/Modules/FindPackageHandleStandardArgs.cmake(132):  include(${CMAKE_CURRENT_LIST_DIR}/FindPackageMessage.cmake )
   Called from: [6]	/Users/rdonnelly/opencv-build/_build_env/share/cmake-3.12/Modules/FindPackageHandleStandardArgs.cmake
                [5]	/Users/rdonnelly/opencv-build/_build_env/share/cmake-3.12/Modules/FindPythonInterp.cmake
                [4]	/Users/rdonnelly/opencv-build/work/cmake/OpenCVUtils.cmake
                [3]	/Users/rdonnelly/opencv-build/work/cmake/OpenCVDetectPython.cmake
                [2]	/Users/rdonnelly/opencv-build/work/cmake/OpenCVDetectPython.cmake
                [1]	/Users/rdonnelly/opencv-build/work/CMakeLists.txt
/Users/rdonnelly/opencv-build/_build_env/share/cmake-3.12/Modules/FindPackageMessage.cmake(32):  function(FIND_PACKAGE_MESSAGE pkg msg details )
   Called from: [7]	/Users/rdonnelly/opencv-build/_build_env/share/cmake-3.12/Modules/FindPackageMessage.cmake
                [6]	/Users/rdonnelly/opencv-build/_build_env/share/cmake-3.12/Modules/FindPackageHandleStandardArgs.cmake
                [5]	/Users/rdonnelly/opencv-build/_build_env/share/cmake-3.12/Modules/FindPythonInterp.cmake
                [4]	/Users/rdonnelly/opencv-build/work/cmake/OpenCVUtils.cmake
                [3]	/Users/rdonnelly/opencv-build/work/cmake/OpenCVDetectPython.cmake
                [2]	/Users/rdonnelly/opencv-build/work/cmake/OpenCVDetectPython.cmake
                [1]	/Users/rdonnelly/opencv-build/work/CMakeLists.txt
/Users/rdonnelly/opencv-build/_build_env/share/cmake-3.12/Modules/FindPackageHandleStandardArgs.cmake(135):  macro(_FPHSA_FAILURE_MESSAGE _msg )
   Called from: [6]	/Users/rdonnelly/opencv-build/_build_env/share/cmake-3.12/Modules/FindPackageHandleStandardArgs.cmake
                [5]	/Users/rdonnelly/opencv-build/_build_env/share/cmake-3.12/Modules/FindPythonInterp.cmake
                [4]	/Users/rdonnelly/opencv-build/work/cmake/OpenCVUtils.cmake
                [3]	/Users/rdonnelly/opencv-build/work/cmake/OpenCVDetectPython.cmake
                [2]	/Users/rdonnelly/opencv-build/work/cmake/OpenCVDetectPython.cmake
                [1]	/Users/rdonnelly/opencv-build/work/CMakeLists.txt
/Users/rdonnelly/opencv-build/_build_env/share/cmake-3.12/Modules/FindPackageHandleStandardArgs.cmake(147):  macro(_FPHSA_HANDLE_FAILURE_CONFIG_MODE )
   Called from: [6]	/Users/rdonnelly/opencv-build/_build_env/share/cmake-3.12/Modules/FindPackageHandleStandardArgs.cmake
                [5]	/Users/rdonnelly/opencv-build/_build_env/share/cmake-3.12/Modules/FindPythonInterp.cmake
                [4]	/Users/rdonnelly/opencv-build/work/cmake/OpenCVUtils.cmake
                [3]	/Users/rdonnelly/opencv-build/work/cmake/OpenCVDetectPython.cmake
                [2]	/Users/rdonnelly/opencv-build/work/cmake/OpenCVDetectPython.cmake
                [1]	/Users/rdonnelly/opencv-build/work/CMakeLists.txt
/Users/rdonnelly/opencv-build/_build_env/share/cmake-3.12/Modules/FindPackageHandleStandardArgs.cmake(176):  function(FIND_PACKAGE_HANDLE_STANDARD_ARGS _NAME _FIRST_ARG )
   Called from: [6]	/Users/rdonnelly/opencv-build/_build_env/share/cmake-3.12/Modules/FindPackageHandleStandardArgs.cmake
                [5]	/Users/rdonnelly/opencv-build/_build_env/share/cmake-3.12/Modules/FindPythonInterp.cmake
                [4]	/Users/rdonnelly/opencv-build/work/cmake/OpenCVUtils.cmake
                [3]	/Users/rdonnelly/opencv-build/work/cmake/OpenCVDetectPython.cmake
                [2]	/Users/rdonnelly/opencv-build/work/cmake/OpenCVDetectPython.cmake
                [1]	/Users/rdonnelly/opencv-build/work/CMakeLists.txt
/Users/rdonnelly/opencv-build/_build_env/share/cmake-3.12/Modules/FindPythonInterp.cmake(159):  FIND_PACKAGE_HANDLE_STANDARD_ARGS(PythonInterp REQUIRED_VARS PYTHON_EXECUTABLE VERSION_VAR PYTHON_VERSION_STRING )
   Called from: [5]	/Users/rdonnelly/opencv-build/_build_env/share/cmake-3.12/Modules/FindPythonInterp.cmake
                [4]	/Users/rdonnelly/opencv-build/work/cmake/OpenCVUtils.cmake
                [3]	/Users/rdonnelly/opencv-build/work/cmake/OpenCVDetectPython.cmake
                [2]	/Users/rdonnelly/opencv-build/work/cmake/OpenCVDetectPython.cmake
                [1]	/Users/rdonnelly/opencv-build/work/CMakeLists.txt
/Users/rdonnelly/opencv-build/_build_env/share/cmake-3.12/Modules/FindPackageHandleStandardArgs.cmake(179):  set(options CONFIG_MODE HANDLE_COMPONENTS )
   Called from: [6]	/Users/rdonnelly/opencv-build/_build_env/share/cmake-3.12/Modules/FindPackageHandleStandardArgs.cmake
                [5]	/Users/rdonnelly/opencv-build/_build_env/share/cmake-3.12/Modules/FindPythonInterp.cmake
                [4]	/Users/rdonnelly/opencv-build/work/cmake/OpenCVUtils.cmake
                [3]	/Users/rdonnelly/opencv-build/work/cmake/OpenCVDetectPython.cmake
                [2]	/Users/rdonnelly/opencv-build/work/cmake/OpenCVDetectPython.cmake
                [1]	/Users/rdonnelly/opencv-build/work/CMakeLists.txt
/Users/rdonnelly/opencv-build/_build_env/share/cmake-3.12/Modules/FindPackageHandleStandardArgs.cmake(180):  set(oneValueArgs FAIL_MESSAGE VERSION_VAR FOUND_VAR )
   Called from: [6]	/Users/rdonnelly/opencv-build/_build_env/share/cmake-3.12/Modules/FindPackageHandleStandardArgs.cmake
                [5]	/Users/rdonnelly/opencv-build/_build_env/share/cmake-3.12/Modules/FindPythonInterp.cmake
                [4]	/Users/rdonnelly/opencv-build/work/cmake/OpenCVUtils.cmake
                [3]	/Users/rdonnelly/opencv-build/work/cmake/OpenCVDetectPython.cmake
                [2]	/Users/rdonnelly/opencv-build/work/cmake/OpenCVDetectPython.cmake
                [1]	/Users/rdonnelly/opencv-build/work/CMakeLists.txt
/Users/rdonnelly/opencv-build/_build_env/share/cmake-3.12/Modules/FindPackageHandleStandardArgs.cmake(181):  set(multiValueArgs REQUIRED_VARS )
   Called from: [6]	/Users/rdonnelly/opencv-build/_build_env/share/cmake-3.12/Modules/FindPackageHandleStandardArgs.cmake
                [5]	/Users/rdonnelly/opencv-build/_build_env/share/cmake-3.12/Modules/FindPythonInterp.cmake
                [4]	/Users/rdonnelly/opencv-build/work/cmake/OpenCVUtils.cmake
                [3]	/Users/rdonnelly/opencv-build/work/cmake/OpenCVDetectPython.cmake
                [2]	/Users/rdonnelly/opencv-build/work/cmake/OpenCVDetectPython.cmake
                [1]	/Users/rdonnelly/opencv-build/work/CMakeLists.txt
/Users/rdonnelly/opencv-build/_build_env/share/cmake-3.12/Modules/FindPackageHandleStandardArgs.cmake(184):  set(_KEYWORDS_FOR_EXTENDED_MODE ${options} ${oneValueArgs} ${multiValueArgs} )
   Called from: [6]	/Users/rdonnelly/opencv-build/_build_env/share/cmake-3.12/Modules/FindPackageHandleStandardArgs.cmake
                [5]	/Users/rdonnelly/opencv-build/_build_env/share/cmake-3.12/Modules/FindPythonInterp.cmake
                [4]	/Users/rdonnelly/opencv-build/work/cmake/OpenCVUtils.cmake
                [3]	/Users/rdonnelly/opencv-build/work/cmake/OpenCVDetectPython.cmake
                [2]	/Users/rdonnelly/opencv-build/work/cmake/OpenCVDetectPython.cmake
                [1]	/Users/rdonnelly/opencv-build/work/CMakeLists.txt
/Users/rdonnelly/opencv-build/_build_env/share/cmake-3.12/Modules/FindPackageHandleStandardArgs.cmake(185):  list(FIND _KEYWORDS_FOR_EXTENDED_MODE ${_FIRST_ARG} INDEX )
   Called from: [6]	/Users/rdonnelly/opencv-build/_build_env/share/cmake-3.12/Modules/FindPackageHandleStandardArgs.cmake
                [5]	/Users/rdonnelly/opencv-build/_build_env/share/cmake-3.12/Modules/FindPythonInterp.cmake
                [4]	/Users/rdonnelly/opencv-build/work/cmake/OpenCVUtils.cmake
                [3]	/Users/rdonnelly/opencv-build/work/cmake/OpenCVDetectPython.cmake
                [2]	/Users/rdonnelly/opencv-build/work/cmake/OpenCVDetectPython.cmake
                [1]	/Users/rdonnelly/opencv-build/work/CMakeLists.txt
/Users/rdonnelly/opencv-build/_build_env/share/cmake-3.12/Modules/FindPackageHandleStandardArgs.cmake(187):  if(${INDEX} EQUAL -1 )
   Called from: [6]	/Users/rdonnelly/opencv-build/_build_env/share/cmake-3.12/Modules/FindPackageHandleStandardArgs.cmake
                [5]	/Users/rdonnelly/opencv-build/_build_env/share/cmake-3.12/Modules/FindPythonInterp.cmake
                [4]	/Users/rdonnelly/opencv-build/work/cmake/OpenCVUtils.cmake
                [3]	/Users/rdonnelly/opencv-build/work/cmake/OpenCVDetectPython.cmake
                [2]	/Users/rdonnelly/opencv-build/work/cmake/OpenCVDetectPython.cmake
                [1]	/Users/rdonnelly/opencv-build/work/CMakeLists.txt
/Users/rdonnelly/opencv-build/_build_env/share/cmake-3.12/Modules/FindPackageHandleStandardArgs.cmake(191):  else()
   Called from: [6]	/Users/rdonnelly/opencv-build/_build_env/share/cmake-3.12/Modules/FindPackageHandleStandardArgs.cmake
                [5]	/Users/rdonnelly/opencv-build/_build_env/share/cmake-3.12/Modules/FindPythonInterp.cmake
                [4]	/Users/rdonnelly/opencv-build/work/cmake/OpenCVUtils.cmake
                [3]	/Users/rdonnelly/opencv-build/work/cmake/OpenCVDetectPython.cmake
                [2]	/Users/rdonnelly/opencv-build/work/cmake/OpenCVDetectPython.cmake
                [1]	/Users/rdonnelly/opencv-build/work/CMakeLists.txt
/Users/rdonnelly/opencv-build/_build_env/share/cmake-3.12/Modules/FindPackageHandleStandardArgs.cmake(192):  cmake_parse_arguments(FPHSA ${options} ${oneValueArgs} ${multiValueArgs} ${_FIRST_ARG} ${ARGN} )
   Called from: [6]	/Users/rdonnelly/opencv-build/_build_env/share/cmake-3.12/Modules/FindPackageHandleStandardArgs.cmake
                [5]	/Users/rdonnelly/opencv-build/_build_env/share/cmake-3.12/Modules/FindPythonInterp.cmake
                [4]	/Users/rdonnelly/opencv-build/work/cmake/OpenCVUtils.cmake
                [3]	/Users/rdonnelly/opencv-build/work/cmake/OpenCVDetectPython.cmake
                [2]	/Users/rdonnelly/opencv-build/work/cmake/OpenCVDetectPython.cmake
                [1]	/Users/rdonnelly/opencv-build/work/CMakeLists.txt
/Users/rdonnelly/opencv-build/_build_env/share/cmake-3.12/Modules/FindPackageHandleStandardArgs.cmake(194):  if(FPHSA_UNPARSED_ARGUMENTS )
   Called from: [6]	/Users/rdonnelly/opencv-build/_build_env/share/cmake-3.12/Modules/FindPackageHandleStandardArgs.cmake
                [5]	/Users/rdonnelly/opencv-build/_build_env/share/cmake-3.12/Modules/FindPythonInterp.cmake
                [4]	/Users/rdonnelly/opencv-build/work/cmake/OpenCVUtils.cmake
                [3]	/Users/rdonnelly/opencv-build/work/cmake/OpenCVDetectPython.cmake
                [2]	/Users/rdonnelly/opencv-build/work/cmake/OpenCVDetectPython.cmake
                [1]	/Users/rdonnelly/opencv-build/work/CMakeLists.txt
/Users/rdonnelly/opencv-build/_build_env/share/cmake-3.12/Modules/FindPackageHandleStandardArgs.cmake(198):  if(NOT FPHSA_FAIL_MESSAGE )
   Called from: [6]	/Users/rdonnelly/opencv-build/_build_env/share/cmake-3.12/Modules/FindPackageHandleStandardArgs.cmake
                [5]	/Users/rdonnelly/opencv-build/_build_env/share/cmake-3.12/Modules/FindPythonInterp.cmake
                [4]	/Users/rdonnelly/opencv-build/work/cmake/OpenCVUtils.cmake
                [3]	/Users/rdonnelly/opencv-build/work/cmake/OpenCVDetectPython.cmake
                [2]	/Users/rdonnelly/opencv-build/work/cmake/OpenCVDetectPython.cmake
                [1]	/Users/rdonnelly/opencv-build/work/CMakeLists.txt
/Users/rdonnelly/opencv-build/_build_env/share/cmake-3.12/Modules/FindPackageHandleStandardArgs.cmake(199):  set(FPHSA_FAIL_MESSAGE DEFAULT_MSG )
   Called from: [6]	/Users/rdonnelly/opencv-build/_build_env/share/cmake-3.12/Modules/FindPackageHandleStandardArgs.cmake
                [5]	/Users/rdonnelly/opencv-build/_build_env/share/cmake-3.12/Modules/FindPythonInterp.cmake
                [4]	/Users/rdonnelly/opencv-build/work/cmake/OpenCVUtils.cmake
                [3]	/Users/rdonnelly/opencv-build/work/cmake/OpenCVDetectPython.cmake
                [2]	/Users/rdonnelly/opencv-build/work/cmake/OpenCVDetectPython.cmake
                [1]	/Users/rdonnelly/opencv-build/work/CMakeLists.txt
/Users/rdonnelly/opencv-build/_build_env/share/cmake-3.12/Modules/FindPackageHandleStandardArgs.cmake(204):  if(FPHSA_CONFIG_MODE )
   Called from: [6]	/Users/rdonnelly/opencv-build/_build_env/share/cmake-3.12/Modules/FindPackageHandleStandardArgs.cmake
                [5]	/Users/rdonnelly/opencv-build/_build_env/share/cmake-3.12/Modules/FindPythonInterp.cmake
                [4]	/Users/rdonnelly/opencv-build/work/cmake/OpenCVUtils.cmake
                [3]	/Users/rdonnelly/opencv-build/work/cmake/OpenCVDetectPython.cmake
                [2]	/Users/rdonnelly/opencv-build/work/cmake/OpenCVDetectPython.cmake
                [1]	/Users/rdonnelly/opencv-build/work/CMakeLists.txt
/Users/rdonnelly/opencv-build/_build_env/share/cmake-3.12/Modules/FindPackageHandleStandardArgs.cmake(210):  if(NOT FPHSA_REQUIRED_VARS )
   Called from: [6]	/Users/rdonnelly/opencv-build/_build_env/share/cmake-3.12/Modules/FindPackageHandleStandardArgs.cmake
                [5]	/Users/rdonnelly/opencv-build/_build_env/share/cmake-3.12/Modules/FindPythonInterp.cmake
                [4]	/Users/rdonnelly/opencv-build/work/cmake/OpenCVUtils.cmake
                [3]	/Users/rdonnelly/opencv-build/work/cmake/OpenCVDetectPython.cmake
                [2]	/Users/rdonnelly/opencv-build/work/cmake/OpenCVDetectPython.cmake
                [1]	/Users/rdonnelly/opencv-build/work/CMakeLists.txt
/Users/rdonnelly/opencv-build/_build_env/share/cmake-3.12/Modules/FindPackageHandleStandardArgs.cmake(217):  if(x${FPHSA_FAIL_MESSAGE} STREQUAL xDEFAULT_MSG )
   Called from: [6]	/Users/rdonnelly/opencv-build/_build_env/share/cmake-3.12/Modules/FindPackageHandleStandardArgs.cmake
                [5]	/Users/rdonnelly/opencv-build/_build_env/share/cmake-3.12/Modules/FindPythonInterp.cmake
                [4]	/Users/rdonnelly/opencv-build/work/cmake/OpenCVUtils.cmake
                [3]	/Users/rdonnelly/opencv-build/work/cmake/OpenCVDetectPython.cmake
                [2]	/Users/rdonnelly/opencv-build/work/cmake/OpenCVDetectPython.cmake
                [1]	/Users/rdonnelly/opencv-build/work/CMakeLists.txt
/Users/rdonnelly/opencv-build/_build_env/share/cmake-3.12/Modules/FindPackageHandleStandardArgs.cmake(218):  set(FPHSA_FAIL_MESSAGE Could NOT find ${_NAME} )
   Called from: [6]	/Users/rdonnelly/opencv-build/_build_env/share/cmake-3.12/Modules/FindPackageHandleStandardArgs.cmake
                [5]	/Users/rdonnelly/opencv-build/_build_env/share/cmake-3.12/Modules/FindPythonInterp.cmake
                [4]	/Users/rdonnelly/opencv-build/work/cmake/OpenCVUtils.cmake
                [3]	/Users/rdonnelly/opencv-build/work/cmake/OpenCVDetectPython.cmake
                [2]	/Users/rdonnelly/opencv-build/work/cmake/OpenCVDetectPython.cmake
                [1]	/Users/rdonnelly/opencv-build/work/CMakeLists.txt
/Users/rdonnelly/opencv-build/_build_env/share/cmake-3.12/Modules/FindPackageHandleStandardArgs.cmake(221):  list(GET FPHSA_REQUIRED_VARS 0 _FIRST_REQUIRED_VAR )
   Called from: [6]	/Users/rdonnelly/opencv-build/_build_env/share/cmake-3.12/Modules/FindPackageHandleStandardArgs.cmake
                [5]	/Users/rdonnelly/opencv-build/_build_env/share/cmake-3.12/Modules/FindPythonInterp.cmake
                [4]	/Users/rdonnelly/opencv-build/work/cmake/OpenCVUtils.cmake
                [3]	/Users/rdonnelly/opencv-build/work/cmake/OpenCVDetectPython.cmake
                [2]	/Users/rdonnelly/opencv-build/work/cmake/OpenCVDetectPython.cmake
                [1]	/Users/rdonnelly/opencv-build/work/CMakeLists.txt
/Users/rdonnelly/opencv-build/_build_env/share/cmake-3.12/Modules/FindPackageHandleStandardArgs.cmake(223):  string(TOUPPER ${_NAME} _NAME_UPPER )
   Called from: [6]	/Users/rdonnelly/opencv-build/_build_env/share/cmake-3.12/Modules/FindPackageHandleStandardArgs.cmake
                [5]	/Users/rdonnelly/opencv-build/_build_env/share/cmake-3.12/Modules/FindPythonInterp.cmake
                [4]	/Users/rdonnelly/opencv-build/work/cmake/OpenCVUtils.cmake
                [3]	/Users/rdonnelly/opencv-build/work/cmake/OpenCVDetectPython.cmake
                [2]	/Users/rdonnelly/opencv-build/work/cmake/OpenCVDetectPython.cmake
                [1]	/Users/rdonnelly/opencv-build/work/CMakeLists.txt
/Users/rdonnelly/opencv-build/_build_env/share/cmake-3.12/Modules/FindPackageHandleStandardArgs.cmake(224):  string(TOLOWER ${_NAME} _NAME_LOWER )
   Called from: [6]	/Users/rdonnelly/opencv-build/_build_env/share/cmake-3.12/Modules/FindPackageHandleStandardArgs.cmake
                [5]	/Users/rdonnelly/opencv-build/_build_env/share/cmake-3.12/Modules/FindPythonInterp.cmake
                [4]	/Users/rdonnelly/opencv-build/work/cmake/OpenCVUtils.cmake
                [3]	/Users/rdonnelly/opencv-build/work/cmake/OpenCVDetectPython.cmake
                [2]	/Users/rdonnelly/opencv-build/work/cmake/OpenCVDetectPython.cmake
                [1]	/Users/rdonnelly/opencv-build/work/CMakeLists.txt
/Users/rdonnelly/opencv-build/_build_env/share/cmake-3.12/Modules/FindPackageHandleStandardArgs.cmake(226):  if(FPHSA_FOUND_VAR )
   Called from: [6]	/Users/rdonnelly/opencv-build/_build_env/share/cmake-3.12/Modules/FindPackageHandleStandardArgs.cmake
                [5]	/Users/rdonnelly/opencv-build/_build_env/share/cmake-3.12/Modules/FindPythonInterp.cmake
                [4]	/Users/rdonnelly/opencv-build/work/cmake/OpenCVUtils.cmake
                [3]	/Users/rdonnelly/opencv-build/work/cmake/OpenCVDetectPython.cmake
                [2]	/Users/rdonnelly/opencv-build/work/cmake/OpenCVDetectPython.cmake
                [1]	/Users/rdonnelly/opencv-build/work/CMakeLists.txt
/Users/rdonnelly/opencv-build/_build_env/share/cmake-3.12/Modules/FindPackageHandleStandardArgs.cmake(232):  else()
   Called from: [6]	/Users/rdonnelly/opencv-build/_build_env/share/cmake-3.12/Modules/FindPackageHandleStandardArgs.cmake
                [5]	/Users/rdonnelly/opencv-build/_build_env/share/cmake-3.12/Modules/FindPythonInterp.cmake
                [4]	/Users/rdonnelly/opencv-build/work/cmake/OpenCVUtils.cmake
                [3]	/Users/rdonnelly/opencv-build/work/cmake/OpenCVDetectPython.cmake
                [2]	/Users/rdonnelly/opencv-build/work/cmake/OpenCVDetectPython.cmake
                [1]	/Users/rdonnelly/opencv-build/work/CMakeLists.txt
/Users/rdonnelly/opencv-build/_build_env/share/cmake-3.12/Modules/FindPackageHandleStandardArgs.cmake(233):  set(_FOUND_VAR ${_NAME_UPPER}_FOUND )
   Called from: [6]	/Users/rdonnelly/opencv-build/_build_env/share/cmake-3.12/Modules/FindPackageHandleStandardArgs.cmake
                [5]	/Users/rdonnelly/opencv-build/_build_env/share/cmake-3.12/Modules/FindPythonInterp.cmake
                [4]	/Users/rdonnelly/opencv-build/work/cmake/OpenCVUtils.cmake
                [3]	/Users/rdonnelly/opencv-build/work/cmake/OpenCVDetectPython.cmake
                [2]	/Users/rdonnelly/opencv-build/work/cmake/OpenCVDetectPython.cmake
                [1]	/Users/rdonnelly/opencv-build/work/CMakeLists.txt
/Users/rdonnelly/opencv-build/_build_env/share/cmake-3.12/Modules/FindPackageHandleStandardArgs.cmake(238):  set(MISSING_VARS  )
   Called from: [6]	/Users/rdonnelly/opencv-build/_build_env/share/cmake-3.12/Modules/FindPackageHandleStandardArgs.cmake
                [5]	/Users/rdonnelly/opencv-build/_build_env/share/cmake-3.12/Modules/FindPythonInterp.cmake
                [4]	/Users/rdonnelly/opencv-build/work/cmake/OpenCVUtils.cmake
                [3]	/Users/rdonnelly/opencv-build/work/cmake/OpenCVDetectPython.cmake
                [2]	/Users/rdonnelly/opencv-build/work/cmake/OpenCVDetectPython.cmake
                [1]	/Users/rdonnelly/opencv-build/work/CMakeLists.txt
/Users/rdonnelly/opencv-build/_build_env/share/cmake-3.12/Modules/FindPackageHandleStandardArgs.cmake(239):  set(DETAILS  )
   Called from: [6]	/Users/rdonnelly/opencv-build/_build_env/share/cmake-3.12/Modules/FindPackageHandleStandardArgs.cmake
                [5]	/Users/rdonnelly/opencv-build/_build_env/share/cmake-3.12/Modules/FindPythonInterp.cmake
                [4]	/Users/rdonnelly/opencv-build/work/cmake/OpenCVUtils.cmake
                [3]	/Users/rdonnelly/opencv-build/work/cmake/OpenCVDetectPython.cmake
                [2]	/Users/rdonnelly/opencv-build/work/cmake/OpenCVDetectPython.cmake
                [1]	/Users/rdonnelly/opencv-build/work/CMakeLists.txt
/Users/rdonnelly/opencv-build/_build_env/share/cmake-3.12/Modules/FindPackageHandleStandardArgs.cmake(241):  set(FPHSA_FOUND_${_NAME} TRUE )
   Called from: [6]	/Users/rdonnelly/opencv-build/_build_env/share/cmake-3.12/Modules/FindPackageHandleStandardArgs.cmake
                [5]	/Users/rdonnelly/opencv-build/_build_env/share/cmake-3.12/Modules/FindPythonInterp.cmake
                [4]	/Users/rdonnelly/opencv-build/work/cmake/OpenCVUtils.cmake
                [3]	/Users/rdonnelly/opencv-build/work/cmake/OpenCVDetectPython.cmake
                [2]	/Users/rdonnelly/opencv-build/work/cmake/OpenCVDetectPython.cmake
                [1]	/Users/rdonnelly/opencv-build/work/CMakeLists.txt
/Users/rdonnelly/opencv-build/_build_env/share/cmake-3.12/Modules/FindPackageHandleStandardArgs.cmake(242):  foreach(_CURRENT_VAR ${FPHSA_REQUIRED_VARS} )
   Called from: [6]	/Users/rdonnelly/opencv-build/_build_env/share/cmake-3.12/Modules/FindPackageHandleStandardArgs.cmake
                [5]	/Users/rdonnelly/opencv-build/_build_env/share/cmake-3.12/Modules/FindPythonInterp.cmake
                [4]	/Users/rdonnelly/opencv-build/work/cmake/OpenCVUtils.cmake
                [3]	/Users/rdonnelly/opencv-build/work/cmake/OpenCVDetectPython.cmake
                [2]	/Users/rdonnelly/opencv-build/work/cmake/OpenCVDetectPython.cmake
                [1]	/Users/rdonnelly/opencv-build/work/CMakeLists.txt
/Users/rdonnelly/opencv-build/_build_env/share/cmake-3.12/Modules/FindPackageHandleStandardArgs.cmake(243):  if(NOT ${_CURRENT_VAR} )
   Called from: [6]	/Users/rdonnelly/opencv-build/_build_env/share/cmake-3.12/Modules/FindPackageHandleStandardArgs.cmake
                [5]	/Users/rdonnelly/opencv-build/_build_env/share/cmake-3.12/Modules/FindPythonInterp.cmake
                [4]	/Users/rdonnelly/opencv-build/work/cmake/OpenCVUtils.cmake
                [3]	/Users/rdonnelly/opencv-build/work/cmake/OpenCVDetectPython.cmake
                [2]	/Users/rdonnelly/opencv-build/work/cmake/OpenCVDetectPython.cmake
                [1]	/Users/rdonnelly/opencv-build/work/CMakeLists.txt
/Users/rdonnelly/opencv-build/_build_env/share/cmake-3.12/Modules/FindPackageHandleStandardArgs.cmake(246):  else()
   Called from: [6]	/Users/rdonnelly/opencv-build/_build_env/share/cmake-3.12/Modules/FindPackageHandleStandardArgs.cmake
                [5]	/Users/rdonnelly/opencv-build/_build_env/share/cmake-3.12/Modules/FindPythonInterp.cmake
                [4]	/Users/rdonnelly/opencv-build/work/cmake/OpenCVUtils.cmake
                [3]	/Users/rdonnelly/opencv-build/work/cmake/OpenCVDetectPython.cmake
                [2]	/Users/rdonnelly/opencv-build/work/cmake/OpenCVDetectPython.cmake
                [1]	/Users/rdonnelly/opencv-build/work/CMakeLists.txt
/Users/rdonnelly/opencv-build/_build_env/share/cmake-3.12/Modules/FindPackageHandleStandardArgs.cmake(247):  string(APPEND DETAILS [${${_CURRENT_VAR}}] )
   Called from: [6]	/Users/rdonnelly/opencv-build/_build_env/share/cmake-3.12/Modules/FindPackageHandleStandardArgs.cmake
                [5]	/Users/rdonnelly/opencv-build/_build_env/share/cmake-3.12/Modules/FindPythonInterp.cmake
                [4]	/Users/rdonnelly/opencv-build/work/cmake/OpenCVUtils.cmake
                [3]	/Users/rdonnelly/opencv-build/work/cmake/OpenCVDetectPython.cmake
                [2]	/Users/rdonnelly/opencv-build/work/cmake/OpenCVDetectPython.cmake
                [1]	/Users/rdonnelly/opencv-build/work/CMakeLists.txt
/Users/rdonnelly/opencv-build/_build_env/share/cmake-3.12/Modules/FindPackageHandleStandardArgs.cmake(250):  if(FPHSA_FOUND_${_NAME} )
   Called from: [6]	/Users/rdonnelly/opencv-build/_build_env/share/cmake-3.12/Modules/FindPackageHandleStandardArgs.cmake
                [5]	/Users/rdonnelly/opencv-build/_build_env/share/cmake-3.12/Modules/FindPythonInterp.cmake
                [4]	/Users/rdonnelly/opencv-build/work/cmake/OpenCVUtils.cmake
                [3]	/Users/rdonnelly/opencv-build/work/cmake/OpenCVDetectPython.cmake
                [2]	/Users/rdonnelly/opencv-build/work/cmake/OpenCVDetectPython.cmake
                [1]	/Users/rdonnelly/opencv-build/work/CMakeLists.txt
/Users/rdonnelly/opencv-build/_build_env/share/cmake-3.12/Modules/FindPackageHandleStandardArgs.cmake(251):  set(${_NAME}_FOUND TRUE )
   Called from: [6]	/Users/rdonnelly/opencv-build/_build_env/share/cmake-3.12/Modules/FindPackageHandleStandardArgs.cmake
                [5]	/Users/rdonnelly/opencv-build/_build_env/share/cmake-3.12/Modules/FindPythonInterp.cmake
                [4]	/Users/rdonnelly/opencv-build/work/cmake/OpenCVUtils.cmake
                [3]	/Users/rdonnelly/opencv-build/work/cmake/OpenCVDetectPython.cmake
                [2]	/Users/rdonnelly/opencv-build/work/cmake/OpenCVDetectPython.cmake
                [1]	/Users/rdonnelly/opencv-build/work/CMakeLists.txt
/Users/rdonnelly/opencv-build/_build_env/share/cmake-3.12/Modules/FindPackageHandleStandardArgs.cmake(252):  set(${_NAME_UPPER}_FOUND TRUE )
   Called from: [6]	/Users/rdonnelly/opencv-build/_build_env/share/cmake-3.12/Modules/FindPackageHandleStandardArgs.cmake
                [5]	/Users/rdonnelly/opencv-build/_build_env/share/cmake-3.12/Modules/FindPythonInterp.cmake
                [4]	/Users/rdonnelly/opencv-build/work/cmake/OpenCVUtils.cmake
                [3]	/Users/rdonnelly/opencv-build/work/cmake/OpenCVDetectPython.cmake
                [2]	/Users/rdonnelly/opencv-build/work/cmake/OpenCVDetectPython.cmake
                [1]	/Users/rdonnelly/opencv-build/work/CMakeLists.txt
/Users/rdonnelly/opencv-build/_build_env/share/cmake-3.12/Modules/FindPackageHandleStandardArgs.cmake(259):  unset(FOUND_COMPONENTS_MSG )
   Called from: [6]	/Users/rdonnelly/opencv-build/_build_env/share/cmake-3.12/Modules/FindPackageHandleStandardArgs.cmake
                [5]	/Users/rdonnelly/opencv-build/_build_env/share/cmake-3.12/Modules/FindPythonInterp.cmake
                [4]	/Users/rdonnelly/opencv-build/work/cmake/OpenCVUtils.cmake
                [3]	/Users/rdonnelly/opencv-build/work/cmake/OpenCVDetectPython.cmake
                [2]	/Users/rdonnelly/opencv-build/work/cmake/OpenCVDetectPython.cmake
                [1]	/Users/rdonnelly/opencv-build/work/CMakeLists.txt
/Users/rdonnelly/opencv-build/_build_env/share/cmake-3.12/Modules/FindPackageHandleStandardArgs.cmake(260):  unset(MISSING_COMPONENTS_MSG )
   Called from: [6]	/Users/rdonnelly/opencv-build/_build_env/share/cmake-3.12/Modules/FindPackageHandleStandardArgs.cmake
                [5]	/Users/rdonnelly/opencv-build/_build_env/share/cmake-3.12/Modules/FindPythonInterp.cmake
                [4]	/Users/rdonnelly/opencv-build/work/cmake/OpenCVUtils.cmake
                [3]	/Users/rdonnelly/opencv-build/work/cmake/OpenCVDetectPython.cmake
                [2]	/Users/rdonnelly/opencv-build/work/cmake/OpenCVDetectPython.cmake
                [1]	/Users/rdonnelly/opencv-build/work/CMakeLists.txt
/Users/rdonnelly/opencv-build/_build_env/share/cmake-3.12/Modules/FindPackageHandleStandardArgs.cmake(262):  if(FPHSA_HANDLE_COMPONENTS )
   Called from: [6]	/Users/rdonnelly/opencv-build/_build_env/share/cmake-3.12/Modules/FindPackageHandleStandardArgs.cmake
                [5]	/Users/rdonnelly/opencv-build/_build_env/share/cmake-3.12/Modules/FindPythonInterp.cmake
                [4]	/Users/rdonnelly/opencv-build/work/cmake/OpenCVUtils.cmake
                [3]	/Users/rdonnelly/opencv-build/work/cmake/OpenCVDetectPython.cmake
                [2]	/Users/rdonnelly/opencv-build/work/cmake/OpenCVDetectPython.cmake
                [1]	/Users/rdonnelly/opencv-build/work/CMakeLists.txt
/Users/rdonnelly/opencv-build/_build_env/share/cmake-3.12/Modules/FindPackageHandleStandardArgs.cmake(290):  set(VERSION_MSG  )
   Called from: [6]	/Users/rdonnelly/opencv-build/_build_env/share/cmake-3.12/Modules/FindPackageHandleStandardArgs.cmake
                [5]	/Users/rdonnelly/opencv-build/_build_env/share/cmake-3.12/Modules/FindPythonInterp.cmake
                [4]	/Users/rdonnelly/opencv-build/work/cmake/OpenCVUtils.cmake
                [3]	/Users/rdonnelly/opencv-build/work/cmake/OpenCVDetectPython.cmake
                [2]	/Users/rdonnelly/opencv-build/work/cmake/OpenCVDetectPython.cmake
                [1]	/Users/rdonnelly/opencv-build/work/CMakeLists.txt
/Users/rdonnelly/opencv-build/_build_env/share/cmake-3.12/Modules/FindPackageHandleStandardArgs.cmake(291):  set(VERSION_OK TRUE )
   Called from: [6]	/Users/rdonnelly/opencv-build/_build_env/share/cmake-3.12/Modules/FindPackageHandleStandardArgs.cmake
                [5]	/Users/rdonnelly/opencv-build/_build_env/share/cmake-3.12/Modules/FindPythonInterp.cmake
                [4]	/Users/rdonnelly/opencv-build/work/cmake/OpenCVUtils.cmake
                [3]	/Users/rdonnelly/opencv-build/work/cmake/OpenCVDetectPython.cmake
                [2]	/Users/rdonnelly/opencv-build/work/cmake/OpenCVDetectPython.cmake
                [1]	/Users/rdonnelly/opencv-build/work/CMakeLists.txt
/Users/rdonnelly/opencv-build/_build_env/share/cmake-3.12/Modules/FindPackageHandleStandardArgs.cmake(294):  if(DEFINED ${_NAME}_FIND_VERSION )
   Called from: [6]	/Users/rdonnelly/opencv-build/_build_env/share/cmake-3.12/Modules/FindPackageHandleStandardArgs.cmake
                [5]	/Users/rdonnelly/opencv-build/_build_env/share/cmake-3.12/Modules/FindPythonInterp.cmake
                [4]	/Users/rdonnelly/opencv-build/work/cmake/OpenCVUtils.cmake
                [3]	/Users/rdonnelly/opencv-build/work/cmake/OpenCVDetectPython.cmake
                [2]	/Users/rdonnelly/opencv-build/work/cmake/OpenCVDetectPython.cmake
                [1]	/Users/rdonnelly/opencv-build/work/CMakeLists.txt
/Users/rdonnelly/opencv-build/_build_env/share/cmake-3.12/Modules/FindPackageHandleStandardArgs.cmake(353):  else()
   Called from: [6]	/Users/rdonnelly/opencv-build/_build_env/share/cmake-3.12/Modules/FindPackageHandleStandardArgs.cmake
                [5]	/Users/rdonnelly/opencv-build/_build_env/share/cmake-3.12/Modules/FindPythonInterp.cmake
                [4]	/Users/rdonnelly/opencv-build/work/cmake/OpenCVUtils.cmake
                [3]	/Users/rdonnelly/opencv-build/work/cmake/OpenCVDetectPython.cmake
                [2]	/Users/rdonnelly/opencv-build/work/cmake/OpenCVDetectPython.cmake
                [1]	/Users/rdonnelly/opencv-build/work/CMakeLists.txt
/Users/rdonnelly/opencv-build/_build_env/share/cmake-3.12/Modules/FindPackageHandleStandardArgs.cmake(355):  if(DEFINED ${FPHSA_VERSION_VAR} )
   Called from: [6]	/Users/rdonnelly/opencv-build/_build_env/share/cmake-3.12/Modules/FindPackageHandleStandardArgs.cmake
                [5]	/Users/rdonnelly/opencv-build/_build_env/share/cmake-3.12/Modules/FindPythonInterp.cmake
                [4]	/Users/rdonnelly/opencv-build/work/cmake/OpenCVUtils.cmake
                [3]	/Users/rdonnelly/opencv-build/work/cmake/OpenCVDetectPython.cmake
                [2]	/Users/rdonnelly/opencv-build/work/cmake/OpenCVDetectPython.cmake
                [1]	/Users/rdonnelly/opencv-build/work/CMakeLists.txt
/Users/rdonnelly/opencv-build/_build_env/share/cmake-3.12/Modules/FindPackageHandleStandardArgs.cmake(356):  set(VERSION_MSG (found version \"${${FPHSA_VERSION_VAR}}\") )
   Called from: [6]	/Users/rdonnelly/opencv-build/_build_env/share/cmake-3.12/Modules/FindPackageHandleStandardArgs.cmake
                [5]	/Users/rdonnelly/opencv-build/_build_env/share/cmake-3.12/Modules/FindPythonInterp.cmake
                [4]	/Users/rdonnelly/opencv-build/work/cmake/OpenCVUtils.cmake
                [3]	/Users/rdonnelly/opencv-build/work/cmake/OpenCVDetectPython.cmake
                [2]	/Users/rdonnelly/opencv-build/work/cmake/OpenCVDetectPython.cmake
                [1]	/Users/rdonnelly/opencv-build/work/CMakeLists.txt
/Users/rdonnelly/opencv-build/_build_env/share/cmake-3.12/Modules/FindPackageHandleStandardArgs.cmake(360):  if(VERSION_OK )
   Called from: [6]	/Users/rdonnelly/opencv-build/_build_env/share/cmake-3.12/Modules/FindPackageHandleStandardArgs.cmake
                [5]	/Users/rdonnelly/opencv-build/_build_env/share/cmake-3.12/Modules/FindPythonInterp.cmake
                [4]	/Users/rdonnelly/opencv-build/work/cmake/OpenCVUtils.cmake
                [3]	/Users/rdonnelly/opencv-build/work/cmake/OpenCVDetectPython.cmake
                [2]	/Users/rdonnelly/opencv-build/work/cmake/OpenCVDetectPython.cmake
                [1]	/Users/rdonnelly/opencv-build/work/CMakeLists.txt
/Users/rdonnelly/opencv-build/_build_env/share/cmake-3.12/Modules/FindPackageHandleStandardArgs.cmake(361):  string(APPEND DETAILS [v${${FPHSA_VERSION_VAR}}(${${_NAME}_FIND_VERSION})] )
   Called from: [6]	/Users/rdonnelly/opencv-build/_build_env/share/cmake-3.12/Modules/FindPackageHandleStandardArgs.cmake
                [5]	/Users/rdonnelly/opencv-build/_build_env/share/cmake-3.12/Modules/FindPythonInterp.cmake
                [4]	/Users/rdonnelly/opencv-build/work/cmake/OpenCVUtils.cmake
                [3]	/Users/rdonnelly/opencv-build/work/cmake/OpenCVDetectPython.cmake
                [2]	/Users/rdonnelly/opencv-build/work/cmake/OpenCVDetectPython.cmake
                [1]	/Users/rdonnelly/opencv-build/work/CMakeLists.txt
/Users/rdonnelly/opencv-build/_build_env/share/cmake-3.12/Modules/FindPackageHandleStandardArgs.cmake(368):  if(${_NAME}_FOUND )
   Called from: [6]	/Users/rdonnelly/opencv-build/_build_env/share/cmake-3.12/Modules/FindPackageHandleStandardArgs.cmake
                [5]	/Users/rdonnelly/opencv-build/_build_env/share/cmake-3.12/Modules/FindPythonInterp.cmake
                [4]	/Users/rdonnelly/opencv-build/work/cmake/OpenCVUtils.cmake
                [3]	/Users/rdonnelly/opencv-build/work/cmake/OpenCVDetectPython.cmake
                [2]	/Users/rdonnelly/opencv-build/work/cmake/OpenCVDetectPython.cmake
                [1]	/Users/rdonnelly/opencv-build/work/CMakeLists.txt
/Users/rdonnelly/opencv-build/_build_env/share/cmake-3.12/Modules/FindPackageHandleStandardArgs.cmake(369):  FIND_PACKAGE_MESSAGE(${_NAME} Found ${_NAME}: ${${_FIRST_REQUIRED_VAR}} ${VERSION_MSG} ${COMPONENT_MSG} ${DETAILS} )
   Called from: [6]	/Users/rdonnelly/opencv-build/_build_env/share/cmake-3.12/Modules/FindPackageHandleStandardArgs.cmake
                [5]	/Users/rdonnelly/opencv-build/_build_env/share/cmake-3.12/Modules/FindPythonInterp.cmake
                [4]	/Users/rdonnelly/opencv-build/work/cmake/OpenCVUtils.cmake
                [3]	/Users/rdonnelly/opencv-build/work/cmake/OpenCVDetectPython.cmake
                [2]	/Users/rdonnelly/opencv-build/work/cmake/OpenCVDetectPython.cmake
                [1]	/Users/rdonnelly/opencv-build/work/CMakeLists.txt
/Users/rdonnelly/opencv-build/_build_env/share/cmake-3.12/Modules/FindPackageMessage.cmake(34):  if(NOT ${pkg}_FIND_QUIETLY )
   Called from: [7]	/Users/rdonnelly/opencv-build/_build_env/share/cmake-3.12/Modules/FindPackageMessage.cmake
                [6]	/Users/rdonnelly/opencv-build/_build_env/share/cmake-3.12/Modules/FindPackageHandleStandardArgs.cmake
                [5]	/Users/rdonnelly/opencv-build/_build_env/share/cmake-3.12/Modules/FindPythonInterp.cmake
                [4]	/Users/rdonnelly/opencv-build/work/cmake/OpenCVUtils.cmake
                [3]	/Users/rdonnelly/opencv-build/work/cmake/OpenCVDetectPython.cmake
                [2]	/Users/rdonnelly/opencv-build/work/cmake/OpenCVDetectPython.cmake
                [1]	/Users/rdonnelly/opencv-build/work/CMakeLists.txt
/Users/rdonnelly/opencv-build/_build_env/share/cmake-3.12/Modules/FindPackageMessage.cmake(35):  string(REPLACE \n  details ${details} )
   Called from: [7]	/Users/rdonnelly/opencv-build/_build_env/share/cmake-3.12/Modules/FindPackageMessage.cmake
                [6]	/Users/rdonnelly/opencv-build/_build_env/share/cmake-3.12/Modules/FindPackageHandleStandardArgs.cmake
                [5]	/Users/rdonnelly/opencv-build/_build_env/share/cmake-3.12/Modules/FindPythonInterp.cmake
                [4]	/Users/rdonnelly/opencv-build/work/cmake/OpenCVUtils.cmake
                [3]	/Users/rdonnelly/opencv-build/work/cmake/OpenCVDetectPython.cmake
                [2]	/Users/rdonnelly/opencv-build/work/cmake/OpenCVDetectPython.cmake
                [1]	/Users/rdonnelly/opencv-build/work/CMakeLists.txt
/Users/rdonnelly/opencv-build/_build_env/share/cmake-3.12/Modules/FindPackageMessage.cmake(36):  set(DETAILS_VAR FIND_PACKAGE_MESSAGE_DETAILS_${pkg} )
   Called from: [7]	/Users/rdonnelly/opencv-build/_build_env/share/cmake-3.12/Modules/FindPackageMessage.cmake
                [6]	/Users/rdonnelly/opencv-build/_build_env/share/cmake-3.12/Modules/FindPackageHandleStandardArgs.cmake
                [5]	/Users/rdonnelly/opencv-build/_build_env/share/cmake-3.12/Modules/FindPythonInterp.cmake
                [4]	/Users/rdonnelly/opencv-build/work/cmake/OpenCVUtils.cmake
                [3]	/Users/rdonnelly/opencv-build/work/cmake/OpenCVDetectPython.cmake
                [2]	/Users/rdonnelly/opencv-build/work/cmake/OpenCVDetectPython.cmake
                [1]	/Users/rdonnelly/opencv-build/work/CMakeLists.txt
/Users/rdonnelly/opencv-build/_build_env/share/cmake-3.12/Modules/FindPackageMessage.cmake(37):  if(NOT ${details} STREQUAL ${${DETAILS_VAR}} )
   Called from: [7]	/Users/rdonnelly/opencv-build/_build_env/share/cmake-3.12/Modules/FindPackageMessage.cmake
                [6]	/Users/rdonnelly/opencv-build/_build_env/share/cmake-3.12/Modules/FindPackageHandleStandardArgs.cmake
                [5]	/Users/rdonnelly/opencv-build/_build_env/share/cmake-3.12/Modules/FindPythonInterp.cmake
                [4]	/Users/rdonnelly/opencv-build/work/cmake/OpenCVUtils.cmake
                [3]	/Users/rdonnelly/opencv-build/work/cmake/OpenCVDetectPython.cmake
                [2]	/Users/rdonnelly/opencv-build/work/cmake/OpenCVDetectPython.cmake
                [1]	/Users/rdonnelly/opencv-build/work/CMakeLists.txt
/Users/rdonnelly/opencv-build/_build_env/share/cmake-3.12/Modules/FindPackageMessage.cmake(39):  message(STATUS ${msg} )
   Called from: [7]	/Users/rdonnelly/opencv-build/_build_env/share/cmake-3.12/Modules/FindPackageMessage.cmake
                [6]	/Users/rdonnelly/opencv-build/_build_env/share/cmake-3.12/Modules/FindPackageHandleStandardArgs.cmake
                [5]	/Users/rdonnelly/opencv-build/_build_env/share/cmake-3.12/Modules/FindPythonInterp.cmake
                [4]	/Users/rdonnelly/opencv-build/work/cmake/OpenCVUtils.cmake
                [3]	/Users/rdonnelly/opencv-build/work/cmake/OpenCVDetectPython.cmake
                [2]	/Users/rdonnelly/opencv-build/work/cmake/OpenCVDetectPython.cmake
                [1]	/Users/rdonnelly/opencv-build/work/CMakeLists.txt
/Users/rdonnelly/opencv-build/_build_env/share/cmake-3.12/Modules/FindPackageMessage.cmake(43):  set(${DETAILS_VAR} ${details} CACHE INTERNAL Details about finding ${pkg} )
   Called from: [7]	/Users/rdonnelly/opencv-build/_build_env/share/cmake-3.12/Modules/FindPackageMessage.cmake
                [6]	/Users/rdonnelly/opencv-build/_build_env/share/cmake-3.12/Modules/FindPackageHandleStandardArgs.cmake
                [5]	/Users/rdonnelly/opencv-build/_build_env/share/cmake-3.12/Modules/FindPythonInterp.cmake
                [4]	/Users/rdonnelly/opencv-build/work/cmake/OpenCVUtils.cmake
                [3]	/Users/rdonnelly/opencv-build/work/cmake/OpenCVDetectPython.cmake
                [2]	/Users/rdonnelly/opencv-build/work/cmake/OpenCVDetectPython.cmake
                [1]	/Users/rdonnelly/opencv-build/work/CMakeLists.txt
/Users/rdonnelly/opencv-build/_build_env/share/cmake-3.12/Modules/FindPackageHandleStandardArgs.cmake(384):  set(${_NAME}_FOUND ${${_NAME}_FOUND} PARENT_SCOPE )
   Called from: [6]	/Users/rdonnelly/opencv-build/_build_env/share/cmake-3.12/Modules/FindPackageHandleStandardArgs.cmake
                [5]	/Users/rdonnelly/opencv-build/_build_env/share/cmake-3.12/Modules/FindPythonInterp.cmake
                [4]	/Users/rdonnelly/opencv-build/work/cmake/OpenCVUtils.cmake
                [3]	/Users/rdonnelly/opencv-build/work/cmake/OpenCVDetectPython.cmake
                [2]	/Users/rdonnelly/opencv-build/work/cmake/OpenCVDetectPython.cmake
                [1]	/Users/rdonnelly/opencv-build/work/CMakeLists.txt
/Users/rdonnelly/opencv-build/_build_env/share/cmake-3.12/Modules/FindPackageHandleStandardArgs.cmake(385):  set(${_NAME_UPPER}_FOUND ${${_NAME}_FOUND} PARENT_SCOPE )
   Called from: [6]	/Users/rdonnelly/opencv-build/_build_env/share/cmake-3.12/Modules/FindPackageHandleStandardArgs.cmake
                [5]	/Users/rdonnelly/opencv-build/_build_env/share/cmake-3.12/Modules/FindPythonInterp.cmake
                [4]	/Users/rdonnelly/opencv-build/work/cmake/OpenCVUtils.cmake
                [3]	/Users/rdonnelly/opencv-build/work/cmake/OpenCVDetectPython.cmake
                [2]	/Users/rdonnelly/opencv-build/work/cmake/OpenCVDetectPython.cmake
                [1]	/Users/rdonnelly/opencv-build/work/CMakeLists.txt
/Users/rdonnelly/opencv-build/_build_env/share/cmake-3.12/Modules/FindPythonInterp.cmake(161):  mark_as_advanced(PYTHON_EXECUTABLE )
   Called from: [5]	/Users/rdonnelly/opencv-build/_build_env/share/cmake-3.12/Modules/FindPythonInterp.cmake
                [4]	/Users/rdonnelly/opencv-build/work/cmake/OpenCVUtils.cmake
                [3]	/Users/rdonnelly/opencv-build/work/cmake/OpenCVDetectPython.cmake
                [2]	/Users/rdonnelly/opencv-build/work/cmake/OpenCVDetectPython.cmake
                [1]	/Users/rdonnelly/opencv-build/work/CMakeLists.txt
/Users/rdonnelly/opencv-build/work/cmake/OpenCVDetectPython.cmake(70):  string(REGEX MATCH ^[0-9]+ _python_version_major ${min_version} )
   Called from: [3]	/Users/rdonnelly/opencv-build/work/cmake/OpenCVDetectPython.cmake
                [2]	/Users/rdonnelly/opencv-build/work/cmake/OpenCVDetectPython.cmake
                [1]	/Users/rdonnelly/opencv-build/work/CMakeLists.txt
/Users/rdonnelly/opencv-build/work/cmake/OpenCVDetectPython.cmake(72):  if(PYTHONINTERP_FOUND )
   Called from: [3]	/Users/rdonnelly/opencv-build/work/cmake/OpenCVDetectPython.cmake
                [2]	/Users/rdonnelly/opencv-build/work/cmake/OpenCVDetectPython.cmake
                [1]	/Users/rdonnelly/opencv-build/work/CMakeLists.txt
/Users/rdonnelly/opencv-build/work/cmake/OpenCVDetectPython.cmake(74):  if( ${_python_version_major} STREQUAL   )
   Called from: [3]	/Users/rdonnelly/opencv-build/work/cmake/OpenCVDetectPython.cmake
                [2]	/Users/rdonnelly/opencv-build/work/cmake/OpenCVDetectPython.cmake
                [1]	/Users/rdonnelly/opencv-build/work/CMakeLists.txt
/Users/rdonnelly/opencv-build/work/cmake/OpenCVDetectPython.cmake(75):  set(_python_version_major ${PYTHON_VERSION_MAJOR} )
   Called from: [3]	/Users/rdonnelly/opencv-build/work/cmake/OpenCVDetectPython.cmake
                [2]	/Users/rdonnelly/opencv-build/work/cmake/OpenCVDetectPython.cmake
                [1]	/Users/rdonnelly/opencv-build/work/CMakeLists.txt
/Users/rdonnelly/opencv-build/work/cmake/OpenCVDetectPython.cmake(77):  if(NOT ${_python_version_major} STREQUAL ${PYTHON_VERSION_MAJOR} AND NOT DEFINED ${executable} )
   Called from: [3]	/Users/rdonnelly/opencv-build/work/cmake/OpenCVDetectPython.cmake
                [2]	/Users/rdonnelly/opencv-build/work/cmake/OpenCVDetectPython.cmake
                [1]	/Users/rdonnelly/opencv-build/work/CMakeLists.txt
/Users/rdonnelly/opencv-build/work/cmake/OpenCVDetectPython.cmake(102):  if(PYTHONINTERP_FOUND AND ${_python_version_major} STREQUAL ${PYTHON_VERSION_MAJOR} )
   Called from: [3]	/Users/rdonnelly/opencv-build/work/cmake/OpenCVDetectPython.cmake
                [2]	/Users/rdonnelly/opencv-build/work/cmake/OpenCVDetectPython.cmake
                [1]	/Users/rdonnelly/opencv-build/work/CMakeLists.txt
/Users/rdonnelly/opencv-build/work/cmake/OpenCVDetectPython.cmake(104):  set(_found ${PYTHONINTERP_FOUND} )
   Called from: [3]	/Users/rdonnelly/opencv-build/work/cmake/OpenCVDetectPython.cmake
                [2]	/Users/rdonnelly/opencv-build/work/cmake/OpenCVDetectPython.cmake
                [1]	/Users/rdonnelly/opencv-build/work/CMakeLists.txt
/Users/rdonnelly/opencv-build/work/cmake/OpenCVDetectPython.cmake(105):  set(_executable ${PYTHON_EXECUTABLE} )
   Called from: [3]	/Users/rdonnelly/opencv-build/work/cmake/OpenCVDetectPython.cmake
                [2]	/Users/rdonnelly/opencv-build/work/cmake/OpenCVDetectPython.cmake
                [1]	/Users/rdonnelly/opencv-build/work/CMakeLists.txt
/Users/rdonnelly/opencv-build/work/cmake/OpenCVDetectPython.cmake(106):  set(_version_string ${PYTHON_VERSION_STRING} )
   Called from: [3]	/Users/rdonnelly/opencv-build/work/cmake/OpenCVDetectPython.cmake
                [2]	/Users/rdonnelly/opencv-build/work/cmake/OpenCVDetectPython.cmake
                [1]	/Users/rdonnelly/opencv-build/work/CMakeLists.txt
/Users/rdonnelly/opencv-build/work/cmake/OpenCVDetectPython.cmake(107):  set(_version_major ${PYTHON_VERSION_MAJOR} )
   Called from: [3]	/Users/rdonnelly/opencv-build/work/cmake/OpenCVDetectPython.cmake
                [2]	/Users/rdonnelly/opencv-build/work/cmake/OpenCVDetectPython.cmake
                [1]	/Users/rdonnelly/opencv-build/work/CMakeLists.txt
/Users/rdonnelly/opencv-build/work/cmake/OpenCVDetectPython.cmake(108):  set(_version_minor ${PYTHON_VERSION_MINOR} )
   Called from: [3]	/Users/rdonnelly/opencv-build/work/cmake/OpenCVDetectPython.cmake
                [2]	/Users/rdonnelly/opencv-build/work/cmake/OpenCVDetectPython.cmake
                [1]	/Users/rdonnelly/opencv-build/work/CMakeLists.txt
/Users/rdonnelly/opencv-build/work/cmake/OpenCVDetectPython.cmake(109):  set(_version_patch ${PYTHON_VERSION_PATCH} )
   Called from: [3]	/Users/rdonnelly/opencv-build/work/cmake/OpenCVDetectPython.cmake
                [2]	/Users/rdonnelly/opencv-build/work/cmake/OpenCVDetectPython.cmake
                [1]	/Users/rdonnelly/opencv-build/work/CMakeLists.txt
/Users/rdonnelly/opencv-build/work/cmake/OpenCVDetectPython.cmake(113):  if(__update_python_vars )
   Called from: [3]	/Users/rdonnelly/opencv-build/work/cmake/OpenCVDetectPython.cmake
                [2]	/Users/rdonnelly/opencv-build/work/cmake/OpenCVDetectPython.cmake
                [1]	/Users/rdonnelly/opencv-build/work/CMakeLists.txt
/Users/rdonnelly/opencv-build/work/cmake/OpenCVDetectPython.cmake(115):  unset(PYTHONINTERP_FOUND )
   Called from: [3]	/Users/rdonnelly/opencv-build/work/cmake/OpenCVDetectPython.cmake
                [2]	/Users/rdonnelly/opencv-build/work/cmake/OpenCVDetectPython.cmake
                [1]	/Users/rdonnelly/opencv-build/work/CMakeLists.txt
/Users/rdonnelly/opencv-build/work/cmake/OpenCVDetectPython.cmake(116):  unset(PYTHON_EXECUTABLE CACHE )
   Called from: [3]	/Users/rdonnelly/opencv-build/work/cmake/OpenCVDetectPython.cmake
                [2]	/Users/rdonnelly/opencv-build/work/cmake/OpenCVDetectPython.cmake
                [1]	/Users/rdonnelly/opencv-build/work/CMakeLists.txt
/Users/rdonnelly/opencv-build/work/cmake/OpenCVDetectPython.cmake(117):  unset(PYTHON_VERSION_STRING )
   Called from: [3]	/Users/rdonnelly/opencv-build/work/cmake/OpenCVDetectPython.cmake
                [2]	/Users/rdonnelly/opencv-build/work/cmake/OpenCVDetectPython.cmake
                [1]	/Users/rdonnelly/opencv-build/work/CMakeLists.txt
/Users/rdonnelly/opencv-build/work/cmake/OpenCVDetectPython.cmake(118):  unset(PYTHON_VERSION_MAJOR )
   Called from: [3]	/Users/rdonnelly/opencv-build/work/cmake/OpenCVDetectPython.cmake
                [2]	/Users/rdonnelly/opencv-build/work/cmake/OpenCVDetectPython.cmake
                [1]	/Users/rdonnelly/opencv-build/work/CMakeLists.txt
/Users/rdonnelly/opencv-build/work/cmake/OpenCVDetectPython.cmake(119):  unset(PYTHON_VERSION_MINOR )
   Called from: [3]	/Users/rdonnelly/opencv-build/work/cmake/OpenCVDetectPython.cmake
                [2]	/Users/rdonnelly/opencv-build/work/cmake/OpenCVDetectPython.cmake
                [1]	/Users/rdonnelly/opencv-build/work/CMakeLists.txt
/Users/rdonnelly/opencv-build/work/cmake/OpenCVDetectPython.cmake(120):  unset(PYTHON_VERSION_PATCH )
   Called from: [3]	/Users/rdonnelly/opencv-build/work/cmake/OpenCVDetectPython.cmake
                [2]	/Users/rdonnelly/opencv-build/work/cmake/OpenCVDetectPython.cmake
                [1]	/Users/rdonnelly/opencv-build/work/CMakeLists.txt
/Users/rdonnelly/opencv-build/work/cmake/OpenCVDetectPython.cmake(123):  if(_found )
   Called from: [3]	/Users/rdonnelly/opencv-build/work/cmake/OpenCVDetectPython.cmake
                [2]	/Users/rdonnelly/opencv-build/work/cmake/OpenCVDetectPython.cmake
                [1]	/Users/rdonnelly/opencv-build/work/CMakeLists.txt
/Users/rdonnelly/opencv-build/work/cmake/OpenCVDetectPython.cmake(124):  set(_version_major_minor ${_version_major}.${_version_minor} )
   Called from: [3]	/Users/rdonnelly/opencv-build/work/cmake/OpenCVDetectPython.cmake
                [2]	/Users/rdonnelly/opencv-build/work/cmake/OpenCVDetectPython.cmake
                [1]	/Users/rdonnelly/opencv-build/work/CMakeLists.txt
/Users/rdonnelly/opencv-build/work/cmake/OpenCVDetectPython.cmake(126):  if(NOT ANDROID AND NOT APPLE_FRAMEWORK )
   Called from: [3]	/Users/rdonnelly/opencv-build/work/cmake/OpenCVDetectPython.cmake
                [2]	/Users/rdonnelly/opencv-build/work/cmake/OpenCVDetectPython.cmake
                [1]	/Users/rdonnelly/opencv-build/work/CMakeLists.txt
/Users/rdonnelly/opencv-build/work/cmake/OpenCVDetectPython.cmake(127):  ocv_check_environment_variables(${library_env} ${include_dir_env} )
   Called from: [3]	/Users/rdonnelly/opencv-build/work/cmake/OpenCVDetectPython.cmake
                [2]	/Users/rdonnelly/opencv-build/work/cmake/OpenCVDetectPython.cmake
                [1]	/Users/rdonnelly/opencv-build/work/CMakeLists.txt
/Users/rdonnelly/opencv-build/work/cmake/OpenCVUtils.cmake(131):  foreach(_var PYTHON2_7_15_LIBRARY,;PYTHON2_7_15_INCLUDE_DIR )
   Called from: [4]	/Users/rdonnelly/opencv-build/work/cmake/OpenCVUtils.cmake
                [3]	/Users/rdonnelly/opencv-build/work/cmake/OpenCVDetectPython.cmake
                [2]	/Users/rdonnelly/opencv-build/work/cmake/OpenCVDetectPython.cmake
                [1]	/Users/rdonnelly/opencv-build/work/CMakeLists.txt
/Users/rdonnelly/opencv-build/work/cmake/OpenCVUtils.cmake(132):  if( ${${_var}} STREQUAL   AND DEFINED ENV{${_var}} )
   Called from: [4]	/Users/rdonnelly/opencv-build/work/cmake/OpenCVUtils.cmake
                [3]	/Users/rdonnelly/opencv-build/work/cmake/OpenCVDetectPython.cmake
                [2]	/Users/rdonnelly/opencv-build/work/cmake/OpenCVDetectPython.cmake
                [1]	/Users/rdonnelly/opencv-build/work/CMakeLists.txt
/Users/rdonnelly/opencv-build/work/cmake/OpenCVUtils.cmake(132):  if( ${${_var}} STREQUAL   AND DEFINED ENV{${_var}} )
   Called from: [4]	/Users/rdonnelly/opencv-build/work/cmake/OpenCVUtils.cmake
                [3]	/Users/rdonnelly/opencv-build/work/cmake/OpenCVDetectPython.cmake
                [2]	/Users/rdonnelly/opencv-build/work/cmake/OpenCVDetectPython.cmake
                [1]	/Users/rdonnelly/opencv-build/work/CMakeLists.txt
/Users/rdonnelly/opencv-build/work/cmake/OpenCVDetectPython.cmake(128):  if(NOT ${${library_env}} STREQUAL  )
   Called from: [3]	/Users/rdonnelly/opencv-build/work/cmake/OpenCVDetectPython.cmake
                [2]	/Users/rdonnelly/opencv-build/work/cmake/OpenCVDetectPython.cmake
                [1]	/Users/rdonnelly/opencv-build/work/CMakeLists.txt
/Users/rdonnelly/opencv-build/work/cmake/OpenCVDetectPython.cmake(131):  if(NOT ${${include_dir_env}} STREQUAL  )
   Called from: [3]	/Users/rdonnelly/opencv-build/work/cmake/OpenCVDetectPython.cmake
                [2]	/Users/rdonnelly/opencv-build/work/cmake/OpenCVDetectPython.cmake
                [1]	/Users/rdonnelly/opencv-build/work/CMakeLists.txt
/Users/rdonnelly/opencv-build/work/cmake/OpenCVDetectPython.cmake(136):  if(CMAKE_CROSSCOMPILING )
   Called from: [3]	/Users/rdonnelly/opencv-build/work/cmake/OpenCVDetectPython.cmake
                [2]	/Users/rdonnelly/opencv-build/work/cmake/OpenCVDetectPython.cmake
                [1]	/Users/rdonnelly/opencv-build/work/CMakeLists.txt
/Users/rdonnelly/opencv-build/work/cmake/OpenCVDetectPython.cmake(139):  else()
   Called from: [3]	/Users/rdonnelly/opencv-build/work/cmake/OpenCVDetectPython.cmake
                [2]	/Users/rdonnelly/opencv-build/work/cmake/OpenCVDetectPython.cmake
                [1]	/Users/rdonnelly/opencv-build/work/CMakeLists.txt
/Users/rdonnelly/opencv-build/work/cmake/OpenCVDetectPython.cmake(140):  find_package(PythonLibs ${_version_major_minor}.${_version_patch} EXACT )
   Called from: [3]	/Users/rdonnelly/opencv-build/work/cmake/OpenCVDetectPython.cmake
                [2]	/Users/rdonnelly/opencv-build/work/cmake/OpenCVDetectPython.cmake
                [1]	/Users/rdonnelly/opencv-build/work/CMakeLists.txt
/Users/rdonnelly/opencv-build/_build_env/share/cmake-3.12/Modules/FindPythonLibs.cmake(48):  set(_Python_LIBRARY_PATH_HINT )
   Called from: [4]	/Users/rdonnelly/opencv-build/_build_env/share/cmake-3.12/Modules/FindPythonLibs.cmake
                [3]	/Users/rdonnelly/opencv-build/work/cmake/OpenCVDetectPython.cmake
                [2]	/Users/rdonnelly/opencv-build/work/cmake/OpenCVDetectPython.cmake
                [1]	/Users/rdonnelly/opencv-build/work/CMakeLists.txt
/Users/rdonnelly/opencv-build/_build_env/share/cmake-3.12/Modules/FindPythonLibs.cmake(49):  if(IS_ABSOLUTE ${PYTHON_EXECUTABLE} )
   Called from: [4]	/Users/rdonnelly/opencv-build/_build_env/share/cmake-3.12/Modules/FindPythonLibs.cmake
                [3]	/Users/rdonnelly/opencv-build/work/cmake/OpenCVDetectPython.cmake
                [2]	/Users/rdonnelly/opencv-build/work/cmake/OpenCVDetectPython.cmake
                [1]	/Users/rdonnelly/opencv-build/work/CMakeLists.txt
/Users/rdonnelly/opencv-build/_build_env/share/cmake-3.12/Modules/FindPythonLibs.cmake(50):  if(WIN32 )
   Called from: [4]	/Users/rdonnelly/opencv-build/_build_env/share/cmake-3.12/Modules/FindPythonLibs.cmake
                [3]	/Users/rdonnelly/opencv-build/work/cmake/OpenCVDetectPython.cmake
                [2]	/Users/rdonnelly/opencv-build/work/cmake/OpenCVDetectPython.cmake
                [1]	/Users/rdonnelly/opencv-build/work/CMakeLists.txt
/Users/rdonnelly/opencv-build/_build_env/share/cmake-3.12/Modules/FindPythonLibs.cmake(56):  else()
   Called from: [4]	/Users/rdonnelly/opencv-build/_build_env/share/cmake-3.12/Modules/FindPythonLibs.cmake
                [3]	/Users/rdonnelly/opencv-build/work/cmake/OpenCVDetectPython.cmake
                [2]	/Users/rdonnelly/opencv-build/work/cmake/OpenCVDetectPython.cmake
                [1]	/Users/rdonnelly/opencv-build/work/CMakeLists.txt
/Users/rdonnelly/opencv-build/_build_env/share/cmake-3.12/Modules/FindPythonLibs.cmake(57):  get_filename_component(_Python_PREFIX ${PYTHON_EXECUTABLE} PATH )
   Called from: [4]	/Users/rdonnelly/opencv-build/_build_env/share/cmake-3.12/Modules/FindPythonLibs.cmake
                [3]	/Users/rdonnelly/opencv-build/work/cmake/OpenCVDetectPython.cmake
                [2]	/Users/rdonnelly/opencv-build/work/cmake/OpenCVDetectPython.cmake
                [1]	/Users/rdonnelly/opencv-build/work/CMakeLists.txt
/Users/rdonnelly/opencv-build/_build_env/share/cmake-3.12/Modules/FindPythonLibs.cmake(58):  get_filename_component(_Python_PREFIX ${_Python_PREFIX} PATH )
   Called from: [4]	/Users/rdonnelly/opencv-build/_build_env/share/cmake-3.12/Modules/FindPythonLibs.cmake
                [3]	/Users/rdonnelly/opencv-build/work/cmake/OpenCVDetectPython.cmake
                [2]	/Users/rdonnelly/opencv-build/work/cmake/OpenCVDetectPython.cmake
                [1]	/Users/rdonnelly/opencv-build/work/CMakeLists.txt
/Users/rdonnelly/opencv-build/_build_env/share/cmake-3.12/Modules/FindPythonLibs.cmake(59):  if(_Python_PREFIX )
   Called from: [4]	/Users/rdonnelly/opencv-build/_build_env/share/cmake-3.12/Modules/FindPythonLibs.cmake
                [3]	/Users/rdonnelly/opencv-build/work/cmake/OpenCVDetectPython.cmake
                [2]	/Users/rdonnelly/opencv-build/work/cmake/OpenCVDetectPython.cmake
                [1]	/Users/rdonnelly/opencv-build/work/CMakeLists.txt
/Users/rdonnelly/opencv-build/_build_env/share/cmake-3.12/Modules/FindPythonLibs.cmake(60):  set(_Python_LIBRARY_PATH_HINT ${_Python_PREFIX}/lib )
   Called from: [4]	/Users/rdonnelly/opencv-build/_build_env/share/cmake-3.12/Modules/FindPythonLibs.cmake
                [3]	/Users/rdonnelly/opencv-build/work/cmake/OpenCVDetectPython.cmake
                [2]	/Users/rdonnelly/opencv-build/work/cmake/OpenCVDetectPython.cmake
                [1]	/Users/rdonnelly/opencv-build/work/CMakeLists.txt
/Users/rdonnelly/opencv-build/_build_env/share/cmake-3.12/Modules/FindPythonLibs.cmake(62):  unset(_Python_PREFIX )
   Called from: [4]	/Users/rdonnelly/opencv-build/_build_env/share/cmake-3.12/Modules/FindPythonLibs.cmake
                [3]	/Users/rdonnelly/opencv-build/work/cmake/OpenCVDetectPython.cmake
                [2]	/Users/rdonnelly/opencv-build/work/cmake/OpenCVDetectPython.cmake
                [1]	/Users/rdonnelly/opencv-build/work/CMakeLists.txt
/Users/rdonnelly/opencv-build/_build_env/share/cmake-3.12/Modules/FindPythonLibs.cmake(66):  include(${CMAKE_CURRENT_LIST_DIR}/CMakeFindFrameworks.cmake )
   Called from: [4]	/Users/rdonnelly/opencv-build/_build_env/share/cmake-3.12/Modules/FindPythonLibs.cmake
                [3]	/Users/rdonnelly/opencv-build/work/cmake/OpenCVDetectPython.cmake
                [2]	/Users/rdonnelly/opencv-build/work/cmake/OpenCVDetectPython.cmake
                [1]	/Users/rdonnelly/opencv-build/work/CMakeLists.txt
/Users/rdonnelly/opencv-build/_build_env/share/cmake-3.12/Modules/CMakeFindFrameworks.cmake(14):  if(NOT CMAKE_FIND_FRAMEWORKS_INCLUDED )
   Called from: [5]	/Users/rdonnelly/opencv-build/_build_env/share/cmake-3.12/Modules/CMakeFindFrameworks.cmake
                [4]	/Users/rdonnelly/opencv-build/_build_env/share/cmake-3.12/Modules/FindPythonLibs.cmake
                [3]	/Users/rdonnelly/opencv-build/work/cmake/OpenCVDetectPython.cmake
                [2]	/Users/rdonnelly/opencv-build/work/cmake/OpenCVDetectPython.cmake
                [1]	/Users/rdonnelly/opencv-build/work/CMakeLists.txt
/Users/rdonnelly/opencv-build/_build_env/share/cmake-3.12/Modules/CMakeFindFrameworks.cmake(15):  set(CMAKE_FIND_FRAMEWORKS_INCLUDED 1 )
   Called from: [5]	/Users/rdonnelly/opencv-build/_build_env/share/cmake-3.12/Modules/CMakeFindFrameworks.cmake
                [4]	/Users/rdonnelly/opencv-build/_build_env/share/cmake-3.12/Modules/FindPythonLibs.cmake
                [3]	/Users/rdonnelly/opencv-build/work/cmake/OpenCVDetectPython.cmake
                [2]	/Users/rdonnelly/opencv-build/work/cmake/OpenCVDetectPython.cmake
                [1]	/Users/rdonnelly/opencv-build/work/CMakeLists.txt
/Users/rdonnelly/opencv-build/_build_env/share/cmake-3.12/Modules/CMakeFindFrameworks.cmake(16):  macro(CMAKE_FIND_FRAMEWORKS fwk )
   Called from: [5]	/Users/rdonnelly/opencv-build/_build_env/share/cmake-3.12/Modules/CMakeFindFrameworks.cmake
                [4]	/Users/rdonnelly/opencv-build/_build_env/share/cmake-3.12/Modules/FindPythonLibs.cmake
                [3]	/Users/rdonnelly/opencv-build/work/cmake/OpenCVDetectPython.cmake
                [2]	/Users/rdonnelly/opencv-build/work/cmake/OpenCVDetectPython.cmake
                [1]	/Users/rdonnelly/opencv-build/work/CMakeLists.txt
/Users/rdonnelly/opencv-build/_build_env/share/cmake-3.12/Modules/FindPythonLibs.cmake(68):  CMAKE_FIND_FRAMEWORKS(Python )
   Called from: [4]	/Users/rdonnelly/opencv-build/_build_env/share/cmake-3.12/Modules/FindPythonLibs.cmake
                [3]	/Users/rdonnelly/opencv-build/work/cmake/OpenCVDetectPython.cmake
                [2]	/Users/rdonnelly/opencv-build/work/cmake/OpenCVDetectPython.cmake
                [1]	/Users/rdonnelly/opencv-build/work/CMakeLists.txt
/Users/rdonnelly/opencv-build/_build_env/share/cmake-3.12/Modules/CMakeFindFrameworks.cmake(17):  set(Python_FRAMEWORKS )
   Called from: [5]	/Users/rdonnelly/opencv-build/_build_env/share/cmake-3.12/Modules/CMakeFindFrameworks.cmake
                [4]	/Users/rdonnelly/opencv-build/_build_env/share/cmake-3.12/Modules/FindPythonLibs.cmake
                [3]	/Users/rdonnelly/opencv-build/work/cmake/OpenCVDetectPython.cmake
                [2]	/Users/rdonnelly/opencv-build/work/cmake/OpenCVDetectPython.cmake
                [1]	/Users/rdonnelly/opencv-build/work/CMakeLists.txt
/Users/rdonnelly/opencv-build/_build_env/share/cmake-3.12/Modules/CMakeFindFrameworks.cmake(18):  if(APPLE )
   Called from: [5]	/Users/rdonnelly/opencv-build/_build_env/share/cmake-3.12/Modules/CMakeFindFrameworks.cmake
                [4]	/Users/rdonnelly/opencv-build/_build_env/share/cmake-3.12/Modules/FindPythonLibs.cmake
                [3]	/Users/rdonnelly/opencv-build/work/cmake/OpenCVDetectPython.cmake
                [2]	/Users/rdonnelly/opencv-build/work/cmake/OpenCVDetectPython.cmake
                [1]	/Users/rdonnelly/opencv-build/work/CMakeLists.txt
/Users/rdonnelly/opencv-build/_build_env/share/cmake-3.12/Modules/CMakeFindFrameworks.cmake(19):  foreach(dir ~/Library/Frameworks/Python.framework /usr/local/Frameworks/Python.framework /Library/Frameworks/Python.framework /System/Library/Frameworks/Python.framework /Network/Library/Frameworks/Python.framework ${CMAKE_FIND_FRAMEWORK_EXTRA_LOCATIONS} )
   Called from: [5]	/Users/rdonnelly/opencv-build/_build_env/share/cmake-3.12/Modules/CMakeFindFrameworks.cmake
                [4]	/Users/rdonnelly/opencv-build/_build_env/share/cmake-3.12/Modules/FindPythonLibs.cmake
                [3]	/Users/rdonnelly/opencv-build/work/cmake/OpenCVDetectPython.cmake
                [2]	/Users/rdonnelly/opencv-build/work/cmake/OpenCVDetectPython.cmake
                [1]	/Users/rdonnelly/opencv-build/work/CMakeLists.txt
/Users/rdonnelly/opencv-build/_build_env/share/cmake-3.12/Modules/CMakeFindFrameworks.cmake(26):  if(EXISTS ${dir} )
   Called from: [5]	/Users/rdonnelly/opencv-build/_build_env/share/cmake-3.12/Modules/CMakeFindFrameworks.cmake
                [4]	/Users/rdonnelly/opencv-build/_build_env/share/cmake-3.12/Modules/FindPythonLibs.cmake
                [3]	/Users/rdonnelly/opencv-build/work/cmake/OpenCVDetectPython.cmake
                [2]	/Users/rdonnelly/opencv-build/work/cmake/OpenCVDetectPython.cmake
                [1]	/Users/rdonnelly/opencv-build/work/CMakeLists.txt
/Users/rdonnelly/opencv-build/_build_env/share/cmake-3.12/Modules/CMakeFindFrameworks.cmake(26):  if(EXISTS ${dir} )
   Called from: [5]	/Users/rdonnelly/opencv-build/_build_env/share/cmake-3.12/Modules/CMakeFindFrameworks.cmake
                [4]	/Users/rdonnelly/opencv-build/_build_env/share/cmake-3.12/Modules/FindPythonLibs.cmake
                [3]	/Users/rdonnelly/opencv-build/work/cmake/OpenCVDetectPython.cmake
                [2]	/Users/rdonnelly/opencv-build/work/cmake/OpenCVDetectPython.cmake
                [1]	/Users/rdonnelly/opencv-build/work/CMakeLists.txt
/Users/rdonnelly/opencv-build/_build_env/share/cmake-3.12/Modules/CMakeFindFrameworks.cmake(26):  if(EXISTS ${dir} )
   Called from: [5]	/Users/rdonnelly/opencv-build/_build_env/share/cmake-3.12/Modules/CMakeFindFrameworks.cmake
                [4]	/Users/rdonnelly/opencv-build/_build_env/share/cmake-3.12/Modules/FindPythonLibs.cmake
                [3]	/Users/rdonnelly/opencv-build/work/cmake/OpenCVDetectPython.cmake
                [2]	/Users/rdonnelly/opencv-build/work/cmake/OpenCVDetectPython.cmake
                [1]	/Users/rdonnelly/opencv-build/work/CMakeLists.txt
/Users/rdonnelly/opencv-build/_build_env/share/cmake-3.12/Modules/CMakeFindFrameworks.cmake(26):  if(EXISTS ${dir} )
   Called from: [5]	/Users/rdonnelly/opencv-build/_build_env/share/cmake-3.12/Modules/CMakeFindFrameworks.cmake
                [4]	/Users/rdonnelly/opencv-build/_build_env/share/cmake-3.12/Modules/FindPythonLibs.cmake
                [3]	/Users/rdonnelly/opencv-build/work/cmake/OpenCVDetectPython.cmake
                [2]	/Users/rdonnelly/opencv-build/work/cmake/OpenCVDetectPython.cmake
                [1]	/Users/rdonnelly/opencv-build/work/CMakeLists.txt
/Users/rdonnelly/opencv-build/_build_env/share/cmake-3.12/Modules/CMakeFindFrameworks.cmake(27):  set(Python_FRAMEWORKS ${Python_FRAMEWORKS} ${dir} )
   Called from: [5]	/Users/rdonnelly/opencv-build/_build_env/share/cmake-3.12/Modules/CMakeFindFrameworks.cmake
                [4]	/Users/rdonnelly/opencv-build/_build_env/share/cmake-3.12/Modules/FindPythonLibs.cmake
                [3]	/Users/rdonnelly/opencv-build/work/cmake/OpenCVDetectPython.cmake
                [2]	/Users/rdonnelly/opencv-build/work/cmake/OpenCVDetectPython.cmake
                [1]	/Users/rdonnelly/opencv-build/work/CMakeLists.txt
/Users/rdonnelly/opencv-build/_build_env/share/cmake-3.12/Modules/CMakeFindFrameworks.cmake(26):  if(EXISTS ${dir} )
   Called from: [5]	/Users/rdonnelly/opencv-build/_build_env/share/cmake-3.12/Modules/CMakeFindFrameworks.cmake
                [4]	/Users/rdonnelly/opencv-build/_build_env/share/cmake-3.12/Modules/FindPythonLibs.cmake
                [3]	/Users/rdonnelly/opencv-build/work/cmake/OpenCVDetectPython.cmake
                [2]	/Users/rdonnelly/opencv-build/work/cmake/OpenCVDetectPython.cmake
                [1]	/Users/rdonnelly/opencv-build/work/CMakeLists.txt
/Users/rdonnelly/opencv-build/_build_env/share/cmake-3.12/Modules/FindPythonLibs.cmake(71):  if(DEFINED CMAKE_FIND_FRAMEWORK )
   Called from: [4]	/Users/rdonnelly/opencv-build/_build_env/share/cmake-3.12/Modules/FindPythonLibs.cmake
                [3]	/Users/rdonnelly/opencv-build/work/cmake/OpenCVDetectPython.cmake
                [2]	/Users/rdonnelly/opencv-build/work/cmake/OpenCVDetectPython.cmake
                [1]	/Users/rdonnelly/opencv-build/work/CMakeLists.txt
/Users/rdonnelly/opencv-build/_build_env/share/cmake-3.12/Modules/FindPythonLibs.cmake(72):  set(_PythonLibs_CMAKE_FIND_FRAMEWORK ${CMAKE_FIND_FRAMEWORK} )
   Called from: [4]	/Users/rdonnelly/opencv-build/_build_env/share/cmake-3.12/Modules/FindPythonLibs.cmake
                [3]	/Users/rdonnelly/opencv-build/work/cmake/OpenCVDetectPython.cmake
                [2]	/Users/rdonnelly/opencv-build/work/cmake/OpenCVDetectPython.cmake
                [1]	/Users/rdonnelly/opencv-build/work/CMakeLists.txt
/Users/rdonnelly/opencv-build/_build_env/share/cmake-3.12/Modules/FindPythonLibs.cmake(77):  set(CMAKE_FIND_FRAMEWORK LAST )
   Called from: [4]	/Users/rdonnelly/opencv-build/_build_env/share/cmake-3.12/Modules/FindPythonLibs.cmake
                [3]	/Users/rdonnelly/opencv-build/work/cmake/OpenCVDetectPython.cmake
                [2]	/Users/rdonnelly/opencv-build/work/cmake/OpenCVDetectPython.cmake
                [1]	/Users/rdonnelly/opencv-build/work/CMakeLists.txt
/Users/rdonnelly/opencv-build/_build_env/share/cmake-3.12/Modules/FindPythonLibs.cmake(79):  set(_PYTHON1_VERSIONS 1.6 1.5 )
   Called from: [4]	/Users/rdonnelly/opencv-build/_build_env/share/cmake-3.12/Modules/FindPythonLibs.cmake
                [3]	/Users/rdonnelly/opencv-build/work/cmake/OpenCVDetectPython.cmake
                [2]	/Users/rdonnelly/opencv-build/work/cmake/OpenCVDetectPython.cmake
                [1]	/Users/rdonnelly/opencv-build/work/CMakeLists.txt
/Users/rdonnelly/opencv-build/_build_env/share/cmake-3.12/Modules/FindPythonLibs.cmake(80):  set(_PYTHON2_VERSIONS 2.7 2.6 2.5 2.4 2.3 2.2 2.1 2.0 )
   Called from: [4]	/Users/rdonnelly/opencv-build/_build_env/share/cmake-3.12/Modules/FindPythonLibs.cmake
                [3]	/Users/rdonnelly/opencv-build/work/cmake/OpenCVDetectPython.cmake
                [2]	/Users/rdonnelly/opencv-build/work/cmake/OpenCVDetectPython.cmake
                [1]	/Users/rdonnelly/opencv-build/work/CMakeLists.txt
/Users/rdonnelly/opencv-build/_build_env/share/cmake-3.12/Modules/FindPythonLibs.cmake(81):  set(_PYTHON3_VERSIONS 3.8 3.7 3.6 3.5 3.4 3.3 3.2 3.1 3.0 )
   Called from: [4]	/Users/rdonnelly/opencv-build/_build_env/share/cmake-3.12/Modules/FindPythonLibs.cmake
                [3]	/Users/rdonnelly/opencv-build/work/cmake/OpenCVDetectPython.cmake
                [2]	/Users/rdonnelly/opencv-build/work/cmake/OpenCVDetectPython.cmake
                [1]	/Users/rdonnelly/opencv-build/work/CMakeLists.txt
/Users/rdonnelly/opencv-build/_build_env/share/cmake-3.12/Modules/FindPythonLibs.cmake(83):  if(PythonLibs_FIND_VERSION )
   Called from: [4]	/Users/rdonnelly/opencv-build/_build_env/share/cmake-3.12/Modules/FindPythonLibs.cmake
                [3]	/Users/rdonnelly/opencv-build/work/cmake/OpenCVDetectPython.cmake
                [2]	/Users/rdonnelly/opencv-build/work/cmake/OpenCVDetectPython.cmake
                [1]	/Users/rdonnelly/opencv-build/work/CMakeLists.txt
/Users/rdonnelly/opencv-build/_build_env/share/cmake-3.12/Modules/FindPythonLibs.cmake(84):  if(PythonLibs_FIND_VERSION_COUNT GREATER 1 )
   Called from: [4]	/Users/rdonnelly/opencv-build/_build_env/share/cmake-3.12/Modules/FindPythonLibs.cmake
                [3]	/Users/rdonnelly/opencv-build/work/cmake/OpenCVDetectPython.cmake
                [2]	/Users/rdonnelly/opencv-build/work/cmake/OpenCVDetectPython.cmake
                [1]	/Users/rdonnelly/opencv-build/work/CMakeLists.txt
/Users/rdonnelly/opencv-build/_build_env/share/cmake-3.12/Modules/FindPythonLibs.cmake(85):  set(_PYTHON_FIND_MAJ_MIN ${PythonLibs_FIND_VERSION_MAJOR}.${PythonLibs_FIND_VERSION_MINOR} )
   Called from: [4]	/Users/rdonnelly/opencv-build/_build_env/share/cmake-3.12/Modules/FindPythonLibs.cmake
                [3]	/Users/rdonnelly/opencv-build/work/cmake/OpenCVDetectPython.cmake
                [2]	/Users/rdonnelly/opencv-build/work/cmake/OpenCVDetectPython.cmake
                [1]	/Users/rdonnelly/opencv-build/work/CMakeLists.txt
/Users/rdonnelly/opencv-build/_build_env/share/cmake-3.12/Modules/FindPythonLibs.cmake(86):  unset(_PYTHON_FIND_OTHER_VERSIONS )
   Called from: [4]	/Users/rdonnelly/opencv-build/_build_env/share/cmake-3.12/Modules/FindPythonLibs.cmake
                [3]	/Users/rdonnelly/opencv-build/work/cmake/OpenCVDetectPython.cmake
                [2]	/Users/rdonnelly/opencv-build/work/cmake/OpenCVDetectPython.cmake
                [1]	/Users/rdonnelly/opencv-build/work/CMakeLists.txt
/Users/rdonnelly/opencv-build/_build_env/share/cmake-3.12/Modules/FindPythonLibs.cmake(87):  if(PythonLibs_FIND_VERSION_EXACT )
   Called from: [4]	/Users/rdonnelly/opencv-build/_build_env/share/cmake-3.12/Modules/FindPythonLibs.cmake
                [3]	/Users/rdonnelly/opencv-build/work/cmake/OpenCVDetectPython.cmake
                [2]	/Users/rdonnelly/opencv-build/work/cmake/OpenCVDetectPython.cmake
                [1]	/Users/rdonnelly/opencv-build/work/CMakeLists.txt
/Users/rdonnelly/opencv-build/_build_env/share/cmake-3.12/Modules/FindPythonLibs.cmake(88):  if(_PYTHON_FIND_MAJ_MIN STREQUAL PythonLibs_FIND_VERSION )
   Called from: [4]	/Users/rdonnelly/opencv-build/_build_env/share/cmake-3.12/Modules/FindPythonLibs.cmake
                [3]	/Users/rdonnelly/opencv-build/work/cmake/OpenCVDetectPython.cmake
                [2]	/Users/rdonnelly/opencv-build/work/cmake/OpenCVDetectPython.cmake
                [1]	/Users/rdonnelly/opencv-build/work/CMakeLists.txt
/Users/rdonnelly/opencv-build/_build_env/share/cmake-3.12/Modules/FindPythonLibs.cmake(90):  else()
   Called from: [4]	/Users/rdonnelly/opencv-build/_build_env/share/cmake-3.12/Modules/FindPythonLibs.cmake
                [3]	/Users/rdonnelly/opencv-build/work/cmake/OpenCVDetectPython.cmake
                [2]	/Users/rdonnelly/opencv-build/work/cmake/OpenCVDetectPython.cmake
                [1]	/Users/rdonnelly/opencv-build/work/CMakeLists.txt
/Users/rdonnelly/opencv-build/_build_env/share/cmake-3.12/Modules/FindPythonLibs.cmake(91):  set(_PYTHON_FIND_OTHER_VERSIONS ${PythonLibs_FIND_VERSION} ${_PYTHON_FIND_MAJ_MIN} )
   Called from: [4]	/Users/rdonnelly/opencv-build/_build_env/share/cmake-3.12/Modules/FindPythonLibs.cmake
                [3]	/Users/rdonnelly/opencv-build/work/cmake/OpenCVDetectPython.cmake
                [2]	/Users/rdonnelly/opencv-build/work/cmake/OpenCVDetectPython.cmake
                [1]	/Users/rdonnelly/opencv-build/work/CMakeLists.txt
/Users/rdonnelly/opencv-build/_build_env/share/cmake-3.12/Modules/FindPythonLibs.cmake(100):  unset(_PYTHON_FIND_MAJ_MIN )
   Called from: [4]	/Users/rdonnelly/opencv-build/_build_env/share/cmake-3.12/Modules/FindPythonLibs.cmake
                [3]	/Users/rdonnelly/opencv-build/work/cmake/OpenCVDetectPython.cmake
                [2]	/Users/rdonnelly/opencv-build/work/cmake/OpenCVDetectPython.cmake
                [1]	/Users/rdonnelly/opencv-build/work/CMakeLists.txt
/Users/rdonnelly/opencv-build/_build_env/share/cmake-3.12/Modules/FindPythonLibs.cmake(113):  set(_Python_VERSIONS ${Python_ADDITIONAL_VERSIONS} )
   Called from: [4]	/Users/rdonnelly/opencv-build/_build_env/share/cmake-3.12/Modules/FindPythonLibs.cmake
                [3]	/Users/rdonnelly/opencv-build/work/cmake/OpenCVDetectPython.cmake
                [2]	/Users/rdonnelly/opencv-build/work/cmake/OpenCVDetectPython.cmake
                [1]	/Users/rdonnelly/opencv-build/work/CMakeLists.txt
/Users/rdonnelly/opencv-build/_build_env/share/cmake-3.12/Modules/FindPythonLibs.cmake(114):  if(DEFINED PYTHON_VERSION_MAJOR AND DEFINED PYTHON_VERSION_MINOR )
   Called from: [4]	/Users/rdonnelly/opencv-build/_build_env/share/cmake-3.12/Modules/FindPythonLibs.cmake
                [3]	/Users/rdonnelly/opencv-build/work/cmake/OpenCVDetectPython.cmake
                [2]	/Users/rdonnelly/opencv-build/work/cmake/OpenCVDetectPython.cmake
                [1]	/Users/rdonnelly/opencv-build/work/CMakeLists.txt
/Users/rdonnelly/opencv-build/_build_env/share/cmake-3.12/Modules/FindPythonLibs.cmake(117):  list(APPEND _Python_VERSIONS ${_PYTHON_FIND_OTHER_VERSIONS} )
   Called from: [4]	/Users/rdonnelly/opencv-build/_build_env/share/cmake-3.12/Modules/FindPythonLibs.cmake
                [3]	/Users/rdonnelly/opencv-build/work/cmake/OpenCVDetectPython.cmake
                [2]	/Users/rdonnelly/opencv-build/work/cmake/OpenCVDetectPython.cmake
                [1]	/Users/rdonnelly/opencv-build/work/CMakeLists.txt
/Users/rdonnelly/opencv-build/_build_env/share/cmake-3.12/Modules/FindPythonLibs.cmake(119):  unset(_PYTHON_FIND_OTHER_VERSIONS )
   Called from: [4]	/Users/rdonnelly/opencv-build/_build_env/share/cmake-3.12/Modules/FindPythonLibs.cmake
                [3]	/Users/rdonnelly/opencv-build/work/cmake/OpenCVDetectPython.cmake
                [2]	/Users/rdonnelly/opencv-build/work/cmake/OpenCVDetectPython.cmake
                [1]	/Users/rdonnelly/opencv-build/work/CMakeLists.txt
/Users/rdonnelly/opencv-build/_build_env/share/cmake-3.12/Modules/FindPythonLibs.cmake(120):  unset(_PYTHON1_VERSIONS )
   Called from: [4]	/Users/rdonnelly/opencv-build/_build_env/share/cmake-3.12/Modules/FindPythonLibs.cmake
                [3]	/Users/rdonnelly/opencv-build/work/cmake/OpenCVDetectPython.cmake
                [2]	/Users/rdonnelly/opencv-build/work/cmake/OpenCVDetectPython.cmake
                [1]	/Users/rdonnelly/opencv-build/work/CMakeLists.txt
/Users/rdonnelly/opencv-build/_build_env/share/cmake-3.12/Modules/FindPythonLibs.cmake(121):  unset(_PYTHON2_VERSIONS )
   Called from: [4]	/Users/rdonnelly/opencv-build/_build_env/share/cmake-3.12/Modules/FindPythonLibs.cmake
                [3]	/Users/rdonnelly/opencv-build/work/cmake/OpenCVDetectPython.cmake
                [2]	/Users/rdonnelly/opencv-build/work/cmake/OpenCVDetectPython.cmake
                [1]	/Users/rdonnelly/opencv-build/work/CMakeLists.txt
/Users/rdonnelly/opencv-build/_build_env/share/cmake-3.12/Modules/FindPythonLibs.cmake(122):  unset(_PYTHON3_VERSIONS )
   Called from: [4]	/Users/rdonnelly/opencv-build/_build_env/share/cmake-3.12/Modules/FindPythonLibs.cmake
                [3]	/Users/rdonnelly/opencv-build/work/cmake/OpenCVDetectPython.cmake
                [2]	/Users/rdonnelly/opencv-build/work/cmake/OpenCVDetectPython.cmake
                [1]	/Users/rdonnelly/opencv-build/work/CMakeLists.txt
/Users/rdonnelly/opencv-build/_build_env/share/cmake-3.12/Modules/FindPythonLibs.cmake(124):  foreach(_CURRENT_VERSION ${_Python_VERSIONS} )
   Called from: [4]	/Users/rdonnelly/opencv-build/_build_env/share/cmake-3.12/Modules/FindPythonLibs.cmake
                [3]	/Users/rdonnelly/opencv-build/work/cmake/OpenCVDetectPython.cmake
                [2]	/Users/rdonnelly/opencv-build/work/cmake/OpenCVDetectPython.cmake
                [1]	/Users/rdonnelly/opencv-build/work/CMakeLists.txt
/Users/rdonnelly/opencv-build/_build_env/share/cmake-3.12/Modules/FindPythonLibs.cmake(125):  string(REPLACE .  _CURRENT_VERSION_NO_DOTS ${_CURRENT_VERSION} )
   Called from: [4]	/Users/rdonnelly/opencv-build/_build_env/share/cmake-3.12/Modules/FindPythonLibs.cmake
                [3]	/Users/rdonnelly/opencv-build/work/cmake/OpenCVDetectPython.cmake
                [2]	/Users/rdonnelly/opencv-build/work/cmake/OpenCVDetectPython.cmake
                [1]	/Users/rdonnelly/opencv-build/work/CMakeLists.txt
/Users/rdonnelly/opencv-build/_build_env/share/cmake-3.12/Modules/FindPythonLibs.cmake(126):  if(WIN32 )
   Called from: [4]	/Users/rdonnelly/opencv-build/_build_env/share/cmake-3.12/Modules/FindPythonLibs.cmake
                [3]	/Users/rdonnelly/opencv-build/work/cmake/OpenCVDetectPython.cmake
                [2]	/Users/rdonnelly/opencv-build/work/cmake/OpenCVDetectPython.cmake
                [1]	/Users/rdonnelly/opencv-build/work/CMakeLists.txt
/Users/rdonnelly/opencv-build/_build_env/share/cmake-3.12/Modules/FindPythonLibs.cmake(139):  set(PYTHON_FRAMEWORK_LIBRARIES )
   Called from: [4]	/Users/rdonnelly/opencv-build/_build_env/share/cmake-3.12/Modules/FindPythonLibs.cmake
                [3]	/Users/rdonnelly/opencv-build/work/cmake/OpenCVDetectPython.cmake
                [2]	/Users/rdonnelly/opencv-build/work/cmake/OpenCVDetectPython.cmake
                [1]	/Users/rdonnelly/opencv-build/work/CMakeLists.txt
/Users/rdonnelly/opencv-build/_build_env/share/cmake-3.12/Modules/FindPythonLibs.cmake(140):  if(Python_FRAMEWORKS AND NOT PYTHON_LIBRARY )
   Called from: [4]	/Users/rdonnelly/opencv-build/_build_env/share/cmake-3.12/Modules/FindPythonLibs.cmake
                [3]	/Users/rdonnelly/opencv-build/work/cmake/OpenCVDetectPython.cmake
                [2]	/Users/rdonnelly/opencv-build/work/cmake/OpenCVDetectPython.cmake
                [1]	/Users/rdonnelly/opencv-build/work/CMakeLists.txt
/Users/rdonnelly/opencv-build/_build_env/share/cmake-3.12/Modules/FindPythonLibs.cmake(141):  foreach(dir ${Python_FRAMEWORKS} )
   Called from: [4]	/Users/rdonnelly/opencv-build/_build_env/share/cmake-3.12/Modules/FindPythonLibs.cmake
                [3]	/Users/rdonnelly/opencv-build/work/cmake/OpenCVDetectPython.cmake
                [2]	/Users/rdonnelly/opencv-build/work/cmake/OpenCVDetectPython.cmake
                [1]	/Users/rdonnelly/opencv-build/work/CMakeLists.txt
/Users/rdonnelly/opencv-build/_build_env/share/cmake-3.12/Modules/FindPythonLibs.cmake(142):  list(APPEND PYTHON_FRAMEWORK_LIBRARIES ${dir}/Versions/${_CURRENT_VERSION}/lib )
   Called from: [4]	/Users/rdonnelly/opencv-build/_build_env/share/cmake-3.12/Modules/FindPythonLibs.cmake
                [3]	/Users/rdonnelly/opencv-build/work/cmake/OpenCVDetectPython.cmake
                [2]	/Users/rdonnelly/opencv-build/work/cmake/OpenCVDetectPython.cmake
                [1]	/Users/rdonnelly/opencv-build/work/CMakeLists.txt
/Users/rdonnelly/opencv-build/_build_env/share/cmake-3.12/Modules/FindPythonLibs.cmake(146):  find_library(PYTHON_LIBRARY NAMES python${_CURRENT_VERSION_NO_DOTS} python${_CURRENT_VERSION}mu python${_CURRENT_VERSION}m python${_CURRENT_VERSION}u python${_CURRENT_VERSION} NAMES_PER_DIR HINTS ${_Python_LIBRARY_PATH_HINT} PATHS ${PYTHON_FRAMEWORK_LIBRARIES} [HKEY_LOCAL_MACHINE\\SOFTWARE\\Python\\PythonCore\\${_CURRENT_VERSION}\\InstallPath]/libs [HKEY_CURRENT_USER\\SOFTWARE\\Python\\PythonCore\\${_CURRENT_VERSION}\\InstallPath]/libs )
   Called from: [4]	/Users/rdonnelly/opencv-build/_build_env/share/cmake-3.12/Modules/FindPythonLibs.cmake
                [3]	/Users/rdonnelly/opencv-build/work/cmake/OpenCVDetectPython.cmake
                [2]	/Users/rdonnelly/opencv-build/work/cmake/OpenCVDetectPython.cmake
                [1]	/Users/rdonnelly/opencv-build/work/CMakeLists.txt
/Users/rdonnelly/opencv-build/_build_env/share/cmake-3.12/Modules/FindPythonLibs.cmake(162):  find_library(PYTHON_LIBRARY NAMES python${_CURRENT_VERSION_NO_DOTS} python${_CURRENT_VERSION} NAMES_PER_DIR PATH_SUFFIXES python${_CURRENT_VERSION}/config )
   Called from: [4]	/Users/rdonnelly/opencv-build/_build_env/share/cmake-3.12/Modules/FindPythonLibs.cmake
                [3]	/Users/rdonnelly/opencv-build/work/cmake/OpenCVDetectPython.cmake
                [2]	/Users/rdonnelly/opencv-build/work/cmake/OpenCVDetectPython.cmake
                [1]	/Users/rdonnelly/opencv-build/work/CMakeLists.txt
/Users/rdonnelly/opencv-build/_build_env/share/cmake-3.12/Modules/FindPythonLibs.cmake(170):  if(PYTHON_LIBRARY )
   Called from: [4]	/Users/rdonnelly/opencv-build/_build_env/share/cmake-3.12/Modules/FindPythonLibs.cmake
                [3]	/Users/rdonnelly/opencv-build/work/cmake/OpenCVDetectPython.cmake
                [2]	/Users/rdonnelly/opencv-build/work/cmake/OpenCVDetectPython.cmake
                [1]	/Users/rdonnelly/opencv-build/work/CMakeLists.txt
/Users/rdonnelly/opencv-build/_build_env/share/cmake-3.12/Modules/FindPythonLibs.cmake(214):  set(PYTHON_INCLUDE_PATH ${PYTHON_INCLUDE_DIR} )
   Called from: [4]	/Users/rdonnelly/opencv-build/_build_env/share/cmake-3.12/Modules/FindPythonLibs.cmake
                [3]	/Users/rdonnelly/opencv-build/work/cmake/OpenCVDetectPython.cmake
                [2]	/Users/rdonnelly/opencv-build/work/cmake/OpenCVDetectPython.cmake
                [1]	/Users/rdonnelly/opencv-build/work/CMakeLists.txt
/Users/rdonnelly/opencv-build/_build_env/share/cmake-3.12/Modules/FindPythonLibs.cmake(216):  if(PYTHON_INCLUDE_DIR AND EXISTS ${PYTHON_INCLUDE_DIR}/patchlevel.h )
   Called from: [4]	/Users/rdonnelly/opencv-build/_build_env/share/cmake-3.12/Modules/FindPythonLibs.cmake
                [3]	/Users/rdonnelly/opencv-build/work/cmake/OpenCVDetectPython.cmake
                [2]	/Users/rdonnelly/opencv-build/work/cmake/OpenCVDetectPython.cmake
                [1]	/Users/rdonnelly/opencv-build/work/CMakeLists.txt
/Users/rdonnelly/opencv-build/_build_env/share/cmake-3.12/Modules/FindPythonLibs.cmake(224):  if(PYTHON_LIBRARY AND PYTHON_INCLUDE_DIR )
   Called from: [4]	/Users/rdonnelly/opencv-build/_build_env/share/cmake-3.12/Modules/FindPythonLibs.cmake
                [3]	/Users/rdonnelly/opencv-build/work/cmake/OpenCVDetectPython.cmake
                [2]	/Users/rdonnelly/opencv-build/work/cmake/OpenCVDetectPython.cmake
                [1]	/Users/rdonnelly/opencv-build/work/CMakeLists.txt
/Users/rdonnelly/opencv-build/_build_env/share/cmake-3.12/Modules/FindPythonLibs.cmake(125):  string(REPLACE .  _CURRENT_VERSION_NO_DOTS ${_CURRENT_VERSION} )
   Called from: [4]	/Users/rdonnelly/opencv-build/_build_env/share/cmake-3.12/Modules/FindPythonLibs.cmake
                [3]	/Users/rdonnelly/opencv-build/work/cmake/OpenCVDetectPython.cmake
                [2]	/Users/rdonnelly/opencv-build/work/cmake/OpenCVDetectPython.cmake
                [1]	/Users/rdonnelly/opencv-build/work/CMakeLists.txt
/Users/rdonnelly/opencv-build/_build_env/share/cmake-3.12/Modules/FindPythonLibs.cmake(126):  if(WIN32 )
   Called from: [4]	/Users/rdonnelly/opencv-build/_build_env/share/cmake-3.12/Modules/FindPythonLibs.cmake
                [3]	/Users/rdonnelly/opencv-build/work/cmake/OpenCVDetectPython.cmake
                [2]	/Users/rdonnelly/opencv-build/work/cmake/OpenCVDetectPython.cmake
                [1]	/Users/rdonnelly/opencv-build/work/CMakeLists.txt
/Users/rdonnelly/opencv-build/_build_env/share/cmake-3.12/Modules/FindPythonLibs.cmake(139):  set(PYTHON_FRAMEWORK_LIBRARIES )
   Called from: [4]	/Users/rdonnelly/opencv-build/_build_env/share/cmake-3.12/Modules/FindPythonLibs.cmake
                [3]	/Users/rdonnelly/opencv-build/work/cmake/OpenCVDetectPython.cmake
                [2]	/Users/rdonnelly/opencv-build/work/cmake/OpenCVDetectPython.cmake
                [1]	/Users/rdonnelly/opencv-build/work/CMakeLists.txt
/Users/rdonnelly/opencv-build/_build_env/share/cmake-3.12/Modules/FindPythonLibs.cmake(140):  if(Python_FRAMEWORKS AND NOT PYTHON_LIBRARY )
   Called from: [4]	/Users/rdonnelly/opencv-build/_build_env/share/cmake-3.12/Modules/FindPythonLibs.cmake
                [3]	/Users/rdonnelly/opencv-build/work/cmake/OpenCVDetectPython.cmake
                [2]	/Users/rdonnelly/opencv-build/work/cmake/OpenCVDetectPython.cmake
                [1]	/Users/rdonnelly/opencv-build/work/CMakeLists.txt
/Users/rdonnelly/opencv-build/_build_env/share/cmake-3.12/Modules/FindPythonLibs.cmake(141):  foreach(dir ${Python_FRAMEWORKS} )
   Called from: [4]	/Users/rdonnelly/opencv-build/_build_env/share/cmake-3.12/Modules/FindPythonLibs.cmake
                [3]	/Users/rdonnelly/opencv-build/work/cmake/OpenCVDetectPython.cmake
                [2]	/Users/rdonnelly/opencv-build/work/cmake/OpenCVDetectPython.cmake
                [1]	/Users/rdonnelly/opencv-build/work/CMakeLists.txt
/Users/rdonnelly/opencv-build/_build_env/share/cmake-3.12/Modules/FindPythonLibs.cmake(142):  list(APPEND PYTHON_FRAMEWORK_LIBRARIES ${dir}/Versions/${_CURRENT_VERSION}/lib )
   Called from: [4]	/Users/rdonnelly/opencv-build/_build_env/share/cmake-3.12/Modules/FindPythonLibs.cmake
                [3]	/Users/rdonnelly/opencv-build/work/cmake/OpenCVDetectPython.cmake
                [2]	/Users/rdonnelly/opencv-build/work/cmake/OpenCVDetectPython.cmake
                [1]	/Users/rdonnelly/opencv-build/work/CMakeLists.txt
/Users/rdonnelly/opencv-build/_build_env/share/cmake-3.12/Modules/FindPythonLibs.cmake(146):  find_library(PYTHON_LIBRARY NAMES python${_CURRENT_VERSION_NO_DOTS} python${_CURRENT_VERSION}mu python${_CURRENT_VERSION}m python${_CURRENT_VERSION}u python${_CURRENT_VERSION} NAMES_PER_DIR HINTS ${_Python_LIBRARY_PATH_HINT} PATHS ${PYTHON_FRAMEWORK_LIBRARIES} [HKEY_LOCAL_MACHINE\\SOFTWARE\\Python\\PythonCore\\${_CURRENT_VERSION}\\InstallPath]/libs [HKEY_CURRENT_USER\\SOFTWARE\\Python\\PythonCore\\${_CURRENT_VERSION}\\InstallPath]/libs )
   Called from: [4]	/Users/rdonnelly/opencv-build/_build_env/share/cmake-3.12/Modules/FindPythonLibs.cmake
                [3]	/Users/rdonnelly/opencv-build/work/cmake/OpenCVDetectPython.cmake
                [2]	/Users/rdonnelly/opencv-build/work/cmake/OpenCVDetectPython.cmake
                [1]	/Users/rdonnelly/opencv-build/work/CMakeLists.txt
/Users/rdonnelly/opencv-build/_build_env/share/cmake-3.12/Modules/FindPythonLibs.cmake(162):  find_library(PYTHON_LIBRARY NAMES python${_CURRENT_VERSION_NO_DOTS} python${_CURRENT_VERSION} NAMES_PER_DIR PATH_SUFFIXES python${_CURRENT_VERSION}/config )
   Called from: [4]	/Users/rdonnelly/opencv-build/_build_env/share/cmake-3.12/Modules/FindPythonLibs.cmake
                [3]	/Users/rdonnelly/opencv-build/work/cmake/OpenCVDetectPython.cmake
                [2]	/Users/rdonnelly/opencv-build/work/cmake/OpenCVDetectPython.cmake
                [1]	/Users/rdonnelly/opencv-build/work/CMakeLists.txt
/Users/rdonnelly/opencv-build/_build_env/share/cmake-3.12/Modules/FindPythonLibs.cmake(170):  if(PYTHON_LIBRARY )
   Called from: [4]	/Users/rdonnelly/opencv-build/_build_env/share/cmake-3.12/Modules/FindPythonLibs.cmake
                [3]	/Users/rdonnelly/opencv-build/work/cmake/OpenCVDetectPython.cmake
                [2]	/Users/rdonnelly/opencv-build/work/cmake/OpenCVDetectPython.cmake
                [1]	/Users/rdonnelly/opencv-build/work/CMakeLists.txt
/Users/rdonnelly/opencv-build/_build_env/share/cmake-3.12/Modules/FindPythonLibs.cmake(173):  set(_Python_INCLUDE_PATH_HINT )
   Called from: [4]	/Users/rdonnelly/opencv-build/_build_env/share/cmake-3.12/Modules/FindPythonLibs.cmake
                [3]	/Users/rdonnelly/opencv-build/work/cmake/OpenCVDetectPython.cmake
                [2]	/Users/rdonnelly/opencv-build/work/cmake/OpenCVDetectPython.cmake
                [1]	/Users/rdonnelly/opencv-build/work/CMakeLists.txt
/Users/rdonnelly/opencv-build/_build_env/share/cmake-3.12/Modules/FindPythonLibs.cmake(177):  foreach(lib ${PYTHON_LIBRARY} ${PYTHON_DEBUG_LIBRARY} )
   Called from: [4]	/Users/rdonnelly/opencv-build/_build_env/share/cmake-3.12/Modules/FindPythonLibs.cmake
                [3]	/Users/rdonnelly/opencv-build/work/cmake/OpenCVDetectPython.cmake
                [2]	/Users/rdonnelly/opencv-build/work/cmake/OpenCVDetectPython.cmake
                [1]	/Users/rdonnelly/opencv-build/work/CMakeLists.txt
/Users/rdonnelly/opencv-build/_build_env/share/cmake-3.12/Modules/FindPythonLibs.cmake(178):  if(IS_ABSOLUTE ${lib} )
   Called from: [4]	/Users/rdonnelly/opencv-build/_build_env/share/cmake-3.12/Modules/FindPythonLibs.cmake
                [3]	/Users/rdonnelly/opencv-build/work/cmake/OpenCVDetectPython.cmake
                [2]	/Users/rdonnelly/opencv-build/work/cmake/OpenCVDetectPython.cmake
                [1]	/Users/rdonnelly/opencv-build/work/CMakeLists.txt
/Users/rdonnelly/opencv-build/_build_env/share/cmake-3.12/Modules/FindPythonLibs.cmake(179):  get_filename_component(_Python_PREFIX ${lib} PATH )
   Called from: [4]	/Users/rdonnelly/opencv-build/_build_env/share/cmake-3.12/Modules/FindPythonLibs.cmake
                [3]	/Users/rdonnelly/opencv-build/work/cmake/OpenCVDetectPython.cmake
                [2]	/Users/rdonnelly/opencv-build/work/cmake/OpenCVDetectPython.cmake
                [1]	/Users/rdonnelly/opencv-build/work/CMakeLists.txt
/Users/rdonnelly/opencv-build/_build_env/share/cmake-3.12/Modules/FindPythonLibs.cmake(180):  get_filename_component(_Python_PREFIX ${_Python_PREFIX} PATH )
   Called from: [4]	/Users/rdonnelly/opencv-build/_build_env/share/cmake-3.12/Modules/FindPythonLibs.cmake
                [3]	/Users/rdonnelly/opencv-build/work/cmake/OpenCVDetectPython.cmake
                [2]	/Users/rdonnelly/opencv-build/work/cmake/OpenCVDetectPython.cmake
                [1]	/Users/rdonnelly/opencv-build/work/CMakeLists.txt
/Users/rdonnelly/opencv-build/_build_env/share/cmake-3.12/Modules/FindPythonLibs.cmake(181):  if(_Python_PREFIX )
   Called from: [4]	/Users/rdonnelly/opencv-build/_build_env/share/cmake-3.12/Modules/FindPythonLibs.cmake
                [3]	/Users/rdonnelly/opencv-build/work/cmake/OpenCVDetectPython.cmake
                [2]	/Users/rdonnelly/opencv-build/work/cmake/OpenCVDetectPython.cmake
                [1]	/Users/rdonnelly/opencv-build/work/CMakeLists.txt
/Users/rdonnelly/opencv-build/_build_env/share/cmake-3.12/Modules/FindPythonLibs.cmake(182):  list(APPEND _Python_INCLUDE_PATH_HINT ${_Python_PREFIX}/include )
   Called from: [4]	/Users/rdonnelly/opencv-build/_build_env/share/cmake-3.12/Modules/FindPythonLibs.cmake
                [3]	/Users/rdonnelly/opencv-build/work/cmake/OpenCVDetectPython.cmake
                [2]	/Users/rdonnelly/opencv-build/work/cmake/OpenCVDetectPython.cmake
                [1]	/Users/rdonnelly/opencv-build/work/CMakeLists.txt
/Users/rdonnelly/opencv-build/_build_env/share/cmake-3.12/Modules/FindPythonLibs.cmake(184):  unset(_Python_PREFIX )
   Called from: [4]	/Users/rdonnelly/opencv-build/_build_env/share/cmake-3.12/Modules/FindPythonLibs.cmake
                [3]	/Users/rdonnelly/opencv-build/work/cmake/OpenCVDetectPython.cmake
                [2]	/Users/rdonnelly/opencv-build/work/cmake/OpenCVDetectPython.cmake
                [1]	/Users/rdonnelly/opencv-build/work/CMakeLists.txt
/Users/rdonnelly/opencv-build/_build_env/share/cmake-3.12/Modules/FindPythonLibs.cmake(189):  set(PYTHON_FRAMEWORK_INCLUDES )
   Called from: [4]	/Users/rdonnelly/opencv-build/_build_env/share/cmake-3.12/Modules/FindPythonLibs.cmake
                [3]	/Users/rdonnelly/opencv-build/work/cmake/OpenCVDetectPython.cmake
                [2]	/Users/rdonnelly/opencv-build/work/cmake/OpenCVDetectPython.cmake
                [1]	/Users/rdonnelly/opencv-build/work/CMakeLists.txt
/Users/rdonnelly/opencv-build/_build_env/share/cmake-3.12/Modules/FindPythonLibs.cmake(190):  if(Python_FRAMEWORKS AND NOT PYTHON_INCLUDE_DIR )
   Called from: [4]	/Users/rdonnelly/opencv-build/_build_env/share/cmake-3.12/Modules/FindPythonLibs.cmake
                [3]	/Users/rdonnelly/opencv-build/work/cmake/OpenCVDetectPython.cmake
                [2]	/Users/rdonnelly/opencv-build/work/cmake/OpenCVDetectPython.cmake
                [1]	/Users/rdonnelly/opencv-build/work/CMakeLists.txt
/Users/rdonnelly/opencv-build/_build_env/share/cmake-3.12/Modules/FindPythonLibs.cmake(191):  foreach(dir ${Python_FRAMEWORKS} )
   Called from: [4]	/Users/rdonnelly/opencv-build/_build_env/share/cmake-3.12/Modules/FindPythonLibs.cmake
                [3]	/Users/rdonnelly/opencv-build/work/cmake/OpenCVDetectPython.cmake
                [2]	/Users/rdonnelly/opencv-build/work/cmake/OpenCVDetectPython.cmake
                [1]	/Users/rdonnelly/opencv-build/work/CMakeLists.txt
/Users/rdonnelly/opencv-build/_build_env/share/cmake-3.12/Modules/FindPythonLibs.cmake(192):  list(APPEND PYTHON_FRAMEWORK_INCLUDES ${dir}/Versions/${_CURRENT_VERSION}/include )
   Called from: [4]	/Users/rdonnelly/opencv-build/_build_env/share/cmake-3.12/Modules/FindPythonLibs.cmake
                [3]	/Users/rdonnelly/opencv-build/work/cmake/OpenCVDetectPython.cmake
                [2]	/Users/rdonnelly/opencv-build/work/cmake/OpenCVDetectPython.cmake
                [1]	/Users/rdonnelly/opencv-build/work/CMakeLists.txt
/Users/rdonnelly/opencv-build/_build_env/share/cmake-3.12/Modules/FindPythonLibs.cmake(197):  find_path(PYTHON_INCLUDE_DIR NAMES Python.h HINTS ${_Python_INCLUDE_PATH_HINT} PATHS ${PYTHON_FRAMEWORK_INCLUDES} [HKEY_LOCAL_MACHINE\\SOFTWARE\\Python\\PythonCore\\${_CURRENT_VERSION}\\InstallPath]/include [HKEY_CURRENT_USER\\SOFTWARE\\Python\\PythonCore\\${_CURRENT_VERSION}\\InstallPath]/include PATH_SUFFIXES python${_CURRENT_VERSION}mu python${_CURRENT_VERSION}m python${_CURRENT_VERSION}u python${_CURRENT_VERSION} )
   Called from: [4]	/Users/rdonnelly/opencv-build/_build_env/share/cmake-3.12/Modules/FindPythonLibs.cmake
                [3]	/Users/rdonnelly/opencv-build/work/cmake/OpenCVDetectPython.cmake
                [2]	/Users/rdonnelly/opencv-build/work/cmake/OpenCVDetectPython.cmake
                [1]	/Users/rdonnelly/opencv-build/work/CMakeLists.txt
/Users/rdonnelly/opencv-build/_build_env/share/cmake-3.12/Modules/FindPythonLibs.cmake(214):  set(PYTHON_INCLUDE_PATH ${PYTHON_INCLUDE_DIR} )
   Called from: [4]	/Users/rdonnelly/opencv-build/_build_env/share/cmake-3.12/Modules/FindPythonLibs.cmake
                [3]	/Users/rdonnelly/opencv-build/work/cmake/OpenCVDetectPython.cmake
                [2]	/Users/rdonnelly/opencv-build/work/cmake/OpenCVDetectPython.cmake
                [1]	/Users/rdonnelly/opencv-build/work/CMakeLists.txt
/Users/rdonnelly/opencv-build/_build_env/share/cmake-3.12/Modules/FindPythonLibs.cmake(216):  if(PYTHON_INCLUDE_DIR AND EXISTS ${PYTHON_INCLUDE_DIR}/patchlevel.h )
   Called from: [4]	/Users/rdonnelly/opencv-build/_build_env/share/cmake-3.12/Modules/FindPythonLibs.cmake
                [3]	/Users/rdonnelly/opencv-build/work/cmake/OpenCVDetectPython.cmake
                [2]	/Users/rdonnelly/opencv-build/work/cmake/OpenCVDetectPython.cmake
                [1]	/Users/rdonnelly/opencv-build/work/CMakeLists.txt
/Users/rdonnelly/opencv-build/_build_env/share/cmake-3.12/Modules/FindPythonLibs.cmake(217):  file(STRINGS ${PYTHON_INCLUDE_DIR}/patchlevel.h python_version_str REGEX ^#define[ \t]+PY_VERSION[ \t]+\"[^\"]+\" )
   Called from: [4]	/Users/rdonnelly/opencv-build/_build_env/share/cmake-3.12/Modules/FindPythonLibs.cmake
                [3]	/Users/rdonnelly/opencv-build/work/cmake/OpenCVDetectPython.cmake
                [2]	/Users/rdonnelly/opencv-build/work/cmake/OpenCVDetectPython.cmake
                [1]	/Users/rdonnelly/opencv-build/work/CMakeLists.txt
/Users/rdonnelly/opencv-build/_build_env/share/cmake-3.12/Modules/FindPythonLibs.cmake(219):  string(REGEX REPLACE ^#define[ \t]+PY_VERSION[ \t]+\"([^\"]+)\".* \\1 PYTHONLIBS_VERSION_STRING ${python_version_str} )
   Called from: [4]	/Users/rdonnelly/opencv-build/_build_env/share/cmake-3.12/Modules/FindPythonLibs.cmake
                [3]	/Users/rdonnelly/opencv-build/work/cmake/OpenCVDetectPython.cmake
                [2]	/Users/rdonnelly/opencv-build/work/cmake/OpenCVDetectPython.cmake
                [1]	/Users/rdonnelly/opencv-build/work/CMakeLists.txt
/Users/rdonnelly/opencv-build/_build_env/share/cmake-3.12/Modules/FindPythonLibs.cmake(221):  unset(python_version_str )
   Called from: [4]	/Users/rdonnelly/opencv-build/_build_env/share/cmake-3.12/Modules/FindPythonLibs.cmake
                [3]	/Users/rdonnelly/opencv-build/work/cmake/OpenCVDetectPython.cmake
                [2]	/Users/rdonnelly/opencv-build/work/cmake/OpenCVDetectPython.cmake
                [1]	/Users/rdonnelly/opencv-build/work/CMakeLists.txt
/Users/rdonnelly/opencv-build/_build_env/share/cmake-3.12/Modules/FindPythonLibs.cmake(224):  if(PYTHON_LIBRARY AND PYTHON_INCLUDE_DIR )
   Called from: [4]	/Users/rdonnelly/opencv-build/_build_env/share/cmake-3.12/Modules/FindPythonLibs.cmake
                [3]	/Users/rdonnelly/opencv-build/work/cmake/OpenCVDetectPython.cmake
                [2]	/Users/rdonnelly/opencv-build/work/cmake/OpenCVDetectPython.cmake
                [1]	/Users/rdonnelly/opencv-build/work/CMakeLists.txt
/Users/rdonnelly/opencv-build/_build_env/share/cmake-3.12/Modules/FindPythonLibs.cmake(225):  break()
   Called from: [4]	/Users/rdonnelly/opencv-build/_build_env/share/cmake-3.12/Modules/FindPythonLibs.cmake
                [3]	/Users/rdonnelly/opencv-build/work/cmake/OpenCVDetectPython.cmake
                [2]	/Users/rdonnelly/opencv-build/work/cmake/OpenCVDetectPython.cmake
                [1]	/Users/rdonnelly/opencv-build/work/CMakeLists.txt
/Users/rdonnelly/opencv-build/_build_env/share/cmake-3.12/Modules/FindPythonLibs.cmake(229):  unset(_Python_INCLUDE_PATH_HINT )
   Called from: [4]	/Users/rdonnelly/opencv-build/_build_env/share/cmake-3.12/Modules/FindPythonLibs.cmake
                [3]	/Users/rdonnelly/opencv-build/work/cmake/OpenCVDetectPython.cmake
                [2]	/Users/rdonnelly/opencv-build/work/cmake/OpenCVDetectPython.cmake
                [1]	/Users/rdonnelly/opencv-build/work/CMakeLists.txt
/Users/rdonnelly/opencv-build/_build_env/share/cmake-3.12/Modules/FindPythonLibs.cmake(230):  unset(_Python_LIBRARY_PATH_HINT )
   Called from: [4]	/Users/rdonnelly/opencv-build/_build_env/share/cmake-3.12/Modules/FindPythonLibs.cmake
                [3]	/Users/rdonnelly/opencv-build/work/cmake/OpenCVDetectPython.cmake
                [2]	/Users/rdonnelly/opencv-build/work/cmake/OpenCVDetectPython.cmake
                [1]	/Users/rdonnelly/opencv-build/work/CMakeLists.txt
/Users/rdonnelly/opencv-build/_build_env/share/cmake-3.12/Modules/FindPythonLibs.cmake(232):  mark_as_advanced(PYTHON_DEBUG_LIBRARY PYTHON_LIBRARY PYTHON_INCLUDE_DIR )
   Called from: [4]	/Users/rdonnelly/opencv-build/_build_env/share/cmake-3.12/Modules/FindPythonLibs.cmake
                [3]	/Users/rdonnelly/opencv-build/work/cmake/OpenCVDetectPython.cmake
                [2]	/Users/rdonnelly/opencv-build/work/cmake/OpenCVDetectPython.cmake
                [1]	/Users/rdonnelly/opencv-build/work/CMakeLists.txt
/Users/rdonnelly/opencv-build/_build_env/share/cmake-3.12/Modules/FindPythonLibs.cmake(242):  set(PYTHON_INCLUDE_DIRS ${PYTHON_INCLUDE_DIR} )
   Called from: [4]	/Users/rdonnelly/opencv-build/_build_env/share/cmake-3.12/Modules/FindPythonLibs.cmake
                [3]	/Users/rdonnelly/opencv-build/work/cmake/OpenCVDetectPython.cmake
                [2]	/Users/rdonnelly/opencv-build/work/cmake/OpenCVDetectPython.cmake
                [1]	/Users/rdonnelly/opencv-build/work/CMakeLists.txt
/Users/rdonnelly/opencv-build/_build_env/share/cmake-3.12/Modules/FindPythonLibs.cmake(243):  set(PYTHON_DEBUG_LIBRARIES ${PYTHON_DEBUG_LIBRARY} )
   Called from: [4]	/Users/rdonnelly/opencv-build/_build_env/share/cmake-3.12/Modules/FindPythonLibs.cmake
                [3]	/Users/rdonnelly/opencv-build/work/cmake/OpenCVDetectPython.cmake
                [2]	/Users/rdonnelly/opencv-build/work/cmake/OpenCVDetectPython.cmake
                [1]	/Users/rdonnelly/opencv-build/work/CMakeLists.txt
/Users/rdonnelly/opencv-build/_build_env/share/cmake-3.12/Modules/FindPythonLibs.cmake(247):  set(PYTHON_LIBRARY_DEBUG ${PYTHON_DEBUG_LIBRARY} )
   Called from: [4]	/Users/rdonnelly/opencv-build/_build_env/share/cmake-3.12/Modules/FindPythonLibs.cmake
                [3]	/Users/rdonnelly/opencv-build/work/cmake/OpenCVDetectPython.cmake
                [2]	/Users/rdonnelly/opencv-build/work/cmake/OpenCVDetectPython.cmake
                [1]	/Users/rdonnelly/opencv-build/work/CMakeLists.txt
/Users/rdonnelly/opencv-build/_build_env/share/cmake-3.12/Modules/FindPythonLibs.cmake(248):  set(PYTHON_LIBRARY_RELEASE ${PYTHON_LIBRARY} )
   Called from: [4]	/Users/rdonnelly/opencv-build/_build_env/share/cmake-3.12/Modules/FindPythonLibs.cmake
                [3]	/Users/rdonnelly/opencv-build/work/cmake/OpenCVDetectPython.cmake
                [2]	/Users/rdonnelly/opencv-build/work/cmake/OpenCVDetectPython.cmake
                [1]	/Users/rdonnelly/opencv-build/work/CMakeLists.txt
/Users/rdonnelly/opencv-build/_build_env/share/cmake-3.12/Modules/FindPythonLibs.cmake(249):  include(${CMAKE_CURRENT_LIST_DIR}/SelectLibraryConfigurations.cmake )
   Called from: [4]	/Users/rdonnelly/opencv-build/_build_env/share/cmake-3.12/Modules/FindPythonLibs.cmake
                [3]	/Users/rdonnelly/opencv-build/work/cmake/OpenCVDetectPython.cmake
                [2]	/Users/rdonnelly/opencv-build/work/cmake/OpenCVDetectPython.cmake
                [1]	/Users/rdonnelly/opencv-build/work/CMakeLists.txt
/Users/rdonnelly/opencv-build/_build_env/share/cmake-3.12/Modules/SelectLibraryConfigurations.cmake(33):  macro(select_library_configurations basename )
   Called from: [5]	/Users/rdonnelly/opencv-build/_build_env/share/cmake-3.12/Modules/SelectLibraryConfigurations.cmake
                [4]	/Users/rdonnelly/opencv-build/_build_env/share/cmake-3.12/Modules/FindPythonLibs.cmake
                [3]	/Users/rdonnelly/opencv-build/work/cmake/OpenCVDetectPython.cmake
                [2]	/Users/rdonnelly/opencv-build/work/cmake/OpenCVDetectPython.cmake
                [1]	/Users/rdonnelly/opencv-build/work/CMakeLists.txt
/Users/rdonnelly/opencv-build/_build_env/share/cmake-3.12/Modules/FindPythonLibs.cmake(250):  SELECT_LIBRARY_CONFIGURATIONS(PYTHON )
   Called from: [4]	/Users/rdonnelly/opencv-build/_build_env/share/cmake-3.12/Modules/FindPythonLibs.cmake
                [3]	/Users/rdonnelly/opencv-build/work/cmake/OpenCVDetectPython.cmake
                [2]	/Users/rdonnelly/opencv-build/work/cmake/OpenCVDetectPython.cmake
                [1]	/Users/rdonnelly/opencv-build/work/CMakeLists.txt
/Users/rdonnelly/opencv-build/_build_env/share/cmake-3.12/Modules/SelectLibraryConfigurations.cmake(34):  if(NOT PYTHON_LIBRARY_RELEASE )
   Called from: [5]	/Users/rdonnelly/opencv-build/_build_env/share/cmake-3.12/Modules/SelectLibraryConfigurations.cmake
                [4]	/Users/rdonnelly/opencv-build/_build_env/share/cmake-3.12/Modules/FindPythonLibs.cmake
                [3]	/Users/rdonnelly/opencv-build/work/cmake/OpenCVDetectPython.cmake
                [2]	/Users/rdonnelly/opencv-build/work/cmake/OpenCVDetectPython.cmake
                [1]	/Users/rdonnelly/opencv-build/work/CMakeLists.txt
/Users/rdonnelly/opencv-build/_build_env/share/cmake-3.12/Modules/SelectLibraryConfigurations.cmake(37):  if(NOT PYTHON_LIBRARY_DEBUG )
   Called from: [5]	/Users/rdonnelly/opencv-build/_build_env/share/cmake-3.12/Modules/SelectLibraryConfigurations.cmake
                [4]	/Users/rdonnelly/opencv-build/_build_env/share/cmake-3.12/Modules/FindPythonLibs.cmake
                [3]	/Users/rdonnelly/opencv-build/work/cmake/OpenCVDetectPython.cmake
                [2]	/Users/rdonnelly/opencv-build/work/cmake/OpenCVDetectPython.cmake
                [1]	/Users/rdonnelly/opencv-build/work/CMakeLists.txt
/Users/rdonnelly/opencv-build/_build_env/share/cmake-3.12/Modules/SelectLibraryConfigurations.cmake(38):  set(PYTHON_LIBRARY_DEBUG PYTHON_LIBRARY_DEBUG-NOTFOUND CACHE FILEPATH Path to a library. )
   Called from: [5]	/Users/rdonnelly/opencv-build/_build_env/share/cmake-3.12/Modules/SelectLibraryConfigurations.cmake
                [4]	/Users/rdonnelly/opencv-build/_build_env/share/cmake-3.12/Modules/FindPythonLibs.cmake
                [3]	/Users/rdonnelly/opencv-build/work/cmake/OpenCVDetectPython.cmake
                [2]	/Users/rdonnelly/opencv-build/work/cmake/OpenCVDetectPython.cmake
                [1]	/Users/rdonnelly/opencv-build/work/CMakeLists.txt
/Users/rdonnelly/opencv-build/_build_env/share/cmake-3.12/Modules/SelectLibraryConfigurations.cmake(41):  get_property(_isMultiConfig GLOBAL PROPERTY GENERATOR_IS_MULTI_CONFIG )
   Called from: [5]	/Users/rdonnelly/opencv-build/_build_env/share/cmake-3.12/Modules/SelectLibraryConfigurations.cmake
                [4]	/Users/rdonnelly/opencv-build/_build_env/share/cmake-3.12/Modules/FindPythonLibs.cmake
                [3]	/Users/rdonnelly/opencv-build/work/cmake/OpenCVDetectPython.cmake
                [2]	/Users/rdonnelly/opencv-build/work/cmake/OpenCVDetectPython.cmake
                [1]	/Users/rdonnelly/opencv-build/work/CMakeLists.txt
/Users/rdonnelly/opencv-build/_build_env/share/cmake-3.12/Modules/SelectLibraryConfigurations.cmake(42):  if(PYTHON_LIBRARY_DEBUG AND PYTHON_LIBRARY_RELEASE AND NOT PYTHON_LIBRARY_DEBUG STREQUAL PYTHON_LIBRARY_RELEASE AND ( _isMultiConfig OR CMAKE_BUILD_TYPE ) )
   Called from: [5]	/Users/rdonnelly/opencv-build/_build_env/share/cmake-3.12/Modules/SelectLibraryConfigurations.cmake
                [4]	/Users/rdonnelly/opencv-build/_build_env/share/cmake-3.12/Modules/FindPythonLibs.cmake
                [3]	/Users/rdonnelly/opencv-build/work/cmake/OpenCVDetectPython.cmake
                [2]	/Users/rdonnelly/opencv-build/work/cmake/OpenCVDetectPython.cmake
                [1]	/Users/rdonnelly/opencv-build/work/CMakeLists.txt
/Users/rdonnelly/opencv-build/_build_env/share/cmake-3.12/Modules/SelectLibraryConfigurations.cmake(54):  elseif(PYTHON_LIBRARY_RELEASE )
   Called from: [5]	/Users/rdonnelly/opencv-build/_build_env/share/cmake-3.12/Modules/SelectLibraryConfigurations.cmake
                [4]	/Users/rdonnelly/opencv-build/_build_env/share/cmake-3.12/Modules/FindPythonLibs.cmake
                [3]	/Users/rdonnelly/opencv-build/work/cmake/OpenCVDetectPython.cmake
                [2]	/Users/rdonnelly/opencv-build/work/cmake/OpenCVDetectPython.cmake
                [1]	/Users/rdonnelly/opencv-build/work/CMakeLists.txt
/Users/rdonnelly/opencv-build/_build_env/share/cmake-3.12/Modules/SelectLibraryConfigurations.cmake(55):  set(PYTHON_LIBRARY ${PYTHON_LIBRARY_RELEASE} )
   Called from: [5]	/Users/rdonnelly/opencv-build/_build_env/share/cmake-3.12/Modules/SelectLibraryConfigurations.cmake
                [4]	/Users/rdonnelly/opencv-build/_build_env/share/cmake-3.12/Modules/FindPythonLibs.cmake
                [3]	/Users/rdonnelly/opencv-build/work/cmake/OpenCVDetectPython.cmake
                [2]	/Users/rdonnelly/opencv-build/work/cmake/OpenCVDetectPython.cmake
                [1]	/Users/rdonnelly/opencv-build/work/CMakeLists.txt
/Users/rdonnelly/opencv-build/_build_env/share/cmake-3.12/Modules/SelectLibraryConfigurations.cmake(62):  set(PYTHON_LIBRARIES ${PYTHON_LIBRARY} )
   Called from: [5]	/Users/rdonnelly/opencv-build/_build_env/share/cmake-3.12/Modules/SelectLibraryConfigurations.cmake
                [4]	/Users/rdonnelly/opencv-build/_build_env/share/cmake-3.12/Modules/FindPythonLibs.cmake
                [3]	/Users/rdonnelly/opencv-build/work/cmake/OpenCVDetectPython.cmake
                [2]	/Users/rdonnelly/opencv-build/work/cmake/OpenCVDetectPython.cmake
                [1]	/Users/rdonnelly/opencv-build/work/CMakeLists.txt
/Users/rdonnelly/opencv-build/_build_env/share/cmake-3.12/Modules/SelectLibraryConfigurations.cmake(64):  if(PYTHON_LIBRARY )
   Called from: [5]	/Users/rdonnelly/opencv-build/_build_env/share/cmake-3.12/Modules/SelectLibraryConfigurations.cmake
                [4]	/Users/rdonnelly/opencv-build/_build_env/share/cmake-3.12/Modules/FindPythonLibs.cmake
                [3]	/Users/rdonnelly/opencv-build/work/cmake/OpenCVDetectPython.cmake
                [2]	/Users/rdonnelly/opencv-build/work/cmake/OpenCVDetectPython.cmake
                [1]	/Users/rdonnelly/opencv-build/work/CMakeLists.txt
/Users/rdonnelly/opencv-build/_build_env/share/cmake-3.12/Modules/SelectLibraryConfigurations.cmake(65):  set(PYTHON_FOUND TRUE )
   Called from: [5]	/Users/rdonnelly/opencv-build/_build_env/share/cmake-3.12/Modules/SelectLibraryConfigurations.cmake
                [4]	/Users/rdonnelly/opencv-build/_build_env/share/cmake-3.12/Modules/FindPythonLibs.cmake
                [3]	/Users/rdonnelly/opencv-build/work/cmake/OpenCVDetectPython.cmake
                [2]	/Users/rdonnelly/opencv-build/work/cmake/OpenCVDetectPython.cmake
                [1]	/Users/rdonnelly/opencv-build/work/CMakeLists.txt
/Users/rdonnelly/opencv-build/_build_env/share/cmake-3.12/Modules/SelectLibraryConfigurations.cmake(68):  mark_as_advanced(PYTHON_LIBRARY_RELEASE PYTHON_LIBRARY_DEBUG )
   Called from: [5]	/Users/rdonnelly/opencv-build/_build_env/share/cmake-3.12/Modules/SelectLibraryConfigurations.cmake
                [4]	/Users/rdonnelly/opencv-build/_build_env/share/cmake-3.12/Modules/FindPythonLibs.cmake
                [3]	/Users/rdonnelly/opencv-build/work/cmake/OpenCVDetectPython.cmake
                [2]	/Users/rdonnelly/opencv-build/work/cmake/OpenCVDetectPython.cmake
                [1]	/Users/rdonnelly/opencv-build/work/CMakeLists.txt
/Users/rdonnelly/opencv-build/_build_env/share/cmake-3.12/Modules/FindPythonLibs.cmake(254):  unset(PYTHON_FOUND )
   Called from: [4]	/Users/rdonnelly/opencv-build/_build_env/share/cmake-3.12/Modules/FindPythonLibs.cmake
                [3]	/Users/rdonnelly/opencv-build/work/cmake/OpenCVDetectPython.cmake
                [2]	/Users/rdonnelly/opencv-build/work/cmake/OpenCVDetectPython.cmake
                [1]	/Users/rdonnelly/opencv-build/work/CMakeLists.txt
/Users/rdonnelly/opencv-build/_build_env/share/cmake-3.12/Modules/FindPythonLibs.cmake(257):  if(DEFINED _PythonLibs_CMAKE_FIND_FRAMEWORK )
   Called from: [4]	/Users/rdonnelly/opencv-build/_build_env/share/cmake-3.12/Modules/FindPythonLibs.cmake
                [3]	/Users/rdonnelly/opencv-build/work/cmake/OpenCVDetectPython.cmake
                [2]	/Users/rdonnelly/opencv-build/work/cmake/OpenCVDetectPython.cmake
                [1]	/Users/rdonnelly/opencv-build/work/CMakeLists.txt
/Users/rdonnelly/opencv-build/_build_env/share/cmake-3.12/Modules/FindPythonLibs.cmake(258):  set(CMAKE_FIND_FRAMEWORK ${_PythonLibs_CMAKE_FIND_FRAMEWORK} )
   Called from: [4]	/Users/rdonnelly/opencv-build/_build_env/share/cmake-3.12/Modules/FindPythonLibs.cmake
                [3]	/Users/rdonnelly/opencv-build/work/cmake/OpenCVDetectPython.cmake
                [2]	/Users/rdonnelly/opencv-build/work/cmake/OpenCVDetectPython.cmake
                [1]	/Users/rdonnelly/opencv-build/work/CMakeLists.txt
/Users/rdonnelly/opencv-build/_build_env/share/cmake-3.12/Modules/FindPythonLibs.cmake(259):  unset(_PythonLibs_CMAKE_FIND_FRAMEWORK )
   Called from: [4]	/Users/rdonnelly/opencv-build/_build_env/share/cmake-3.12/Modules/FindPythonLibs.cmake
                [3]	/Users/rdonnelly/opencv-build/work/cmake/OpenCVDetectPython.cmake
                [2]	/Users/rdonnelly/opencv-build/work/cmake/OpenCVDetectPython.cmake
                [1]	/Users/rdonnelly/opencv-build/work/CMakeLists.txt
/Users/rdonnelly/opencv-build/_build_env/share/cmake-3.12/Modules/FindPythonLibs.cmake(264):  include(${CMAKE_CURRENT_LIST_DIR}/FindPackageHandleStandardArgs.cmake )
   Called from: [4]	/Users/rdonnelly/opencv-build/_build_env/share/cmake-3.12/Modules/FindPythonLibs.cmake
                [3]	/Users/rdonnelly/opencv-build/work/cmake/OpenCVDetectPython.cmake
                [2]	/Users/rdonnelly/opencv-build/work/cmake/OpenCVDetectPython.cmake
                [1]	/Users/rdonnelly/opencv-build/work/CMakeLists.txt
/Users/rdonnelly/opencv-build/_build_env/share/cmake-3.12/Modules/FindPackageHandleStandardArgs.cmake(132):  include(${CMAKE_CURRENT_LIST_DIR}/FindPackageMessage.cmake )
   Called from: [5]	/Users/rdonnelly/opencv-build/_build_env/share/cmake-3.12/Modules/FindPackageHandleStandardArgs.cmake
                [4]	/Users/rdonnelly/opencv-build/_build_env/share/cmake-3.12/Modules/FindPythonLibs.cmake
                [3]	/Users/rdonnelly/opencv-build/work/cmake/OpenCVDetectPython.cmake
                [2]	/Users/rdonnelly/opencv-build/work/cmake/OpenCVDetectPython.cmake
                [1]	/Users/rdonnelly/opencv-build/work/CMakeLists.txt
/Users/rdonnelly/opencv-build/_build_env/share/cmake-3.12/Modules/FindPackageMessage.cmake(32):  function(FIND_PACKAGE_MESSAGE pkg msg details )
   Called from: [6]	/Users/rdonnelly/opencv-build/_build_env/share/cmake-3.12/Modules/FindPackageMessage.cmake
                [5]	/Users/rdonnelly/opencv-build/_build_env/share/cmake-3.12/Modules/FindPackageHandleStandardArgs.cmake
                [4]	/Users/rdonnelly/opencv-build/_build_env/share/cmake-3.12/Modules/FindPythonLibs.cmake
                [3]	/Users/rdonnelly/opencv-build/work/cmake/OpenCVDetectPython.cmake
                [2]	/Users/rdonnelly/opencv-build/work/cmake/OpenCVDetectPython.cmake
                [1]	/Users/rdonnelly/opencv-build/work/CMakeLists.txt
/Users/rdonnelly/opencv-build/_build_env/share/cmake-3.12/Modules/FindPackageHandleStandardArgs.cmake(135):  macro(_FPHSA_FAILURE_MESSAGE _msg )
   Called from: [5]	/Users/rdonnelly/opencv-build/_build_env/share/cmake-3.12/Modules/FindPackageHandleStandardArgs.cmake
                [4]	/Users/rdonnelly/opencv-build/_build_env/share/cmake-3.12/Modules/FindPythonLibs.cmake
                [3]	/Users/rdonnelly/opencv-build/work/cmake/OpenCVDetectPython.cmake
                [2]	/Users/rdonnelly/opencv-build/work/cmake/OpenCVDetectPython.cmake
                [1]	/Users/rdonnelly/opencv-build/work/CMakeLists.txt
/Users/rdonnelly/opencv-build/_build_env/share/cmake-3.12/Modules/FindPackageHandleStandardArgs.cmake(147):  macro(_FPHSA_HANDLE_FAILURE_CONFIG_MODE )
   Called from: [5]	/Users/rdonnelly/opencv-build/_build_env/share/cmake-3.12/Modules/FindPackageHandleStandardArgs.cmake
                [4]	/Users/rdonnelly/opencv-build/_build_env/share/cmake-3.12/Modules/FindPythonLibs.cmake
                [3]	/Users/rdonnelly/opencv-build/work/cmake/OpenCVDetectPython.cmake
                [2]	/Users/rdonnelly/opencv-build/work/cmake/OpenCVDetectPython.cmake
                [1]	/Users/rdonnelly/opencv-build/work/CMakeLists.txt
/Users/rdonnelly/opencv-build/_build_env/share/cmake-3.12/Modules/FindPackageHandleStandardArgs.cmake(176):  function(FIND_PACKAGE_HANDLE_STANDARD_ARGS _NAME _FIRST_ARG )
   Called from: [5]	/Users/rdonnelly/opencv-build/_build_env/share/cmake-3.12/Modules/FindPackageHandleStandardArgs.cmake
                [4]	/Users/rdonnelly/opencv-build/_build_env/share/cmake-3.12/Modules/FindPythonLibs.cmake
                [3]	/Users/rdonnelly/opencv-build/work/cmake/OpenCVDetectPython.cmake
                [2]	/Users/rdonnelly/opencv-build/work/cmake/OpenCVDetectPython.cmake
                [1]	/Users/rdonnelly/opencv-build/work/CMakeLists.txt
/Users/rdonnelly/opencv-build/_build_env/share/cmake-3.12/Modules/FindPythonLibs.cmake(265):  FIND_PACKAGE_HANDLE_STANDARD_ARGS(PythonLibs REQUIRED_VARS PYTHON_LIBRARIES PYTHON_INCLUDE_DIRS VERSION_VAR PYTHONLIBS_VERSION_STRING )
   Called from: [4]	/Users/rdonnelly/opencv-build/_build_env/share/cmake-3.12/Modules/FindPythonLibs.cmake
                [3]	/Users/rdonnelly/opencv-build/work/cmake/OpenCVDetectPython.cmake
                [2]	/Users/rdonnelly/opencv-build/work/cmake/OpenCVDetectPython.cmake
                [1]	/Users/rdonnelly/opencv-build/work/CMakeLists.txt
/Users/rdonnelly/opencv-build/_build_env/share/cmake-3.12/Modules/FindPackageHandleStandardArgs.cmake(179):  set(options CONFIG_MODE HANDLE_COMPONENTS )
   Called from: [5]	/Users/rdonnelly/opencv-build/_build_env/share/cmake-3.12/Modules/FindPackageHandleStandardArgs.cmake
                [4]	/Users/rdonnelly/opencv-build/_build_env/share/cmake-3.12/Modules/FindPythonLibs.cmake
                [3]	/Users/rdonnelly/opencv-build/work/cmake/OpenCVDetectPython.cmake
                [2]	/Users/rdonnelly/opencv-build/work/cmake/OpenCVDetectPython.cmake
                [1]	/Users/rdonnelly/opencv-build/work/CMakeLists.txt
/Users/rdonnelly/opencv-build/_build_env/share/cmake-3.12/Modules/FindPackageHandleStandardArgs.cmake(180):  set(oneValueArgs FAIL_MESSAGE VERSION_VAR FOUND_VAR )
   Called from: [5]	/Users/rdonnelly/opencv-build/_build_env/share/cmake-3.12/Modules/FindPackageHandleStandardArgs.cmake
                [4]	/Users/rdonnelly/opencv-build/_build_env/share/cmake-3.12/Modules/FindPythonLibs.cmake
                [3]	/Users/rdonnelly/opencv-build/work/cmake/OpenCVDetectPython.cmake
                [2]	/Users/rdonnelly/opencv-build/work/cmake/OpenCVDetectPython.cmake
                [1]	/Users/rdonnelly/opencv-build/work/CMakeLists.txt
/Users/rdonnelly/opencv-build/_build_env/share/cmake-3.12/Modules/FindPackageHandleStandardArgs.cmake(181):  set(multiValueArgs REQUIRED_VARS )
   Called from: [5]	/Users/rdonnelly/opencv-build/_build_env/share/cmake-3.12/Modules/FindPackageHandleStandardArgs.cmake
                [4]	/Users/rdonnelly/opencv-build/_build_env/share/cmake-3.12/Modules/FindPythonLibs.cmake
                [3]	/Users/rdonnelly/opencv-build/work/cmake/OpenCVDetectPython.cmake
                [2]	/Users/rdonnelly/opencv-build/work/cmake/OpenCVDetectPython.cmake
                [1]	/Users/rdonnelly/opencv-build/work/CMakeLists.txt
/Users/rdonnelly/opencv-build/_build_env/share/cmake-3.12/Modules/FindPackageHandleStandardArgs.cmake(184):  set(_KEYWORDS_FOR_EXTENDED_MODE ${options} ${oneValueArgs} ${multiValueArgs} )
   Called from: [5]	/Users/rdonnelly/opencv-build/_build_env/share/cmake-3.12/Modules/FindPackageHandleStandardArgs.cmake
                [4]	/Users/rdonnelly/opencv-build/_build_env/share/cmake-3.12/Modules/FindPythonLibs.cmake
                [3]	/Users/rdonnelly/opencv-build/work/cmake/OpenCVDetectPython.cmake
                [2]	/Users/rdonnelly/opencv-build/work/cmake/OpenCVDetectPython.cmake
                [1]	/Users/rdonnelly/opencv-build/work/CMakeLists.txt
/Users/rdonnelly/opencv-build/_build_env/share/cmake-3.12/Modules/FindPackageHandleStandardArgs.cmake(185):  list(FIND _KEYWORDS_FOR_EXTENDED_MODE ${_FIRST_ARG} INDEX )
   Called from: [5]	/Users/rdonnelly/opencv-build/_build_env/share/cmake-3.12/Modules/FindPackageHandleStandardArgs.cmake
                [4]	/Users/rdonnelly/opencv-build/_build_env/share/cmake-3.12/Modules/FindPythonLibs.cmake
                [3]	/Users/rdonnelly/opencv-build/work/cmake/OpenCVDetectPython.cmake
                [2]	/Users/rdonnelly/opencv-build/work/cmake/OpenCVDetectPython.cmake
                [1]	/Users/rdonnelly/opencv-build/work/CMakeLists.txt
/Users/rdonnelly/opencv-build/_build_env/share/cmake-3.12/Modules/FindPackageHandleStandardArgs.cmake(187):  if(${INDEX} EQUAL -1 )
   Called from: [5]	/Users/rdonnelly/opencv-build/_build_env/share/cmake-3.12/Modules/FindPackageHandleStandardArgs.cmake
                [4]	/Users/rdonnelly/opencv-build/_build_env/share/cmake-3.12/Modules/FindPythonLibs.cmake
                [3]	/Users/rdonnelly/opencv-build/work/cmake/OpenCVDetectPython.cmake
                [2]	/Users/rdonnelly/opencv-build/work/cmake/OpenCVDetectPython.cmake
                [1]	/Users/rdonnelly/opencv-build/work/CMakeLists.txt
/Users/rdonnelly/opencv-build/_build_env/share/cmake-3.12/Modules/FindPackageHandleStandardArgs.cmake(191):  else()
   Called from: [5]	/Users/rdonnelly/opencv-build/_build_env/share/cmake-3.12/Modules/FindPackageHandleStandardArgs.cmake
                [4]	/Users/rdonnelly/opencv-build/_build_env/share/cmake-3.12/Modules/FindPythonLibs.cmake
                [3]	/Users/rdonnelly/opencv-build/work/cmake/OpenCVDetectPython.cmake
                [2]	/Users/rdonnelly/opencv-build/work/cmake/OpenCVDetectPython.cmake
                [1]	/Users/rdonnelly/opencv-build/work/CMakeLists.txt
/Users/rdonnelly/opencv-build/_build_env/share/cmake-3.12/Modules/FindPackageHandleStandardArgs.cmake(192):  cmake_parse_arguments(FPHSA ${options} ${oneValueArgs} ${multiValueArgs} ${_FIRST_ARG} ${ARGN} )
   Called from: [5]	/Users/rdonnelly/opencv-build/_build_env/share/cmake-3.12/Modules/FindPackageHandleStandardArgs.cmake
                [4]	/Users/rdonnelly/opencv-build/_build_env/share/cmake-3.12/Modules/FindPythonLibs.cmake
                [3]	/Users/rdonnelly/opencv-build/work/cmake/OpenCVDetectPython.cmake
                [2]	/Users/rdonnelly/opencv-build/work/cmake/OpenCVDetectPython.cmake
                [1]	/Users/rdonnelly/opencv-build/work/CMakeLists.txt
/Users/rdonnelly/opencv-build/_build_env/share/cmake-3.12/Modules/FindPackageHandleStandardArgs.cmake(194):  if(FPHSA_UNPARSED_ARGUMENTS )
   Called from: [5]	/Users/rdonnelly/opencv-build/_build_env/share/cmake-3.12/Modules/FindPackageHandleStandardArgs.cmake
                [4]	/Users/rdonnelly/opencv-build/_build_env/share/cmake-3.12/Modules/FindPythonLibs.cmake
                [3]	/Users/rdonnelly/opencv-build/work/cmake/OpenCVDetectPython.cmake
                [2]	/Users/rdonnelly/opencv-build/work/cmake/OpenCVDetectPython.cmake
                [1]	/Users/rdonnelly/opencv-build/work/CMakeLists.txt
/Users/rdonnelly/opencv-build/_build_env/share/cmake-3.12/Modules/FindPackageHandleStandardArgs.cmake(198):  if(NOT FPHSA_FAIL_MESSAGE )
   Called from: [5]	/Users/rdonnelly/opencv-build/_build_env/share/cmake-3.12/Modules/FindPackageHandleStandardArgs.cmake
                [4]	/Users/rdonnelly/opencv-build/_build_env/share/cmake-3.12/Modules/FindPythonLibs.cmake
                [3]	/Users/rdonnelly/opencv-build/work/cmake/OpenCVDetectPython.cmake
                [2]	/Users/rdonnelly/opencv-build/work/cmake/OpenCVDetectPython.cmake
                [1]	/Users/rdonnelly/opencv-build/work/CMakeLists.txt
/Users/rdonnelly/opencv-build/_build_env/share/cmake-3.12/Modules/FindPackageHandleStandardArgs.cmake(199):  set(FPHSA_FAIL_MESSAGE DEFAULT_MSG )
   Called from: [5]	/Users/rdonnelly/opencv-build/_build_env/share/cmake-3.12/Modules/FindPackageHandleStandardArgs.cmake
                [4]	/Users/rdonnelly/opencv-build/_build_env/share/cmake-3.12/Modules/FindPythonLibs.cmake
                [3]	/Users/rdonnelly/opencv-build/work/cmake/OpenCVDetectPython.cmake
                [2]	/Users/rdonnelly/opencv-build/work/cmake/OpenCVDetectPython.cmake
                [1]	/Users/rdonnelly/opencv-build/work/CMakeLists.txt
/Users/rdonnelly/opencv-build/_build_env/share/cmake-3.12/Modules/FindPackageHandleStandardArgs.cmake(204):  if(FPHSA_CONFIG_MODE )
   Called from: [5]	/Users/rdonnelly/opencv-build/_build_env/share/cmake-3.12/Modules/FindPackageHandleStandardArgs.cmake
                [4]	/Users/rdonnelly/opencv-build/_build_env/share/cmake-3.12/Modules/FindPythonLibs.cmake
                [3]	/Users/rdonnelly/opencv-build/work/cmake/OpenCVDetectPython.cmake
                [2]	/Users/rdonnelly/opencv-build/work/cmake/OpenCVDetectPython.cmake
                [1]	/Users/rdonnelly/opencv-build/work/CMakeLists.txt
/Users/rdonnelly/opencv-build/_build_env/share/cmake-3.12/Modules/FindPackageHandleStandardArgs.cmake(210):  if(NOT FPHSA_REQUIRED_VARS )
   Called from: [5]	/Users/rdonnelly/opencv-build/_build_env/share/cmake-3.12/Modules/FindPackageHandleStandardArgs.cmake
                [4]	/Users/rdonnelly/opencv-build/_build_env/share/cmake-3.12/Modules/FindPythonLibs.cmake
                [3]	/Users/rdonnelly/opencv-build/work/cmake/OpenCVDetectPython.cmake
                [2]	/Users/rdonnelly/opencv-build/work/cmake/OpenCVDetectPython.cmake
                [1]	/Users/rdonnelly/opencv-build/work/CMakeLists.txt
/Users/rdonnelly/opencv-build/_build_env/share/cmake-3.12/Modules/FindPackageHandleStandardArgs.cmake(217):  if(x${FPHSA_FAIL_MESSAGE} STREQUAL xDEFAULT_MSG )
   Called from: [5]	/Users/rdonnelly/opencv-build/_build_env/share/cmake-3.12/Modules/FindPackageHandleStandardArgs.cmake
                [4]	/Users/rdonnelly/opencv-build/_build_env/share/cmake-3.12/Modules/FindPythonLibs.cmake
                [3]	/Users/rdonnelly/opencv-build/work/cmake/OpenCVDetectPython.cmake
                [2]	/Users/rdonnelly/opencv-build/work/cmake/OpenCVDetectPython.cmake
                [1]	/Users/rdonnelly/opencv-build/work/CMakeLists.txt
/Users/rdonnelly/opencv-build/_build_env/share/cmake-3.12/Modules/FindPackageHandleStandardArgs.cmake(218):  set(FPHSA_FAIL_MESSAGE Could NOT find ${_NAME} )
   Called from: [5]	/Users/rdonnelly/opencv-build/_build_env/share/cmake-3.12/Modules/FindPackageHandleStandardArgs.cmake
                [4]	/Users/rdonnelly/opencv-build/_build_env/share/cmake-3.12/Modules/FindPythonLibs.cmake
                [3]	/Users/rdonnelly/opencv-build/work/cmake/OpenCVDetectPython.cmake
                [2]	/Users/rdonnelly/opencv-build/work/cmake/OpenCVDetectPython.cmake
                [1]	/Users/rdonnelly/opencv-build/work/CMakeLists.txt
/Users/rdonnelly/opencv-build/_build_env/share/cmake-3.12/Modules/FindPackageHandleStandardArgs.cmake(221):  list(GET FPHSA_REQUIRED_VARS 0 _FIRST_REQUIRED_VAR )
   Called from: [5]	/Users/rdonnelly/opencv-build/_build_env/share/cmake-3.12/Modules/FindPackageHandleStandardArgs.cmake
                [4]	/Users/rdonnelly/opencv-build/_build_env/share/cmake-3.12/Modules/FindPythonLibs.cmake
                [3]	/Users/rdonnelly/opencv-build/work/cmake/OpenCVDetectPython.cmake
                [2]	/Users/rdonnelly/opencv-build/work/cmake/OpenCVDetectPython.cmake
                [1]	/Users/rdonnelly/opencv-build/work/CMakeLists.txt
/Users/rdonnelly/opencv-build/_build_env/share/cmake-3.12/Modules/FindPackageHandleStandardArgs.cmake(223):  string(TOUPPER ${_NAME} _NAME_UPPER )
   Called from: [5]	/Users/rdonnelly/opencv-build/_build_env/share/cmake-3.12/Modules/FindPackageHandleStandardArgs.cmake
                [4]	/Users/rdonnelly/opencv-build/_build_env/share/cmake-3.12/Modules/FindPythonLibs.cmake
                [3]	/Users/rdonnelly/opencv-build/work/cmake/OpenCVDetectPython.cmake
                [2]	/Users/rdonnelly/opencv-build/work/cmake/OpenCVDetectPython.cmake
                [1]	/Users/rdonnelly/opencv-build/work/CMakeLists.txt
/Users/rdonnelly/opencv-build/_build_env/share/cmake-3.12/Modules/FindPackageHandleStandardArgs.cmake(224):  string(TOLOWER ${_NAME} _NAME_LOWER )
   Called from: [5]	/Users/rdonnelly/opencv-build/_build_env/share/cmake-3.12/Modules/FindPackageHandleStandardArgs.cmake
                [4]	/Users/rdonnelly/opencv-build/_build_env/share/cmake-3.12/Modules/FindPythonLibs.cmake
                [3]	/Users/rdonnelly/opencv-build/work/cmake/OpenCVDetectPython.cmake
                [2]	/Users/rdonnelly/opencv-build/work/cmake/OpenCVDetectPython.cmake
                [1]	/Users/rdonnelly/opencv-build/work/CMakeLists.txt
/Users/rdonnelly/opencv-build/_build_env/share/cmake-3.12/Modules/FindPackageHandleStandardArgs.cmake(226):  if(FPHSA_FOUND_VAR )
   Called from: [5]	/Users/rdonnelly/opencv-build/_build_env/share/cmake-3.12/Modules/FindPackageHandleStandardArgs.cmake
                [4]	/Users/rdonnelly/opencv-build/_build_env/share/cmake-3.12/Modules/FindPythonLibs.cmake
                [3]	/Users/rdonnelly/opencv-build/work/cmake/OpenCVDetectPython.cmake
                [2]	/Users/rdonnelly/opencv-build/work/cmake/OpenCVDetectPython.cmake
                [1]	/Users/rdonnelly/opencv-build/work/CMakeLists.txt
/Users/rdonnelly/opencv-build/_build_env/share/cmake-3.12/Modules/FindPackageHandleStandardArgs.cmake(232):  else()
   Called from: [5]	/Users/rdonnelly/opencv-build/_build_env/share/cmake-3.12/Modules/FindPackageHandleStandardArgs.cmake
                [4]	/Users/rdonnelly/opencv-build/_build_env/share/cmake-3.12/Modules/FindPythonLibs.cmake
                [3]	/Users/rdonnelly/opencv-build/work/cmake/OpenCVDetectPython.cmake
                [2]	/Users/rdonnelly/opencv-build/work/cmake/OpenCVDetectPython.cmake
                [1]	/Users/rdonnelly/opencv-build/work/CMakeLists.txt
/Users/rdonnelly/opencv-build/_build_env/share/cmake-3.12/Modules/FindPackageHandleStandardArgs.cmake(233):  set(_FOUND_VAR ${_NAME_UPPER}_FOUND )
   Called from: [5]	/Users/rdonnelly/opencv-build/_build_env/share/cmake-3.12/Modules/FindPackageHandleStandardArgs.cmake
                [4]	/Users/rdonnelly/opencv-build/_build_env/share/cmake-3.12/Modules/FindPythonLibs.cmake
                [3]	/Users/rdonnelly/opencv-build/work/cmake/OpenCVDetectPython.cmake
                [2]	/Users/rdonnelly/opencv-build/work/cmake/OpenCVDetectPython.cmake
                [1]	/Users/rdonnelly/opencv-build/work/CMakeLists.txt
/Users/rdonnelly/opencv-build/_build_env/share/cmake-3.12/Modules/FindPackageHandleStandardArgs.cmake(238):  set(MISSING_VARS  )
   Called from: [5]	/Users/rdonnelly/opencv-build/_build_env/share/cmake-3.12/Modules/FindPackageHandleStandardArgs.cmake
                [4]	/Users/rdonnelly/opencv-build/_build_env/share/cmake-3.12/Modules/FindPythonLibs.cmake
                [3]	/Users/rdonnelly/opencv-build/work/cmake/OpenCVDetectPython.cmake
                [2]	/Users/rdonnelly/opencv-build/work/cmake/OpenCVDetectPython.cmake
                [1]	/Users/rdonnelly/opencv-build/work/CMakeLists.txt
/Users/rdonnelly/opencv-build/_build_env/share/cmake-3.12/Modules/FindPackageHandleStandardArgs.cmake(239):  set(DETAILS  )
   Called from: [5]	/Users/rdonnelly/opencv-build/_build_env/share/cmake-3.12/Modules/FindPackageHandleStandardArgs.cmake
                [4]	/Users/rdonnelly/opencv-build/_build_env/share/cmake-3.12/Modules/FindPythonLibs.cmake
                [3]	/Users/rdonnelly/opencv-build/work/cmake/OpenCVDetectPython.cmake
                [2]	/Users/rdonnelly/opencv-build/work/cmake/OpenCVDetectPython.cmake
                [1]	/Users/rdonnelly/opencv-build/work/CMakeLists.txt
/Users/rdonnelly/opencv-build/_build_env/share/cmake-3.12/Modules/FindPackageHandleStandardArgs.cmake(241):  set(FPHSA_FOUND_${_NAME} TRUE )
   Called from: [5]	/Users/rdonnelly/opencv-build/_build_env/share/cmake-3.12/Modules/FindPackageHandleStandardArgs.cmake
                [4]	/Users/rdonnelly/opencv-build/_build_env/share/cmake-3.12/Modules/FindPythonLibs.cmake
                [3]	/Users/rdonnelly/opencv-build/work/cmake/OpenCVDetectPython.cmake
                [2]	/Users/rdonnelly/opencv-build/work/cmake/OpenCVDetectPython.cmake
                [1]	/Users/rdonnelly/opencv-build/work/CMakeLists.txt
/Users/rdonnelly/opencv-build/_build_env/share/cmake-3.12/Modules/FindPackageHandleStandardArgs.cmake(242):  foreach(_CURRENT_VAR ${FPHSA_REQUIRED_VARS} )
   Called from: [5]	/Users/rdonnelly/opencv-build/_build_env/share/cmake-3.12/Modules/FindPackageHandleStandardArgs.cmake
                [4]	/Users/rdonnelly/opencv-build/_build_env/share/cmake-3.12/Modules/FindPythonLibs.cmake
                [3]	/Users/rdonnelly/opencv-build/work/cmake/OpenCVDetectPython.cmake
                [2]	/Users/rdonnelly/opencv-build/work/cmake/OpenCVDetectPython.cmake
                [1]	/Users/rdonnelly/opencv-build/work/CMakeLists.txt
/Users/rdonnelly/opencv-build/_build_env/share/cmake-3.12/Modules/FindPackageHandleStandardArgs.cmake(243):  if(NOT ${_CURRENT_VAR} )
   Called from: [5]	/Users/rdonnelly/opencv-build/_build_env/share/cmake-3.12/Modules/FindPackageHandleStandardArgs.cmake
                [4]	/Users/rdonnelly/opencv-build/_build_env/share/cmake-3.12/Modules/FindPythonLibs.cmake
                [3]	/Users/rdonnelly/opencv-build/work/cmake/OpenCVDetectPython.cmake
                [2]	/Users/rdonnelly/opencv-build/work/cmake/OpenCVDetectPython.cmake
                [1]	/Users/rdonnelly/opencv-build/work/CMakeLists.txt
/Users/rdonnelly/opencv-build/_build_env/share/cmake-3.12/Modules/FindPackageHandleStandardArgs.cmake(246):  else()
   Called from: [5]	/Users/rdonnelly/opencv-build/_build_env/share/cmake-3.12/Modules/FindPackageHandleStandardArgs.cmake
                [4]	/Users/rdonnelly/opencv-build/_build_env/share/cmake-3.12/Modules/FindPythonLibs.cmake
                [3]	/Users/rdonnelly/opencv-build/work/cmake/OpenCVDetectPython.cmake
                [2]	/Users/rdonnelly/opencv-build/work/cmake/OpenCVDetectPython.cmake
                [1]	/Users/rdonnelly/opencv-build/work/CMakeLists.txt
/Users/rdonnelly/opencv-build/_build_env/share/cmake-3.12/Modules/FindPackageHandleStandardArgs.cmake(247):  string(APPEND DETAILS [${${_CURRENT_VAR}}] )
   Called from: [5]	/Users/rdonnelly/opencv-build/_build_env/share/cmake-3.12/Modules/FindPackageHandleStandardArgs.cmake
                [4]	/Users/rdonnelly/opencv-build/_build_env/share/cmake-3.12/Modules/FindPythonLibs.cmake
                [3]	/Users/rdonnelly/opencv-build/work/cmake/OpenCVDetectPython.cmake
                [2]	/Users/rdonnelly/opencv-build/work/cmake/OpenCVDetectPython.cmake
                [1]	/Users/rdonnelly/opencv-build/work/CMakeLists.txt
/Users/rdonnelly/opencv-build/_build_env/share/cmake-3.12/Modules/FindPackageHandleStandardArgs.cmake(243):  if(NOT ${_CURRENT_VAR} )
   Called from: [5]	/Users/rdonnelly/opencv-build/_build_env/share/cmake-3.12/Modules/FindPackageHandleStandardArgs.cmake
                [4]	/Users/rdonnelly/opencv-build/_build_env/share/cmake-3.12/Modules/FindPythonLibs.cmake
                [3]	/Users/rdonnelly/opencv-build/work/cmake/OpenCVDetectPython.cmake
                [2]	/Users/rdonnelly/opencv-build/work/cmake/OpenCVDetectPython.cmake
                [1]	/Users/rdonnelly/opencv-build/work/CMakeLists.txt
/Users/rdonnelly/opencv-build/_build_env/share/cmake-3.12/Modules/FindPackageHandleStandardArgs.cmake(246):  else()
   Called from: [5]	/Users/rdonnelly/opencv-build/_build_env/share/cmake-3.12/Modules/FindPackageHandleStandardArgs.cmake
                [4]	/Users/rdonnelly/opencv-build/_build_env/share/cmake-3.12/Modules/FindPythonLibs.cmake
                [3]	/Users/rdonnelly/opencv-build/work/cmake/OpenCVDetectPython.cmake
                [2]	/Users/rdonnelly/opencv-build/work/cmake/OpenCVDetectPython.cmake
                [1]	/Users/rdonnelly/opencv-build/work/CMakeLists.txt
/Users/rdonnelly/opencv-build/_build_env/share/cmake-3.12/Modules/FindPackageHandleStandardArgs.cmake(247):  string(APPEND DETAILS [${${_CURRENT_VAR}}] )
   Called from: [5]	/Users/rdonnelly/opencv-build/_build_env/share/cmake-3.12/Modules/FindPackageHandleStandardArgs.cmake
                [4]	/Users/rdonnelly/opencv-build/_build_env/share/cmake-3.12/Modules/FindPythonLibs.cmake
                [3]	/Users/rdonnelly/opencv-build/work/cmake/OpenCVDetectPython.cmake
                [2]	/Users/rdonnelly/opencv-build/work/cmake/OpenCVDetectPython.cmake
                [1]	/Users/rdonnelly/opencv-build/work/CMakeLists.txt
/Users/rdonnelly/opencv-build/_build_env/share/cmake-3.12/Modules/FindPackageHandleStandardArgs.cmake(250):  if(FPHSA_FOUND_${_NAME} )
   Called from: [5]	/Users/rdonnelly/opencv-build/_build_env/share/cmake-3.12/Modules/FindPackageHandleStandardArgs.cmake
                [4]	/Users/rdonnelly/opencv-build/_build_env/share/cmake-3.12/Modules/FindPythonLibs.cmake
                [3]	/Users/rdonnelly/opencv-build/work/cmake/OpenCVDetectPython.cmake
                [2]	/Users/rdonnelly/opencv-build/work/cmake/OpenCVDetectPython.cmake
                [1]	/Users/rdonnelly/opencv-build/work/CMakeLists.txt
/Users/rdonnelly/opencv-build/_build_env/share/cmake-3.12/Modules/FindPackageHandleStandardArgs.cmake(251):  set(${_NAME}_FOUND TRUE )
   Called from: [5]	/Users/rdonnelly/opencv-build/_build_env/share/cmake-3.12/Modules/FindPackageHandleStandardArgs.cmake
                [4]	/Users/rdonnelly/opencv-build/_build_env/share/cmake-3.12/Modules/FindPythonLibs.cmake
                [3]	/Users/rdonnelly/opencv-build/work/cmake/OpenCVDetectPython.cmake
                [2]	/Users/rdonnelly/opencv-build/work/cmake/OpenCVDetectPython.cmake
                [1]	/Users/rdonnelly/opencv-build/work/CMakeLists.txt
/Users/rdonnelly/opencv-build/_build_env/share/cmake-3.12/Modules/FindPackageHandleStandardArgs.cmake(252):  set(${_NAME_UPPER}_FOUND TRUE )
   Called from: [5]	/Users/rdonnelly/opencv-build/_build_env/share/cmake-3.12/Modules/FindPackageHandleStandardArgs.cmake
                [4]	/Users/rdonnelly/opencv-build/_build_env/share/cmake-3.12/Modules/FindPythonLibs.cmake
                [3]	/Users/rdonnelly/opencv-build/work/cmake/OpenCVDetectPython.cmake
                [2]	/Users/rdonnelly/opencv-build/work/cmake/OpenCVDetectPython.cmake
                [1]	/Users/rdonnelly/opencv-build/work/CMakeLists.txt
/Users/rdonnelly/opencv-build/_build_env/share/cmake-3.12/Modules/FindPackageHandleStandardArgs.cmake(259):  unset(FOUND_COMPONENTS_MSG )
   Called from: [5]	/Users/rdonnelly/opencv-build/_build_env/share/cmake-3.12/Modules/FindPackageHandleStandardArgs.cmake
                [4]	/Users/rdonnelly/opencv-build/_build_env/share/cmake-3.12/Modules/FindPythonLibs.cmake
                [3]	/Users/rdonnelly/opencv-build/work/cmake/OpenCVDetectPython.cmake
                [2]	/Users/rdonnelly/opencv-build/work/cmake/OpenCVDetectPython.cmake
                [1]	/Users/rdonnelly/opencv-build/work/CMakeLists.txt
/Users/rdonnelly/opencv-build/_build_env/share/cmake-3.12/Modules/FindPackageHandleStandardArgs.cmake(260):  unset(MISSING_COMPONENTS_MSG )
   Called from: [5]	/Users/rdonnelly/opencv-build/_build_env/share/cmake-3.12/Modules/FindPackageHandleStandardArgs.cmake
                [4]	/Users/rdonnelly/opencv-build/_build_env/share/cmake-3.12/Modules/FindPythonLibs.cmake
                [3]	/Users/rdonnelly/opencv-build/work/cmake/OpenCVDetectPython.cmake
                [2]	/Users/rdonnelly/opencv-build/work/cmake/OpenCVDetectPython.cmake
                [1]	/Users/rdonnelly/opencv-build/work/CMakeLists.txt
/Users/rdonnelly/opencv-build/_build_env/share/cmake-3.12/Modules/FindPackageHandleStandardArgs.cmake(262):  if(FPHSA_HANDLE_COMPONENTS )
   Called from: [5]	/Users/rdonnelly/opencv-build/_build_env/share/cmake-3.12/Modules/FindPackageHandleStandardArgs.cmake
                [4]	/Users/rdonnelly/opencv-build/_build_env/share/cmake-3.12/Modules/FindPythonLibs.cmake
                [3]	/Users/rdonnelly/opencv-build/work/cmake/OpenCVDetectPython.cmake
                [2]	/Users/rdonnelly/opencv-build/work/cmake/OpenCVDetectPython.cmake
                [1]	/Users/rdonnelly/opencv-build/work/CMakeLists.txt
/Users/rdonnelly/opencv-build/_build_env/share/cmake-3.12/Modules/FindPackageHandleStandardArgs.cmake(290):  set(VERSION_MSG  )
   Called from: [5]	/Users/rdonnelly/opencv-build/_build_env/share/cmake-3.12/Modules/FindPackageHandleStandardArgs.cmake
                [4]	/Users/rdonnelly/opencv-build/_build_env/share/cmake-3.12/Modules/FindPythonLibs.cmake
                [3]	/Users/rdonnelly/opencv-build/work/cmake/OpenCVDetectPython.cmake
                [2]	/Users/rdonnelly/opencv-build/work/cmake/OpenCVDetectPython.cmake
                [1]	/Users/rdonnelly/opencv-build/work/CMakeLists.txt
/Users/rdonnelly/opencv-build/_build_env/share/cmake-3.12/Modules/FindPackageHandleStandardArgs.cmake(291):  set(VERSION_OK TRUE )
   Called from: [5]	/Users/rdonnelly/opencv-build/_build_env/share/cmake-3.12/Modules/FindPackageHandleStandardArgs.cmake
                [4]	/Users/rdonnelly/opencv-build/_build_env/share/cmake-3.12/Modules/FindPythonLibs.cmake
                [3]	/Users/rdonnelly/opencv-build/work/cmake/OpenCVDetectPython.cmake
                [2]	/Users/rdonnelly/opencv-build/work/cmake/OpenCVDetectPython.cmake
                [1]	/Users/rdonnelly/opencv-build/work/CMakeLists.txt
/Users/rdonnelly/opencv-build/_build_env/share/cmake-3.12/Modules/FindPackageHandleStandardArgs.cmake(294):  if(DEFINED ${_NAME}_FIND_VERSION )
   Called from: [5]	/Users/rdonnelly/opencv-build/_build_env/share/cmake-3.12/Modules/FindPackageHandleStandardArgs.cmake
                [4]	/Users/rdonnelly/opencv-build/_build_env/share/cmake-3.12/Modules/FindPythonLibs.cmake
                [3]	/Users/rdonnelly/opencv-build/work/cmake/OpenCVDetectPython.cmake
                [2]	/Users/rdonnelly/opencv-build/work/cmake/OpenCVDetectPython.cmake
                [1]	/Users/rdonnelly/opencv-build/work/CMakeLists.txt
/Users/rdonnelly/opencv-build/_build_env/share/cmake-3.12/Modules/FindPackageHandleStandardArgs.cmake(295):  if(DEFINED ${FPHSA_VERSION_VAR} )
   Called from: [5]	/Users/rdonnelly/opencv-build/_build_env/share/cmake-3.12/Modules/FindPackageHandleStandardArgs.cmake
                [4]	/Users/rdonnelly/opencv-build/_build_env/share/cmake-3.12/Modules/FindPythonLibs.cmake
                [3]	/Users/rdonnelly/opencv-build/work/cmake/OpenCVDetectPython.cmake
                [2]	/Users/rdonnelly/opencv-build/work/cmake/OpenCVDetectPython.cmake
                [1]	/Users/rdonnelly/opencv-build/work/CMakeLists.txt
/Users/rdonnelly/opencv-build/_build_env/share/cmake-3.12/Modules/FindPackageHandleStandardArgs.cmake(296):  set(_FOUND_VERSION ${${FPHSA_VERSION_VAR}} )
   Called from: [5]	/Users/rdonnelly/opencv-build/_build_env/share/cmake-3.12/Modules/FindPackageHandleStandardArgs.cmake
                [4]	/Users/rdonnelly/opencv-build/_build_env/share/cmake-3.12/Modules/FindPythonLibs.cmake
                [3]	/Users/rdonnelly/opencv-build/work/cmake/OpenCVDetectPython.cmake
                [2]	/Users/rdonnelly/opencv-build/work/cmake/OpenCVDetectPython.cmake
                [1]	/Users/rdonnelly/opencv-build/work/CMakeLists.txt
/Users/rdonnelly/opencv-build/_build_env/share/cmake-3.12/Modules/FindPackageHandleStandardArgs.cmake(298):  if(${_NAME}_FIND_VERSION_EXACT )
   Called from: [5]	/Users/rdonnelly/opencv-build/_build_env/share/cmake-3.12/Modules/FindPackageHandleStandardArgs.cmake
                [4]	/Users/rdonnelly/opencv-build/_build_env/share/cmake-3.12/Modules/FindPythonLibs.cmake
                [3]	/Users/rdonnelly/opencv-build/work/cmake/OpenCVDetectPython.cmake
                [2]	/Users/rdonnelly/opencv-build/work/cmake/OpenCVDetectPython.cmake
                [1]	/Users/rdonnelly/opencv-build/work/CMakeLists.txt
/Users/rdonnelly/opencv-build/_build_env/share/cmake-3.12/Modules/FindPackageHandleStandardArgs.cmake(300):  string(REGEX REPLACE [^.]  _VERSION_DOTS ${_FOUND_VERSION} )
   Called from: [5]	/Users/rdonnelly/opencv-build/_build_env/share/cmake-3.12/Modules/FindPackageHandleStandardArgs.cmake
                [4]	/Users/rdonnelly/opencv-build/_build_env/share/cmake-3.12/Modules/FindPythonLibs.cmake
                [3]	/Users/rdonnelly/opencv-build/work/cmake/OpenCVDetectPython.cmake
                [2]	/Users/rdonnelly/opencv-build/work/cmake/OpenCVDetectPython.cmake
                [1]	/Users/rdonnelly/opencv-build/work/CMakeLists.txt
/Users/rdonnelly/opencv-build/_build_env/share/cmake-3.12/Modules/FindPackageHandleStandardArgs.cmake(302):  string(LENGTH ${_VERSION_DOTS}. _VERSION_DOTS )
   Called from: [5]	/Users/rdonnelly/opencv-build/_build_env/share/cmake-3.12/Modules/FindPackageHandleStandardArgs.cmake
                [4]	/Users/rdonnelly/opencv-build/_build_env/share/cmake-3.12/Modules/FindPythonLibs.cmake
                [3]	/Users/rdonnelly/opencv-build/work/cmake/OpenCVDetectPython.cmake
                [2]	/Users/rdonnelly/opencv-build/work/cmake/OpenCVDetectPython.cmake
                [1]	/Users/rdonnelly/opencv-build/work/CMakeLists.txt
/Users/rdonnelly/opencv-build/_build_env/share/cmake-3.12/Modules/FindPackageHandleStandardArgs.cmake(303):  if(_VERSION_DOTS GREATER ${_NAME}_FIND_VERSION_COUNT )
   Called from: [5]	/Users/rdonnelly/opencv-build/_build_env/share/cmake-3.12/Modules/FindPackageHandleStandardArgs.cmake
                [4]	/Users/rdonnelly/opencv-build/_build_env/share/cmake-3.12/Modules/FindPythonLibs.cmake
                [3]	/Users/rdonnelly/opencv-build/work/cmake/OpenCVDetectPython.cmake
                [2]	/Users/rdonnelly/opencv-build/work/cmake/OpenCVDetectPython.cmake
                [1]	/Users/rdonnelly/opencv-build/work/CMakeLists.txt
/Users/rdonnelly/opencv-build/_build_env/share/cmake-3.12/Modules/FindPackageHandleStandardArgs.cmake(324):  else()
   Called from: [5]	/Users/rdonnelly/opencv-build/_build_env/share/cmake-3.12/Modules/FindPackageHandleStandardArgs.cmake
                [4]	/Users/rdonnelly/opencv-build/_build_env/share/cmake-3.12/Modules/FindPythonLibs.cmake
                [3]	/Users/rdonnelly/opencv-build/work/cmake/OpenCVDetectPython.cmake
                [2]	/Users/rdonnelly/opencv-build/work/cmake/OpenCVDetectPython.cmake
                [1]	/Users/rdonnelly/opencv-build/work/CMakeLists.txt
/Users/rdonnelly/opencv-build/_build_env/share/cmake-3.12/Modules/FindPackageHandleStandardArgs.cmake(325):  if(NOT ${_NAME}_FIND_VERSION VERSION_EQUAL _FOUND_VERSION )
   Called from: [5]	/Users/rdonnelly/opencv-build/_build_env/share/cmake-3.12/Modules/FindPackageHandleStandardArgs.cmake
                [4]	/Users/rdonnelly/opencv-build/_build_env/share/cmake-3.12/Modules/FindPythonLibs.cmake
                [3]	/Users/rdonnelly/opencv-build/work/cmake/OpenCVDetectPython.cmake
                [2]	/Users/rdonnelly/opencv-build/work/cmake/OpenCVDetectPython.cmake
                [1]	/Users/rdonnelly/opencv-build/work/CMakeLists.txt
/Users/rdonnelly/opencv-build/_build_env/share/cmake-3.12/Modules/FindPackageHandleStandardArgs.cmake(326):  set(VERSION_MSG Found unsuitable version \"${_FOUND_VERSION}\", but required is exact version \"${${_NAME}_FIND_VERSION}\" )
   Called from: [5]	/Users/rdonnelly/opencv-build/_build_env/share/cmake-3.12/Modules/FindPackageHandleStandardArgs.cmake
                [4]	/Users/rdonnelly/opencv-build/_build_env/share/cmake-3.12/Modules/FindPythonLibs.cmake
                [3]	/Users/rdonnelly/opencv-build/work/cmake/OpenCVDetectPython.cmake
                [2]	/Users/rdonnelly/opencv-build/work/cmake/OpenCVDetectPython.cmake
                [1]	/Users/rdonnelly/opencv-build/work/CMakeLists.txt
/Users/rdonnelly/opencv-build/_build_env/share/cmake-3.12/Modules/FindPackageHandleStandardArgs.cmake(327):  set(VERSION_OK FALSE )
   Called from: [5]	/Users/rdonnelly/opencv-build/_build_env/share/cmake-3.12/Modules/FindPackageHandleStandardArgs.cmake
                [4]	/Users/rdonnelly/opencv-build/_build_env/share/cmake-3.12/Modules/FindPythonLibs.cmake
                [3]	/Users/rdonnelly/opencv-build/work/cmake/OpenCVDetectPython.cmake
                [2]	/Users/rdonnelly/opencv-build/work/cmake/OpenCVDetectPython.cmake
                [1]	/Users/rdonnelly/opencv-build/work/CMakeLists.txt
/Users/rdonnelly/opencv-build/_build_env/share/cmake-3.12/Modules/FindPackageHandleStandardArgs.cmake(332):  unset(_VERSION_DOTS )
   Called from: [5]	/Users/rdonnelly/opencv-build/_build_env/share/cmake-3.12/Modules/FindPackageHandleStandardArgs.cmake
                [4]	/Users/rdonnelly/opencv-build/_build_env/share/cmake-3.12/Modules/FindPythonLibs.cmake
                [3]	/Users/rdonnelly/opencv-build/work/cmake/OpenCVDetectPython.cmake
                [2]	/Users/rdonnelly/opencv-build/work/cmake/OpenCVDetectPython.cmake
                [1]	/Users/rdonnelly/opencv-build/work/CMakeLists.txt
/Users/rdonnelly/opencv-build/_build_env/share/cmake-3.12/Modules/FindPackageHandleStandardArgs.cmake(360):  if(VERSION_OK )
   Called from: [5]	/Users/rdonnelly/opencv-build/_build_env/share/cmake-3.12/Modules/FindPackageHandleStandardArgs.cmake
                [4]	/Users/rdonnelly/opencv-build/_build_env/share/cmake-3.12/Modules/FindPythonLibs.cmake
                [3]	/Users/rdonnelly/opencv-build/work/cmake/OpenCVDetectPython.cmake
                [2]	/Users/rdonnelly/opencv-build/work/cmake/OpenCVDetectPython.cmake
                [1]	/Users/rdonnelly/opencv-build/work/CMakeLists.txt
/Users/rdonnelly/opencv-build/_build_env/share/cmake-3.12/Modules/FindPackageHandleStandardArgs.cmake(362):  else()
   Called from: [5]	/Users/rdonnelly/opencv-build/_build_env/share/cmake-3.12/Modules/FindPackageHandleStandardArgs.cmake
                [4]	/Users/rdonnelly/opencv-build/_build_env/share/cmake-3.12/Modules/FindPythonLibs.cmake
                [3]	/Users/rdonnelly/opencv-build/work/cmake/OpenCVDetectPython.cmake
                [2]	/Users/rdonnelly/opencv-build/work/cmake/OpenCVDetectPython.cmake
                [1]	/Users/rdonnelly/opencv-build/work/CMakeLists.txt
/Users/rdonnelly/opencv-build/_build_env/share/cmake-3.12/Modules/FindPackageHandleStandardArgs.cmake(363):  set(${_NAME}_FOUND FALSE )
   Called from: [5]	/Users/rdonnelly/opencv-build/_build_env/share/cmake-3.12/Modules/FindPackageHandleStandardArgs.cmake
                [4]	/Users/rdonnelly/opencv-build/_build_env/share/cmake-3.12/Modules/FindPythonLibs.cmake
                [3]	/Users/rdonnelly/opencv-build/work/cmake/OpenCVDetectPython.cmake
                [2]	/Users/rdonnelly/opencv-build/work/cmake/OpenCVDetectPython.cmake
                [1]	/Users/rdonnelly/opencv-build/work/CMakeLists.txt
/Users/rdonnelly/opencv-build/_build_env/share/cmake-3.12/Modules/FindPackageHandleStandardArgs.cmake(368):  if(${_NAME}_FOUND )
   Called from: [5]	/Users/rdonnelly/opencv-build/_build_env/share/cmake-3.12/Modules/FindPackageHandleStandardArgs.cmake
                [4]	/Users/rdonnelly/opencv-build/_build_env/share/cmake-3.12/Modules/FindPythonLibs.cmake
                [3]	/Users/rdonnelly/opencv-build/work/cmake/OpenCVDetectPython.cmake
                [2]	/Users/rdonnelly/opencv-build/work/cmake/OpenCVDetectPython.cmake
                [1]	/Users/rdonnelly/opencv-build/work/CMakeLists.txt
/Users/rdonnelly/opencv-build/_build_env/share/cmake-3.12/Modules/FindPackageHandleStandardArgs.cmake(370):  else()
   Called from: [5]	/Users/rdonnelly/opencv-build/_build_env/share/cmake-3.12/Modules/FindPackageHandleStandardArgs.cmake
                [4]	/Users/rdonnelly/opencv-build/_build_env/share/cmake-3.12/Modules/FindPythonLibs.cmake
                [3]	/Users/rdonnelly/opencv-build/work/cmake/OpenCVDetectPython.cmake
                [2]	/Users/rdonnelly/opencv-build/work/cmake/OpenCVDetectPython.cmake
                [1]	/Users/rdonnelly/opencv-build/work/CMakeLists.txt
/Users/rdonnelly/opencv-build/_build_env/share/cmake-3.12/Modules/FindPackageHandleStandardArgs.cmake(372):  if(FPHSA_CONFIG_MODE )
   Called from: [5]	/Users/rdonnelly/opencv-build/_build_env/share/cmake-3.12/Modules/FindPackageHandleStandardArgs.cmake
                [4]	/Users/rdonnelly/opencv-build/_build_env/share/cmake-3.12/Modules/FindPythonLibs.cmake
                [3]	/Users/rdonnelly/opencv-build/work/cmake/OpenCVDetectPython.cmake
                [2]	/Users/rdonnelly/opencv-build/work/cmake/OpenCVDetectPython.cmake
                [1]	/Users/rdonnelly/opencv-build/work/CMakeLists.txt
/Users/rdonnelly/opencv-build/_build_env/share/cmake-3.12/Modules/FindPackageHandleStandardArgs.cmake(374):  else()
   Called from: [5]	/Users/rdonnelly/opencv-build/_build_env/share/cmake-3.12/Modules/FindPackageHandleStandardArgs.cmake
                [4]	/Users/rdonnelly/opencv-build/_build_env/share/cmake-3.12/Modules/FindPythonLibs.cmake
                [3]	/Users/rdonnelly/opencv-build/work/cmake/OpenCVDetectPython.cmake
                [2]	/Users/rdonnelly/opencv-build/work/cmake/OpenCVDetectPython.cmake
                [1]	/Users/rdonnelly/opencv-build/work/CMakeLists.txt
/Users/rdonnelly/opencv-build/_build_env/share/cmake-3.12/Modules/FindPackageHandleStandardArgs.cmake(375):  if(NOT VERSION_OK )
   Called from: [5]	/Users/rdonnelly/opencv-build/_build_env/share/cmake-3.12/Modules/FindPackageHandleStandardArgs.cmake
                [4]	/Users/rdonnelly/opencv-build/_build_env/share/cmake-3.12/Modules/FindPythonLibs.cmake
                [3]	/Users/rdonnelly/opencv-build/work/cmake/OpenCVDetectPython.cmake
                [2]	/Users/rdonnelly/opencv-build/work/cmake/OpenCVDetectPython.cmake
                [1]	/Users/rdonnelly/opencv-build/work/CMakeLists.txt
/Users/rdonnelly/opencv-build/_build_env/share/cmake-3.12/Modules/FindPackageHandleStandardArgs.cmake(376):  _FPHSA_FAILURE_MESSAGE(${FPHSA_FAIL_MESSAGE}: ${VERSION_MSG} (found ${${_FIRST_REQUIRED_VAR}}) )
   Called from: [5]	/Users/rdonnelly/opencv-build/_build_env/share/cmake-3.12/Modules/FindPackageHandleStandardArgs.cmake
                [4]	/Users/rdonnelly/opencv-build/_build_env/share/cmake-3.12/Modules/FindPythonLibs.cmake
                [3]	/Users/rdonnelly/opencv-build/work/cmake/OpenCVDetectPython.cmake
                [2]	/Users/rdonnelly/opencv-build/work/cmake/OpenCVDetectPython.cmake
                [1]	/Users/rdonnelly/opencv-build/work/CMakeLists.txt
/Users/rdonnelly/opencv-build/_build_env/share/cmake-3.12/Modules/FindPackageHandleStandardArgs.cmake(136):  if(${_NAME}_FIND_REQUIRED )
   Called from: [6]	/Users/rdonnelly/opencv-build/_build_env/share/cmake-3.12/Modules/FindPackageHandleStandardArgs.cmake
                [5]	/Users/rdonnelly/opencv-build/_build_env/share/cmake-3.12/Modules/FindPackageHandleStandardArgs.cmake
                [4]	/Users/rdonnelly/opencv-build/_build_env/share/cmake-3.12/Modules/FindPythonLibs.cmake
                [3]	/Users/rdonnelly/opencv-build/work/cmake/OpenCVDetectPython.cmake
                [2]	/Users/rdonnelly/opencv-build/work/cmake/OpenCVDetectPython.cmake
                [1]	/Users/rdonnelly/opencv-build/work/CMakeLists.txt
/Users/rdonnelly/opencv-build/_build_env/share/cmake-3.12/Modules/FindPackageHandleStandardArgs.cmake(138):  else()
   Called from: [6]	/Users/rdonnelly/opencv-build/_build_env/share/cmake-3.12/Modules/FindPackageHandleStandardArgs.cmake
                [5]	/Users/rdonnelly/opencv-build/_build_env/share/cmake-3.12/Modules/FindPackageHandleStandardArgs.cmake
                [4]	/Users/rdonnelly/opencv-build/_build_env/share/cmake-3.12/Modules/FindPythonLibs.cmake
                [3]	/Users/rdonnelly/opencv-build/work/cmake/OpenCVDetectPython.cmake
                [2]	/Users/rdonnelly/opencv-build/work/cmake/OpenCVDetectPython.cmake
                [1]	/Users/rdonnelly/opencv-build/work/CMakeLists.txt
/Users/rdonnelly/opencv-build/_build_env/share/cmake-3.12/Modules/FindPackageHandleStandardArgs.cmake(139):  if(NOT ${_NAME}_FIND_QUIETLY )
   Called from: [6]	/Users/rdonnelly/opencv-build/_build_env/share/cmake-3.12/Modules/FindPackageHandleStandardArgs.cmake
                [5]	/Users/rdonnelly/opencv-build/_build_env/share/cmake-3.12/Modules/FindPackageHandleStandardArgs.cmake
                [4]	/Users/rdonnelly/opencv-build/_build_env/share/cmake-3.12/Modules/FindPythonLibs.cmake
                [3]	/Users/rdonnelly/opencv-build/work/cmake/OpenCVDetectPython.cmake
                [2]	/Users/rdonnelly/opencv-build/work/cmake/OpenCVDetectPython.cmake
                [1]	/Users/rdonnelly/opencv-build/work/CMakeLists.txt
/Users/rdonnelly/opencv-build/_build_env/share/cmake-3.12/Modules/FindPackageHandleStandardArgs.cmake(140):  message(STATUS Could NOT find PythonLibs: Found unsuitable version "2.7.6", but required is exact version "2.7.15" (found /usr/lib/libpython2.7.dylib) )
   Called from: [6]	/Users/rdonnelly/opencv-build/_build_env/share/cmake-3.12/Modules/FindPackageHandleStandardArgs.cmake
                [5]	/Users/rdonnelly/opencv-build/_build_env/share/cmake-3.12/Modules/FindPackageHandleStandardArgs.cmake
                [4]	/Users/rdonnelly/opencv-build/_build_env/share/cmake-3.12/Modules/FindPythonLibs.cmake
                [3]	/Users/rdonnelly/opencv-build/work/cmake/OpenCVDetectPython.cmake
                [2]	/Users/rdonnelly/opencv-build/work/cmake/OpenCVDetectPython.cmake
                [1]	/Users/rdonnelly/opencv-build/work/CMakeLists.txt
/Users/rdonnelly/opencv-build/_build_env/share/cmake-3.12/Modules/FindPackageHandleStandardArgs.cmake(384):  set(${_NAME}_FOUND ${${_NAME}_FOUND} PARENT_SCOPE )
   Called from: [5]	/Users/rdonnelly/opencv-build/_build_env/share/cmake-3.12/Modules/FindPackageHandleStandardArgs.cmake
                [4]	/Users/rdonnelly/opencv-build/_build_env/share/cmake-3.12/Modules/FindPythonLibs.cmake
                [3]	/Users/rdonnelly/opencv-build/work/cmake/OpenCVDetectPython.cmake
                [2]	/Users/rdonnelly/opencv-build/work/cmake/OpenCVDetectPython.cmake
                [1]	/Users/rdonnelly/opencv-build/work/CMakeLists.txt
/Users/rdonnelly/opencv-build/_build_env/share/cmake-3.12/Modules/FindPackageHandleStandardArgs.cmake(385):  set(${_NAME_UPPER}_FOUND ${${_NAME}_FOUND} PARENT_SCOPE )
   Called from: [5]	/Users/rdonnelly/opencv-build/_build_env/share/cmake-3.12/Modules/FindPackageHandleStandardArgs.cmake
                [4]	/Users/rdonnelly/opencv-build/_build_env/share/cmake-3.12/Modules/FindPythonLibs.cmake
                [3]	/Users/rdonnelly/opencv-build/work/cmake/OpenCVDetectPython.cmake
                [2]	/Users/rdonnelly/opencv-build/work/cmake/OpenCVDetectPython.cmake
                [1]	/Users/rdonnelly/opencv-build/work/CMakeLists.txt
/Users/rdonnelly/opencv-build/_build_env/share/cmake-3.12/Modules/FindPythonLibs.cmake(272):  function(PYTHON_ADD_MODULE _NAME )
   Called from: [4]	/Users/rdonnelly/opencv-build/_build_env/share/cmake-3.12/Modules/FindPythonLibs.cmake
                [3]	/Users/rdonnelly/opencv-build/work/cmake/OpenCVDetectPython.cmake
                [2]	/Users/rdonnelly/opencv-build/work/cmake/OpenCVDetectPython.cmake
                [1]	/Users/rdonnelly/opencv-build/work/CMakeLists.txt
/Users/rdonnelly/opencv-build/_build_env/share/cmake-3.12/Modules/FindPythonLibs.cmake(305):  function(PYTHON_WRITE_MODULES_HEADER _filename )
   Called from: [4]	/Users/rdonnelly/opencv-build/_build_env/share/cmake-3.12/Modules/FindPythonLibs.cmake
                [3]	/Users/rdonnelly/opencv-build/work/cmake/OpenCVDetectPython.cmake
                [2]	/Users/rdonnelly/opencv-build/work/cmake/OpenCVDetectPython.cmake
                [1]	/Users/rdonnelly/opencv-build/work/CMakeLists.txt
/Users/rdonnelly/opencv-build/work/cmake/OpenCVDetectPython.cmake(143):  if(PYTHONLIBS_FOUND )
   Called from: [3]	/Users/rdonnelly/opencv-build/work/cmake/OpenCVDetectPython.cmake
                [2]	/Users/rdonnelly/opencv-build/work/cmake/OpenCVDetectPython.cmake
                [1]	/Users/rdonnelly/opencv-build/work/CMakeLists.txt
/Users/rdonnelly/opencv-build/work/cmake/OpenCVDetectPython.cmake(158):  if(__update_python_vars )
   Called from: [3]	/Users/rdonnelly/opencv-build/work/cmake/OpenCVDetectPython.cmake
                [2]	/Users/rdonnelly/opencv-build/work/cmake/OpenCVDetectPython.cmake
                [1]	/Users/rdonnelly/opencv-build/work/CMakeLists.txt
/Users/rdonnelly/opencv-build/work/cmake/OpenCVDetectPython.cmake(160):  unset(PYTHONLIBS_FOUND )
   Called from: [3]	/Users/rdonnelly/opencv-build/work/cmake/OpenCVDetectPython.cmake
                [2]	/Users/rdonnelly/opencv-build/work/cmake/OpenCVDetectPython.cmake
                [1]	/Users/rdonnelly/opencv-build/work/CMakeLists.txt
/Users/rdonnelly/opencv-build/work/cmake/OpenCVDetectPython.cmake(161):  unset(PYTHON_LIBRARIES )
   Called from: [3]	/Users/rdonnelly/opencv-build/work/cmake/OpenCVDetectPython.cmake
                [2]	/Users/rdonnelly/opencv-build/work/cmake/OpenCVDetectPython.cmake
                [1]	/Users/rdonnelly/opencv-build/work/CMakeLists.txt
/Users/rdonnelly/opencv-build/work/cmake/OpenCVDetectPython.cmake(162):  unset(PYTHON_INCLUDE_PATH )
   Called from: [3]	/Users/rdonnelly/opencv-build/work/cmake/OpenCVDetectPython.cmake
                [2]	/Users/rdonnelly/opencv-build/work/cmake/OpenCVDetectPython.cmake
                [1]	/Users/rdonnelly/opencv-build/work/CMakeLists.txt
/Users/rdonnelly/opencv-build/work/cmake/OpenCVDetectPython.cmake(163):  unset(PYTHON_INCLUDE_DIRS )
   Called from: [3]	/Users/rdonnelly/opencv-build/work/cmake/OpenCVDetectPython.cmake
                [2]	/Users/rdonnelly/opencv-build/work/cmake/OpenCVDetectPython.cmake
                [1]	/Users/rdonnelly/opencv-build/work/CMakeLists.txt
/Users/rdonnelly/opencv-build/work/cmake/OpenCVDetectPython.cmake(164):  unset(PYTHON_DEBUG_LIBRARIES )
   Called from: [3]	/Users/rdonnelly/opencv-build/work/cmake/OpenCVDetectPython.cmake
                [2]	/Users/rdonnelly/opencv-build/work/cmake/OpenCVDetectPython.cmake
                [1]	/Users/rdonnelly/opencv-build/work/CMakeLists.txt
/Users/rdonnelly/opencv-build/work/cmake/OpenCVDetectPython.cmake(165):  unset(PYTHONLIBS_VERSION_STRING )
   Called from: [3]	/Users/rdonnelly/opencv-build/work/cmake/OpenCVDetectPython.cmake
                [2]	/Users/rdonnelly/opencv-build/work/cmake/OpenCVDetectPython.cmake
                [1]	/Users/rdonnelly/opencv-build/work/CMakeLists.txt
/Users/rdonnelly/opencv-build/work/cmake/OpenCVDetectPython.cmake(166):  unset(PYTHON_DEBUG_LIBRARY CACHE )
   Called from: [3]	/Users/rdonnelly/opencv-build/work/cmake/OpenCVDetectPython.cmake
                [2]	/Users/rdonnelly/opencv-build/work/cmake/OpenCVDetectPython.cmake
                [1]	/Users/rdonnelly/opencv-build/work/CMakeLists.txt
/Users/rdonnelly/opencv-build/work/cmake/OpenCVDetectPython.cmake(167):  unset(PYTHON_LIBRARY )
   Called from: [3]	/Users/rdonnelly/opencv-build/work/cmake/OpenCVDetectPython.cmake
                [2]	/Users/rdonnelly/opencv-build/work/cmake/OpenCVDetectPython.cmake
                [1]	/Users/rdonnelly/opencv-build/work/CMakeLists.txt
/Users/rdonnelly/opencv-build/work/cmake/OpenCVDetectPython.cmake(168):  unset(PYTHON_LIBRARY_DEBUG )
   Called from: [3]	/Users/rdonnelly/opencv-build/work/cmake/OpenCVDetectPython.cmake
                [2]	/Users/rdonnelly/opencv-build/work/cmake/OpenCVDetectPython.cmake
                [1]	/Users/rdonnelly/opencv-build/work/CMakeLists.txt
/Users/rdonnelly/opencv-build/work/cmake/OpenCVDetectPython.cmake(169):  unset(PYTHON_LIBRARY_RELEASE )
   Called from: [3]	/Users/rdonnelly/opencv-build/work/cmake/OpenCVDetectPython.cmake
                [2]	/Users/rdonnelly/opencv-build/work/cmake/OpenCVDetectPython.cmake
                [1]	/Users/rdonnelly/opencv-build/work/CMakeLists.txt
/Users/rdonnelly/opencv-build/work/cmake/OpenCVDetectPython.cmake(170):  unset(PYTHON_LIBRARY CACHE )
   Called from: [3]	/Users/rdonnelly/opencv-build/work/cmake/OpenCVDetectPython.cmake
                [2]	/Users/rdonnelly/opencv-build/work/cmake/OpenCVDetectPython.cmake
                [1]	/Users/rdonnelly/opencv-build/work/CMakeLists.txt
/Users/rdonnelly/opencv-build/work/cmake/OpenCVDetectPython.cmake(171):  unset(PYTHON_LIBRARY_DEBUG CACHE )
   Called from: [3]	/Users/rdonnelly/opencv-build/work/cmake/OpenCVDetectPython.cmake
                [2]	/Users/rdonnelly/opencv-build/work/cmake/OpenCVDetectPython.cmake
                [1]	/Users/rdonnelly/opencv-build/work/CMakeLists.txt
/Users/rdonnelly/opencv-build/work/cmake/OpenCVDetectPython.cmake(172):  unset(PYTHON_LIBRARY_RELEASE CACHE )
   Called from: [3]	/Users/rdonnelly/opencv-build/work/cmake/OpenCVDetectPython.cmake
                [2]	/Users/rdonnelly/opencv-build/work/cmake/OpenCVDetectPython.cmake
                [1]	/Users/rdonnelly/opencv-build/work/CMakeLists.txt
/Users/rdonnelly/opencv-build/work/cmake/OpenCVDetectPython.cmake(173):  unset(PYTHON_INCLUDE_DIR CACHE )
   Called from: [3]	/Users/rdonnelly/opencv-build/work/cmake/OpenCVDetectPython.cmake
                [2]	/Users/rdonnelly/opencv-build/work/cmake/OpenCVDetectPython.cmake
                [1]	/Users/rdonnelly/opencv-build/work/CMakeLists.txt
/Users/rdonnelly/opencv-build/work/cmake/OpenCVDetectPython.cmake(174):  unset(PYTHON_INCLUDE_DIR2 CACHE )
   Called from: [3]	/Users/rdonnelly/opencv-build/work/cmake/OpenCVDetectPython.cmake
                [2]	/Users/rdonnelly/opencv-build/work/cmake/OpenCVDetectPython.cmake
                [1]	/Users/rdonnelly/opencv-build/work/CMakeLists.txt
/Users/rdonnelly/opencv-build/work/cmake/OpenCVDetectPython.cmake(178):  if(NOT ANDROID AND NOT IOS )
   Called from: [3]	/Users/rdonnelly/opencv-build/work/cmake/OpenCVDetectPython.cmake
                [2]	/Users/rdonnelly/opencv-build/work/cmake/OpenCVDetectPython.cmake
                [1]	/Users/rdonnelly/opencv-build/work/CMakeLists.txt
/Users/rdonnelly/opencv-build/work/cmake/OpenCVDetectPython.cmake(179):  if(CMAKE_HOST_UNIX )
   Called from: [3]	/Users/rdonnelly/opencv-build/work/cmake/OpenCVDetectPython.cmake
                [2]	/Users/rdonnelly/opencv-build/work/cmake/OpenCVDetectPython.cmake
                [1]	/Users/rdonnelly/opencv-build/work/CMakeLists.txt
/Users/rdonnelly/opencv-build/work/cmake/OpenCVDetectPython.cmake(180):  execute_process(COMMAND ${_executable} -c from distutils.sysconfig import *; print(get_python_lib()) RESULT_VARIABLE _cvpy_process OUTPUT_VARIABLE _std_packages_path OUTPUT_STRIP_TRAILING_WHITESPACE )
   Called from: [3]	/Users/rdonnelly/opencv-build/work/cmake/OpenCVDetectPython.cmake
                [2]	/Users/rdonnelly/opencv-build/work/cmake/OpenCVDetectPython.cmake
                [1]	/Users/rdonnelly/opencv-build/work/CMakeLists.txt
/Users/rdonnelly/opencv-build/work/cmake/OpenCVDetectPython.cmake(184):  if(${_std_packages_path} MATCHES site-packages )
   Called from: [3]	/Users/rdonnelly/opencv-build/work/cmake/OpenCVDetectPython.cmake
                [2]	/Users/rdonnelly/opencv-build/work/cmake/OpenCVDetectPython.cmake
                [1]	/Users/rdonnelly/opencv-build/work/CMakeLists.txt
/Users/rdonnelly/opencv-build/work/cmake/OpenCVDetectPython.cmake(185):  set(_packages_path python${_version_major_minor}/site-packages )
   Called from: [3]	/Users/rdonnelly/opencv-build/work/cmake/OpenCVDetectPython.cmake
                [2]	/Users/rdonnelly/opencv-build/work/cmake/OpenCVDetectPython.cmake
                [1]	/Users/rdonnelly/opencv-build/work/CMakeLists.txt
/Users/rdonnelly/opencv-build/work/cmake/OpenCVDetectPython.cmake(189):  if(EXISTS ${CMAKE_INSTALL_PREFIX}/lib${LIB_SUFFIX}/${${packages_path}} )
   Called from: [3]	/Users/rdonnelly/opencv-build/work/cmake/OpenCVDetectPython.cmake
                [2]	/Users/rdonnelly/opencv-build/work/cmake/OpenCVDetectPython.cmake
                [1]	/Users/rdonnelly/opencv-build/work/CMakeLists.txt
/Users/rdonnelly/opencv-build/work/cmake/OpenCVDetectPython.cmake(190):  set(_packages_path lib${LIB_SUFFIX}/${_packages_path} )
   Called from: [3]	/Users/rdonnelly/opencv-build/work/cmake/OpenCVDetectPython.cmake
                [2]	/Users/rdonnelly/opencv-build/work/cmake/OpenCVDetectPython.cmake
                [1]	/Users/rdonnelly/opencv-build/work/CMakeLists.txt
/Users/rdonnelly/opencv-build/work/cmake/OpenCVDetectPython.cmake(209):  set(_numpy_include_dirs ${${numpy_include_dirs}} )
   Called from: [3]	/Users/rdonnelly/opencv-build/work/cmake/OpenCVDetectPython.cmake
                [2]	/Users/rdonnelly/opencv-build/work/cmake/OpenCVDetectPython.cmake
                [1]	/Users/rdonnelly/opencv-build/work/CMakeLists.txt
/Users/rdonnelly/opencv-build/work/cmake/OpenCVDetectPython.cmake(211):  if(NOT _numpy_include_dirs )
   Called from: [3]	/Users/rdonnelly/opencv-build/work/cmake/OpenCVDetectPython.cmake
                [2]	/Users/rdonnelly/opencv-build/work/cmake/OpenCVDetectPython.cmake
                [1]	/Users/rdonnelly/opencv-build/work/CMakeLists.txt
/Users/rdonnelly/opencv-build/work/cmake/OpenCVDetectPython.cmake(212):  if(CMAKE_CROSSCOMPILING )
   Called from: [3]	/Users/rdonnelly/opencv-build/work/cmake/OpenCVDetectPython.cmake
                [2]	/Users/rdonnelly/opencv-build/work/cmake/OpenCVDetectPython.cmake
                [1]	/Users/rdonnelly/opencv-build/work/CMakeLists.txt
/Users/rdonnelly/opencv-build/work/cmake/OpenCVDetectPython.cmake(221):  else()
   Called from: [3]	/Users/rdonnelly/opencv-build/work/cmake/OpenCVDetectPython.cmake
                [2]	/Users/rdonnelly/opencv-build/work/cmake/OpenCVDetectPython.cmake
                [1]	/Users/rdonnelly/opencv-build/work/CMakeLists.txt
/Users/rdonnelly/opencv-build/work/cmake/OpenCVDetectPython.cmake(223):  execute_process(COMMAND ${_executable} -c import os; os.environ['DISTUTILS_USE_SDK']='1'; import numpy.distutils; print(os.pathsep.join(numpy.distutils.misc_util.get_numpy_include_dirs())) RESULT_VARIABLE _numpy_process OUTPUT_VARIABLE _numpy_include_dirs OUTPUT_STRIP_TRAILING_WHITESPACE )
   Called from: [3]	/Users/rdonnelly/opencv-build/work/cmake/OpenCVDetectPython.cmake
                [2]	/Users/rdonnelly/opencv-build/work/cmake/OpenCVDetectPython.cmake
                [1]	/Users/rdonnelly/opencv-build/work/CMakeLists.txt
/Users/rdonnelly/opencv-build/work/cmake/OpenCVDetectPython.cmake(228):  if(NOT _numpy_process EQUAL 0 )
   Called from: [3]	/Users/rdonnelly/opencv-build/work/cmake/OpenCVDetectPython.cmake
                [2]	/Users/rdonnelly/opencv-build/work/cmake/OpenCVDetectPython.cmake
                [1]	/Users/rdonnelly/opencv-build/work/CMakeLists.txt
/Users/rdonnelly/opencv-build/work/cmake/OpenCVDetectPython.cmake(234):  if(_numpy_include_dirs )
   Called from: [3]	/Users/rdonnelly/opencv-build/work/cmake/OpenCVDetectPython.cmake
                [2]	/Users/rdonnelly/opencv-build/work/cmake/OpenCVDetectPython.cmake
                [1]	/Users/rdonnelly/opencv-build/work/CMakeLists.txt
/Users/rdonnelly/opencv-build/work/cmake/OpenCVDetectPython.cmake(235):  file(TO_CMAKE_PATH ${_numpy_include_dirs} _numpy_include_dirs )
   Called from: [3]	/Users/rdonnelly/opencv-build/work/cmake/OpenCVDetectPython.cmake
                [2]	/Users/rdonnelly/opencv-build/work/cmake/OpenCVDetectPython.cmake
                [1]	/Users/rdonnelly/opencv-build/work/CMakeLists.txt
/Users/rdonnelly/opencv-build/work/cmake/OpenCVDetectPython.cmake(236):  if(CMAKE_CROSSCOMPILING )
   Called from: [3]	/Users/rdonnelly/opencv-build/work/cmake/OpenCVDetectPython.cmake
                [2]	/Users/rdonnelly/opencv-build/work/cmake/OpenCVDetectPython.cmake
                [1]	/Users/rdonnelly/opencv-build/work/CMakeLists.txt
/Users/rdonnelly/opencv-build/work/cmake/OpenCVDetectPython.cmake(240):  else()
   Called from: [3]	/Users/rdonnelly/opencv-build/work/cmake/OpenCVDetectPython.cmake
                [2]	/Users/rdonnelly/opencv-build/work/cmake/OpenCVDetectPython.cmake
                [1]	/Users/rdonnelly/opencv-build/work/CMakeLists.txt
/Users/rdonnelly/opencv-build/work/cmake/OpenCVDetectPython.cmake(241):  execute_process(COMMAND ${_executable} -c import numpy; print(numpy.version.version) RESULT_VARIABLE _numpy_process OUTPUT_VARIABLE _numpy_version OUTPUT_STRIP_TRAILING_WHITESPACE )
   Called from: [3]	/Users/rdonnelly/opencv-build/work/cmake/OpenCVDetectPython.cmake
                [2]	/Users/rdonnelly/opencv-build/work/cmake/OpenCVDetectPython.cmake
                [1]	/Users/rdonnelly/opencv-build/work/CMakeLists.txt
/Users/rdonnelly/opencv-build/work/cmake/OpenCVDetectPython.cmake(251):  set(${found} ${_found} CACHE INTERNAL  )
   Called from: [3]	/Users/rdonnelly/opencv-build/work/cmake/OpenCVDetectPython.cmake
                [2]	/Users/rdonnelly/opencv-build/work/cmake/OpenCVDetectPython.cmake
                [1]	/Users/rdonnelly/opencv-build/work/CMakeLists.txt
/Users/rdonnelly/opencv-build/work/cmake/OpenCVDetectPython.cmake(252):  set(${executable} ${_executable} CACHE FILEPATH Path to Python interpretor )
   Called from: [3]	/Users/rdonnelly/opencv-build/work/cmake/OpenCVDetectPython.cmake
                [2]	/Users/rdonnelly/opencv-build/work/cmake/OpenCVDetectPython.cmake
                [1]	/Users/rdonnelly/opencv-build/work/CMakeLists.txt
/Users/rdonnelly/opencv-build/work/cmake/OpenCVDetectPython.cmake(253):  set(${version_string} ${_version_string} CACHE INTERNAL  )
   Called from: [3]	/Users/rdonnelly/opencv-build/work/cmake/OpenCVDetectPython.cmake
                [2]	/Users/rdonnelly/opencv-build/work/cmake/OpenCVDetectPython.cmake
                [1]	/Users/rdonnelly/opencv-build/work/CMakeLists.txt
/Users/rdonnelly/opencv-build/work/cmake/OpenCVDetectPython.cmake(254):  set(${version_major} ${_version_major} CACHE INTERNAL  )
   Called from: [3]	/Users/rdonnelly/opencv-build/work/cmake/OpenCVDetectPython.cmake
                [2]	/Users/rdonnelly/opencv-build/work/cmake/OpenCVDetectPython.cmake
                [1]	/Users/rdonnelly/opencv-build/work/CMakeLists.txt
/Users/rdonnelly/opencv-build/work/cmake/OpenCVDetectPython.cmake(255):  set(${version_minor} ${_version_minor} CACHE INTERNAL  )
   Called from: [3]	/Users/rdonnelly/opencv-build/work/cmake/OpenCVDetectPython.cmake
                [2]	/Users/rdonnelly/opencv-build/work/cmake/OpenCVDetectPython.cmake
                [1]	/Users/rdonnelly/opencv-build/work/CMakeLists.txt
/Users/rdonnelly/opencv-build/work/cmake/OpenCVDetectPython.cmake(256):  set(${libs_found} ${_libs_found} CACHE INTERNAL  )
   Called from: [3]	/Users/rdonnelly/opencv-build/work/cmake/OpenCVDetectPython.cmake
                [2]	/Users/rdonnelly/opencv-build/work/cmake/OpenCVDetectPython.cmake
                [1]	/Users/rdonnelly/opencv-build/work/CMakeLists.txt
/Users/rdonnelly/opencv-build/work/cmake/OpenCVDetectPython.cmake(257):  set(${libs_version_string} ${_libs_version_string} CACHE INTERNAL  )
   Called from: [3]	/Users/rdonnelly/opencv-build/work/cmake/OpenCVDetectPython.cmake
                [2]	/Users/rdonnelly/opencv-build/work/cmake/OpenCVDetectPython.cmake
                [1]	/Users/rdonnelly/opencv-build/work/CMakeLists.txt
/Users/rdonnelly/opencv-build/work/cmake/OpenCVDetectPython.cmake(258):  set(${libraries} ${_libraries} CACHE INTERNAL Python libraries )
   Called from: [3]	/Users/rdonnelly/opencv-build/work/cmake/OpenCVDetectPython.cmake
                [2]	/Users/rdonnelly/opencv-build/work/cmake/OpenCVDetectPython.cmake
                [1]	/Users/rdonnelly/opencv-build/work/CMakeLists.txt
/Users/rdonnelly/opencv-build/work/cmake/OpenCVDetectPython.cmake(259):  set(${library} ${_library} CACHE FILEPATH Path to Python library )
   Called from: [3]	/Users/rdonnelly/opencv-build/work/cmake/OpenCVDetectPython.cmake
                [2]	/Users/rdonnelly/opencv-build/work/cmake/OpenCVDetectPython.cmake
                [1]	/Users/rdonnelly/opencv-build/work/CMakeLists.txt
/Users/rdonnelly/opencv-build/work/cmake/OpenCVDetectPython.cmake(260):  set(${debug_libraries} ${_debug_libraries} CACHE INTERNAL  )
   Called from: [3]	/Users/rdonnelly/opencv-build/work/cmake/OpenCVDetectPython.cmake
                [2]	/Users/rdonnelly/opencv-build/work/cmake/OpenCVDetectPython.cmake
                [1]	/Users/rdonnelly/opencv-build/work/CMakeLists.txt
/Users/rdonnelly/opencv-build/work/cmake/OpenCVDetectPython.cmake(261):  set(${debug_library} ${_debug_library} CACHE FILEPATH Path to Python debug )
   Called from: [3]	/Users/rdonnelly/opencv-build/work/cmake/OpenCVDetectPython.cmake
                [2]	/Users/rdonnelly/opencv-build/work/cmake/OpenCVDetectPython.cmake
                [1]	/Users/rdonnelly/opencv-build/work/CMakeLists.txt
/Users/rdonnelly/opencv-build/work/cmake/OpenCVDetectPython.cmake(262):  set(${include_path} ${_include_path} CACHE INTERNAL  )
   Called from: [3]	/Users/rdonnelly/opencv-build/work/cmake/OpenCVDetectPython.cmake
                [2]	/Users/rdonnelly/opencv-build/work/cmake/OpenCVDetectPython.cmake
                [1]	/Users/rdonnelly/opencv-build/work/CMakeLists.txt
/Users/rdonnelly/opencv-build/work/cmake/OpenCVDetectPython.cmake(263):  set(${include_dir} ${_include_dir} CACHE PATH Python include dir )
   Called from: [3]	/Users/rdonnelly/opencv-build/work/cmake/OpenCVDetectPython.cmake
                [2]	/Users/rdonnelly/opencv-build/work/cmake/OpenCVDetectPython.cmake
                [1]	/Users/rdonnelly/opencv-build/work/CMakeLists.txt
/Users/rdonnelly/opencv-build/work/cmake/OpenCVDetectPython.cmake(264):  set(${include_dir2} ${_include_dir2} CACHE PATH Python include dir 2 )
   Called from: [3]	/Users/rdonnelly/opencv-build/work/cmake/OpenCVDetectPython.cmake
                [2]	/Users/rdonnelly/opencv-build/work/cmake/OpenCVDetectPython.cmake
                [1]	/Users/rdonnelly/opencv-build/work/CMakeLists.txt
/Users/rdonnelly/opencv-build/work/cmake/OpenCVDetectPython.cmake(265):  set(${packages_path} ${_packages_path} CACHE PATH Where to install the python packages. )
   Called from: [3]	/Users/rdonnelly/opencv-build/work/cmake/OpenCVDetectPython.cmake
                [2]	/Users/rdonnelly/opencv-build/work/cmake/OpenCVDetectPython.cmake
                [1]	/Users/rdonnelly/opencv-build/work/CMakeLists.txt
/Users/rdonnelly/opencv-build/work/cmake/OpenCVDetectPython.cmake(266):  set(${numpy_include_dirs} ${_numpy_include_dirs} CACHE PATH Path to numpy headers )
   Called from: [3]	/Users/rdonnelly/opencv-build/work/cmake/OpenCVDetectPython.cmake
                [2]	/Users/rdonnelly/opencv-build/work/cmake/OpenCVDetectPython.cmake
                [1]	/Users/rdonnelly/opencv-build/work/CMakeLists.txt
/Users/rdonnelly/opencv-build/work/cmake/OpenCVDetectPython.cmake(267):  set(${numpy_version} ${_numpy_version} CACHE INTERNAL  )
   Called from: [3]	/Users/rdonnelly/opencv-build/work/cmake/OpenCVDetectPython.cmake
                [2]	/Users/rdonnelly/opencv-build/work/cmake/OpenCVDetectPython.cmake
                [1]	/Users/rdonnelly/opencv-build/work/CMakeLists.txt
/Users/rdonnelly/opencv-build/work/cmake/OpenCVDetectPython.cmake(292):  if(PYTHON${v}INTERP_FOUND )
   Called from: [2]	/Users/rdonnelly/opencv-build/work/cmake/OpenCVDetectPython.cmake
                [1]	/Users/rdonnelly/opencv-build/work/CMakeLists.txt
/Users/rdonnelly/opencv-build/work/cmake/OpenCVDetectPython.cmake(293):  set(BUILD_opencv_python${v} ON )
   Called from: [2]	/Users/rdonnelly/opencv-build/work/cmake/OpenCVDetectPython.cmake
                [1]	/Users/rdonnelly/opencv-build/work/CMakeLists.txt
/Users/rdonnelly/opencv-build/work/cmake/OpenCVDetectPython.cmake(294):  set(HAVE_opencv_python${v} ON )
   Called from: [2]	/Users/rdonnelly/opencv-build/work/cmake/OpenCVDetectPython.cmake
                [1]	/Users/rdonnelly/opencv-build/work/CMakeLists.txt
/Users/rdonnelly/opencv-build/work/cmake/OpenCVDetectPython.cmake(295):  message(STATUS Hey ... PYTHON${v}_INCLUDE_DIR=${PYTHON${v}_INCLUDE_DIR} )
   Called from: [2]	/Users/rdonnelly/opencv-build/work/cmake/OpenCVDetectPython.cmake
                [1]	/Users/rdonnelly/opencv-build/work/CMakeLists.txt
/Users/rdonnelly/opencv-build/work/cmake/OpenCVDetectPython.cmake(280):  message(STATUS py_interp=${py_interp} )
   Called from: [2]	/Users/rdonnelly/opencv-build/work/cmake/OpenCVDetectPython.cmake
                [1]	/Users/rdonnelly/opencv-build/work/CMakeLists.txt
/Users/rdonnelly/opencv-build/work/cmake/OpenCVDetectPython.cmake(281):  execute_process(COMMAND ${py_interp} -c import sys; sys.stdout.write('%s_%s_%s' % (sys.version_info.major,sys.version_info.minor,sys.version_info.micro)) OUTPUT_VARIABLE v )
   Called from: [2]	/Users/rdonnelly/opencv-build/work/cmake/OpenCVDetectPython.cmake
                [1]	/Users/rdonnelly/opencv-build/work/CMakeLists.txt
/Users/rdonnelly/opencv-build/work/cmake/OpenCVDetectPython.cmake(282):  message(STATUS pyver=${v} )
   Called from: [2]	/Users/rdonnelly/opencv-build/work/cmake/OpenCVDetectPython.cmake
                [1]	/Users/rdonnelly/opencv-build/work/CMakeLists.txt
/Users/rdonnelly/opencv-build/work/cmake/OpenCVDetectPython.cmake(283):  list(APPEND PYTHON_INFIXES ${v} )
   Called from: [2]	/Users/rdonnelly/opencv-build/work/cmake/OpenCVDetectPython.cmake
                [1]	/Users/rdonnelly/opencv-build/work/CMakeLists.txt
/Users/rdonnelly/opencv-build/work/cmake/OpenCVDetectPython.cmake(284):  set(PYTHON${v}_EXECUTABLE ${py_interp} )
   Called from: [2]	/Users/rdonnelly/opencv-build/work/cmake/OpenCVDetectPython.cmake
                [1]	/Users/rdonnelly/opencv-build/work/CMakeLists.txt
/Users/rdonnelly/opencv-build/work/cmake/OpenCVDetectPython.cmake(285):  find_python(  PYTHON${v}_LIBRARY, PYTHON${v}_INCLUDE_DIR PYTHON${v}INTERP_FOUND PYTHON${v}_EXECUTABLE PYTHON${v}_VERSION_STRING PYTHON${v}_VERSION_MAJOR PYTHON${v}_VERSION_MINOR PYTHON${v}LIBS_FOUND PYTHON${v}LIBS_VERSION_STRING PYTHON${v}_LIBRARIES PYTHON${v}_LIBRARY PYTHON${v}_DEBUG_LIBRARIES PYTHON${v}_LIBRARY_DEBUG PYTHON${v}_INCLUDE_PATH PYTHON${v}_INCLUDE_DIR PYTHON${v}_INCLUDE_DIR2 PYTHON${v}_PACKAGES_PATH PYTHON${v}_NUMPY_INCLUDE_DIRS PYTHON${v}_NUMPY_VERSION )
   Called from: [2]	/Users/rdonnelly/opencv-build/work/cmake/OpenCVDetectPython.cmake
                [1]	/Users/rdonnelly/opencv-build/work/CMakeLists.txt
/Users/rdonnelly/opencv-build/work/cmake/OpenCVDetectPython.cmake(29):  if(NOT ${found} )
   Called from: [3]	/Users/rdonnelly/opencv-build/work/cmake/OpenCVDetectPython.cmake
                [2]	/Users/rdonnelly/opencv-build/work/cmake/OpenCVDetectPython.cmake
                [1]	/Users/rdonnelly/opencv-build/work/CMakeLists.txt
/Users/rdonnelly/opencv-build/work/cmake/OpenCVDetectPython.cmake(30):  if( ${executable} STREQUAL  PYTHON_EXECUTABLE )
   Called from: [3]	/Users/rdonnelly/opencv-build/work/cmake/OpenCVDetectPython.cmake
                [2]	/Users/rdonnelly/opencv-build/work/cmake/OpenCVDetectPython.cmake
                [1]	/Users/rdonnelly/opencv-build/work/CMakeLists.txt
/Users/rdonnelly/opencv-build/work/cmake/OpenCVDetectPython.cmake(32):  else()
   Called from: [3]	/Users/rdonnelly/opencv-build/work/cmake/OpenCVDetectPython.cmake
                [2]	/Users/rdonnelly/opencv-build/work/cmake/OpenCVDetectPython.cmake
                [1]	/Users/rdonnelly/opencv-build/work/CMakeLists.txt
/Users/rdonnelly/opencv-build/work/cmake/OpenCVDetectPython.cmake(33):  set(__update_python_vars 1 )
   Called from: [3]	/Users/rdonnelly/opencv-build/work/cmake/OpenCVDetectPython.cmake
                [2]	/Users/rdonnelly/opencv-build/work/cmake/OpenCVDetectPython.cmake
                [1]	/Users/rdonnelly/opencv-build/work/CMakeLists.txt
/Users/rdonnelly/opencv-build/work/cmake/OpenCVDetectPython.cmake(36):  ocv_check_environment_variables(${executable} )
   Called from: [3]	/Users/rdonnelly/opencv-build/work/cmake/OpenCVDetectPython.cmake
                [2]	/Users/rdonnelly/opencv-build/work/cmake/OpenCVDetectPython.cmake
                [1]	/Users/rdonnelly/opencv-build/work/CMakeLists.txt

